<?xml version="1.0" encoding="UTF-8"?>
<coverage generated="1770714151027" clover="3.2.0">
  <project timestamp="1770714151027" name="All files">
    <metrics statements="1343" coveredstatements="1310" conditionals="358" coveredconditionals="306" methods="125" coveredmethods="116" elements="1826" coveredelements="1732" complexity="0" loc="1343" ncloc="1343" packages="2" files="13" classes="13"/>
    <package name="components.canvas">
      <metrics statements="67" coveredstatements="54" conditionals="78" coveredconditionals="59" methods="15" coveredmethods="11"/>
      <file name="ExportDialog.tsx" path="/Users/junmengye/make-real/src/components/canvas/ExportDialog.tsx">
        <metrics statements="67" coveredstatements="54" conditionals="78" coveredconditionals="59" methods="15" coveredmethods="11"/>
        <line num="11" count="1" type="stmt"/>
        <line num="14" count="1" type="stmt"/>
        <line num="40" count="1" type="stmt"/>
        <line num="45" count="52" type="stmt"/>
        <line num="46" count="52" type="stmt"/>
        <line num="47" count="52" type="stmt"/>
        <line num="48" count="52" type="stmt"/>
        <line num="51" count="52" type="stmt"/>
        <line num="52" count="20" type="cond" truecount="4" falsecount="0"/>
        <line num="53" count="19" type="stmt"/>
        <line num="54" count="19" type="stmt"/>
        <line num="55" count="19" type="stmt"/>
        <line num="59" count="52" type="stmt"/>
        <line num="60" count="5" type="cond" truecount="1" falsecount="1"/>
        <line num="61" count="0" type="stmt"/>
        <line num="62" count="0" type="stmt"/>
        <line num="65" count="5" type="cond" truecount="1" falsecount="1"/>
        <line num="66" count="0" type="stmt"/>
        <line num="67" count="0" type="stmt"/>
        <line num="70" count="5" type="stmt"/>
        <line num="71" count="5" type="stmt"/>
        <line num="73" count="5" type="stmt"/>
        <line num="74" count="5" type="stmt"/>
        <line num="79" count="5" type="stmt"/>
        <line num="82" count="3" type="stmt"/>
        <line num="84" count="1" type="cond" truecount="1" falsecount="1"/>
        <line num="87" count="1" type="stmt"/>
        <line num="89" count="4" type="stmt"/>
        <line num="93" count="52" type="stmt"/>
        <line num="94" count="2" type="cond" truecount="4" falsecount="0"/>
        <line num="95" count="1" type="stmt"/>
        <line num="96" count="1" type="cond" truecount="1" falsecount="1"/>
        <line num="97" count="1" type="stmt"/>
        <line num="101" count="52" type="cond" truecount="2" falsecount="0"/>
        <line num="102" count="1" type="stmt"/>
        <line num="105" count="51" type="stmt"/>
        <line num="130" count="8" type="stmt"/>
        <line num="173" count="3" type="stmt"/>
        <line num="186" count="0" type="stmt"/>
        <line num="189" count="0" type="stmt"/>
        <line num="335" count="1" type="stmt"/>
        <line num="345" count="153" type="stmt"/>
        <line num="361" count="0" type="cond" truecount="0" falsecount="4"/>
        <line num="362" count="0" type="stmt"/>
        <line num="366" count="0" type="cond" truecount="0" falsecount="4"/>
        <line num="367" count="0" type="stmt"/>
        <line num="377" count="2" type="stmt"/>
        <line num="446" count="19" type="stmt"/>
        <line num="447" count="19" type="stmt"/>
        <line num="449" count="19" type="cond" truecount="1" falsecount="1"/>
        <line num="450" count="0" type="stmt"/>
        <line num="454" count="19" type="stmt"/>
        <line num="455" count="19" type="cond" truecount="1" falsecount="1"/>
        <line num="458" count="19" type="stmt"/>
        <line num="459" count="19" type="cond" truecount="4" falsecount="0"/>
        <line num="460" count="17" type="stmt"/>
        <line num="464" count="2" type="stmt"/>
        <line num="465" count="2" type="cond" truecount="4" falsecount="0"/>
        <line num="466" count="1" type="stmt"/>
        <line num="470" count="1" type="stmt"/>
        <line num="471" count="1" type="cond" truecount="2" falsecount="2"/>
        <line num="472" count="0" type="stmt"/>
        <line num="475" count="1" type="stmt"/>
        <line num="476" count="1" type="cond" truecount="2" falsecount="2"/>
        <line num="477" count="0" type="stmt"/>
        <line num="480" count="1" type="stmt"/>
        <line num="490" count="18" type="cond" truecount="1" falsecount="1"/>
      </file>
    </package>
    <package name="utils.export">
      <metrics statements="1276" coveredstatements="1256" conditionals="280" coveredconditionals="247" methods="110" coveredmethods="105"/>
      <file name="cssExtractor.ts" path="/Users/junmengye/make-real/src/utils/export/cssExtractor.ts">
        <metrics statements="36" coveredstatements="36" conditionals="14" coveredconditionals="13" methods="12" coveredmethods="12"/>
        <line num="22" count="4" type="stmt"/>
        <line num="24" count="14" type="cond" truecount="2" falsecount="0"/>
        <line num="25" count="2" type="stmt"/>
        <line num="26" count="2" type="cond" truecount="2" falsecount="0"/>
        <line num="27" count="1" type="stmt"/>
        <line num="29" count="2" type="stmt"/>
        <line num="36" count="12" type="stmt"/>
        <line num="39" count="12" type="stmt"/>
        <line num="40" count="26" type="stmt"/>
        <line num="41" count="26" type="stmt"/>
        <line num="42" count="49" type="cond" truecount="2" falsecount="0"/>
        <line num="43" count="33" type="stmt"/>
        <line num="45" count="49" type="stmt"/>
        <line num="50" count="12" type="stmt"/>
        <line num="51" count="12" type="stmt"/>
        <line num="54" count="12" type="stmt"/>
        <line num="55" count="26" type="stmt"/>
        <line num="59" count="12" type="stmt"/>
        <line num="60" count="33" type="cond" truecount="2" falsecount="0"/>
        <line num="62" count="13" type="stmt"/>
        <line num="65" count="20" type="stmt"/>
        <line num="66" count="20" type="stmt"/>
        <line num="71" count="12" type="stmt"/>
        <line num="72" count="12" type="stmt"/>
        <line num="74" count="12" type="stmt"/>
        <line num="75" count="26" type="cond" truecount="1" falsecount="1"/>
        <line num="76" count="26" type="stmt"/>
        <line num="79" count="12" type="stmt"/>
        <line num="93" count="26" type="cond" truecount="4" falsecount="0"/>
        <line num="94" count="1" type="stmt"/>
        <line num="98" count="25" type="stmt"/>
        <line num="100" count="76" type="stmt"/>
        <line num="101" count="76" type="stmt"/>
        <line num="102" count="49" type="stmt"/>
        <line num="105" count="49" type="stmt"/>
        <line num="117" count="49" type="stmt"/>
      </file>
      <file name="designSystemResolver.ts" path="/Users/junmengye/make-real/src/utils/export/designSystemResolver.ts">
        <metrics statements="19" coveredstatements="18" conditionals="10" coveredconditionals="9" methods="2" coveredmethods="2"/>
        <line num="9" count="4" type="stmt"/>
        <line num="35" count="4" type="stmt"/>
        <line num="38" count="24" type="stmt"/>
        <line num="39" count="24" type="stmt"/>
        <line num="41" count="24" type="stmt"/>
        <line num="43" count="136" type="cond" truecount="4" falsecount="0"/>
        <line num="44" count="6" type="stmt"/>
        <line num="47" count="130" type="stmt"/>
        <line num="49" count="130" type="stmt"/>
        <line num="52" count="129" type="cond" truecount="1" falsecount="1"/>
        <line num="53" count="0" type="stmt"/>
        <line num="57" count="129" type="stmt"/>
        <line num="60" count="129" type="stmt"/>
        <line num="62" count="250" type="cond" truecount="4" falsecount="0"/>
        <line num="63" count="7" type="stmt"/>
        <line num="66" count="243" type="stmt"/>
        <line num="72" count="1" type="stmt"/>
        <line num="73" count="1" type="stmt"/>
        <line num="77" count="24" type="stmt"/>
      </file>
      <file name="exportPipeline.ts" path="/Users/junmengye/make-real/src/utils/export/exportPipeline.ts">
        <metrics statements="80" coveredstatements="76" conditionals="24" coveredconditionals="17" methods="6" coveredmethods="6"/>
        <line num="21" count="2" type="stmt"/>
        <line num="22" count="2" type="stmt"/>
        <line num="23" count="2" type="stmt"/>
        <line num="24" count="2" type="stmt"/>
        <line num="25" count="2" type="stmt"/>
        <line num="26" count="2" type="stmt"/>
        <line num="27" count="2" type="stmt"/>
        <line num="28" count="2" type="stmt"/>
        <line num="29" count="2" type="stmt"/>
        <line num="30" count="2" type="stmt"/>
        <line num="65" count="2" type="stmt"/>
        <line num="69" count="15" type="stmt"/>
        <line num="71" count="15" type="stmt"/>
        <line num="73" count="15" type="stmt"/>
        <line num="74" count="15" type="stmt"/>
        <line num="77" count="15" type="cond" truecount="2" falsecount="0"/>
        <line num="78" count="1" type="stmt"/>
        <line num="79" count="1" type="stmt"/>
        <line num="80" count="1" type="stmt"/>
        <line num="81" count="1" type="stmt"/>
        <line num="84" count="14" type="stmt"/>
        <line num="85" count="16" type="stmt"/>
        <line num="88" count="14" type="stmt"/>
        <line num="89" count="14" type="stmt"/>
        <line num="91" count="14" type="stmt"/>
        <line num="93" count="16" type="stmt"/>
        <line num="94" count="16" type="cond" truecount="2" falsecount="0"/>
        <line num="95" count="16" type="stmt"/>
        <line num="98" count="16" type="stmt"/>
        <line num="101" count="16" type="stmt"/>
        <line num="107" count="14" type="stmt"/>
        <line num="110" count="14" type="stmt"/>
        <line num="111" count="14" type="stmt"/>
        <line num="112" count="12" type="stmt"/>
        <line num="115" count="12" type="stmt"/>
        <line num="116" count="14" type="stmt"/>
        <line num="117" count="14" type="stmt"/>
        <line num="121" count="12" type="stmt"/>
        <line num="124" count="12" type="stmt"/>
        <line num="125" count="12" type="stmt"/>
        <line num="126" count="12" type="stmt"/>
        <line num="129" count="12" type="stmt"/>
        <line num="130" count="12" type="stmt"/>
        <line num="131" count="12" type="stmt"/>
        <line num="134" count="12" type="stmt"/>
        <line num="137" count="12" type="cond" truecount="4" falsecount="0"/>
        <line num="139" count="7" type="stmt"/>
        <line num="147" count="7" type="stmt"/>
        <line num="150" count="2" type="stmt"/>
        <line num="158" count="2" type="stmt"/>
        <line num="161" count="2" type="stmt"/>
        <line num="169" count="2" type="stmt"/>
        <line num="172" count="1" type="stmt"/>
        <line num="175" count="11" type="stmt"/>
        <line num="178" count="11" type="stmt"/>
        <line num="179" count="11" type="stmt"/>
        <line num="180" count="11" type="stmt"/>
        <line num="182" count="11" type="stmt"/>
        <line num="184" count="3" type="stmt"/>
        <line num="187" count="3" type="cond" truecount="2" falsecount="0"/>
        <line num="191" count="3" type="stmt"/>
        <line num="194" count="3" type="stmt"/>
        <line num="212" count="16" type="stmt"/>
        <line num="214" count="16" type="stmt"/>
        <line num="215" count="2" type="cond" truecount="1" falsecount="1"/>
        <line num="217" count="2" type="stmt"/>
        <line num="218" count="2" type="stmt"/>
        <line num="222" count="2" type="stmt"/>
        <line num="223" count="2" type="stmt"/>
        <line num="225" count="2" type="cond" truecount="1" falsecount="1"/>
        <line num="226" count="2" type="cond" truecount="1" falsecount="1"/>
        <line num="227" count="2" type="stmt"/>
        <line num="230" count="2" type="cond" truecount="2" falsecount="2"/>
        <line num="231" count="2" type="stmt"/>
        <line num="236" count="0" type="stmt"/>
        <line num="238" count="0" type="stmt"/>
        <line num="239" count="0" type="cond" truecount="0" falsecount="2"/>
        <line num="241" count="0" type="stmt"/>
        <line num="246" count="14" type="stmt"/>
        <line num="256" count="11" type="cond" truecount="2" falsecount="0"/>
      </file>
      <file name="index.ts" path="/Users/junmengye/make-real/src/utils/export/index.ts">
        <metrics statements="11" coveredstatements="11" conditionals="0" coveredconditionals="0" methods="11" coveredmethods="11"/>
        <line num="11" count="11" type="stmt"/>
        <line num="14" count="6" type="stmt"/>
        <line num="15" count="6" type="stmt"/>
        <line num="16" count="6" type="stmt"/>
        <line num="17" count="6" type="stmt"/>
        <line num="18" count="6" type="stmt"/>
        <line num="19" count="6" type="stmt"/>
        <line num="22" count="6" type="stmt"/>
        <line num="23" count="6" type="stmt"/>
        <line num="24" count="6" type="stmt"/>
        <line num="27" count="6" type="stmt"/>
      </file>
      <file name="linkConverter.ts" path="/Users/junmengye/make-real/src/utils/export/linkConverter.ts">
        <metrics statements="49" coveredstatements="46" conditionals="34" coveredconditionals="27" methods="8" coveredmethods="8"/>
        <line num="46" count="26" type="stmt"/>
        <line num="53" count="26" type="stmt"/>
        <line num="55" count="1" type="stmt"/>
        <line num="57" count="1" type="stmt"/>
        <line num="64" count="26" type="stmt"/>
        <line num="69" count="26" type="stmt"/>
        <line num="115" count="4" type="stmt"/>
        <line num="121" count="26" type="stmt"/>
        <line num="124" count="26" type="stmt"/>
        <line num="127" count="26" type="cond" truecount="2" falsecount="0"/>
        <line num="130" count="20" type="stmt"/>
        <line num="134" count="21" type="cond" truecount="2" falsecount="0"/>
        <line num="137" count="15" type="cond" truecount="2" falsecount="0"/>
        <line num="138" count="14" type="stmt"/>
        <line num="140" count="1" type="stmt"/>
        <line num="144" count="6" type="cond" truecount="1" falsecount="1"/>
        <line num="146" count="6" type="stmt"/>
        <line num="149" count="6" type="cond" truecount="2" falsecount="0"/>
        <line num="150" count="1" type="stmt"/>
        <line num="152" count="1" type="stmt"/>
        <line num="155" count="5" type="stmt"/>
        <line num="159" count="6" type="stmt"/>
        <line num="160" count="6" type="cond" truecount="2" falsecount="0"/>
        <line num="161" count="2" type="stmt"/>
        <line num="164" count="2" type="stmt"/>
        <line num="165" count="2" type="cond" truecount="4" falsecount="0"/>
        <line num="166" count="2" type="stmt"/>
        <line num="170" count="4" type="stmt"/>
        <line num="174" count="6" type="cond" truecount="1" falsecount="1"/>
        <line num="175" count="6" type="stmt"/>
        <line num="178" count="6" type="stmt"/>
        <line num="180" count="0" type="stmt"/>
        <line num="184" count="6" type="cond" truecount="2" falsecount="0"/>
        <line num="187" count="3" type="stmt"/>
        <line num="190" count="5" type="cond" truecount="2" falsecount="0"/>
        <line num="192" count="3" type="cond" truecount="1" falsecount="1"/>
        <line num="193" count="3" type="stmt"/>
        <line num="197" count="2" type="cond" truecount="1" falsecount="1"/>
        <line num="198" count="2" type="stmt"/>
        <line num="201" count="0" type="stmt"/>
        <line num="204" count="3" type="cond" truecount="1" falsecount="1"/>
        <line num="206" count="3" type="stmt"/>
        <line num="209" count="5" type="cond" truecount="2" falsecount="0"/>
        <line num="211" count="3" type="cond" truecount="1" falsecount="1"/>
        <line num="212" count="3" type="stmt"/>
        <line num="216" count="2" type="cond" truecount="1" falsecount="1"/>
        <line num="217" count="2" type="stmt"/>
        <line num="220" count="0" type="stmt"/>
        <line num="225" count="26" type="stmt"/>
      </file>
      <file name="mockDataGenerator.ts" path="/Users/junmengye/make-real/src/utils/export/mockDataGenerator.ts">
        <metrics statements="103" coveredstatements="93" conditionals="54" coveredconditionals="45" methods="17" coveredmethods="14"/>
        <line num="25" count="4" type="stmt"/>
        <line num="26" count="39" type="stmt"/>
        <line num="27" count="39" type="stmt"/>
        <line num="30" count="39" type="stmt"/>
        <line num="31" count="40" type="cond" truecount="2" falsecount="0"/>
        <line num="34" count="39" type="stmt"/>
        <line num="35" count="39" type="stmt"/>
        <line num="36" count="41" type="stmt"/>
        <line num="37" count="41" type="cond" truecount="2" falsecount="0"/>
        <line num="38" count="39" type="stmt"/>
        <line num="39" count="39" type="stmt"/>
        <line num="44" count="39" type="stmt"/>
        <line num="45" count="39" type="stmt"/>
        <line num="46" count="4" type="stmt"/>
        <line num="47" count="4" type="cond" truecount="1" falsecount="1"/>
        <line num="48" count="4" type="stmt"/>
        <line num="49" count="4" type="stmt"/>
        <line num="55" count="39" type="cond" truecount="2" falsecount="0"/>
        <line num="56" count="3" type="stmt"/>
        <line num="64" count="36" type="stmt"/>
        <line num="65" count="36" type="stmt"/>
        <line num="66" count="43" type="stmt"/>
        <line num="67" count="43" type="stmt"/>
        <line num="68" count="43" type="stmt"/>
        <line num="72" count="36" type="stmt"/>
        <line num="74" count="36" type="stmt"/>
        <line num="94" count="39" type="stmt"/>
        <line num="98" count="39" type="stmt"/>
        <line num="101" count="39" type="stmt"/>
        <line num="102" count="41" type="stmt"/>
        <line num="103" count="41" type="stmt"/>
        <line num="107" count="41" type="stmt"/>
        <line num="108" count="41" type="stmt"/>
        <line num="112" count="41" type="stmt"/>
        <line num="115" count="41" type="cond" truecount="2" falsecount="0"/>
        <line num="117" count="8" type="stmt"/>
        <line num="118" count="8" type="cond" truecount="1" falsecount="1"/>
        <line num="119" count="8" type="stmt"/>
        <line num="124" count="41" type="stmt"/>
        <line num="125" count="41" type="cond" truecount="1" falsecount="1"/>
        <line num="126" count="41" type="stmt"/>
        <line num="127" count="41" type="stmt"/>
        <line num="131" count="39" type="stmt"/>
        <line num="145" count="39" type="stmt"/>
        <line num="148" count="39" type="stmt"/>
        <line num="151" count="39" type="stmt"/>
        <line num="152" count="4" type="stmt"/>
        <line num="153" count="4" type="stmt"/>
        <line num="156" count="4" type="stmt"/>
        <line num="157" count="4" type="cond" truecount="1" falsecount="1"/>
        <line num="158" count="4" type="stmt"/>
        <line num="159" count="4" type="stmt"/>
        <line num="163" count="39" type="stmt"/>
        <line num="179" count="45" type="stmt"/>
        <line num="181" count="45" type="stmt"/>
        <line num="184" count="45" type="cond" truecount="4" falsecount="0"/>
        <line num="185" count="1" type="stmt"/>
        <line num="186" count="1" type="stmt"/>
        <line num="190" count="45" type="cond" truecount="2" falsecount="0"/>
        <line num="191" count="1" type="stmt"/>
        <line num="194" count="45" type="stmt"/>
        <line num="197" count="0" type="stmt"/>
        <line num="198" count="0" type="cond" truecount="0" falsecount="2"/>
        <line num="199" count="0" type="stmt"/>
        <line num="201" count="0" type="stmt"/>
        <line num="221" count="88" type="stmt"/>
        <line num="224" count="88" type="cond" truecount="5" falsecount="0"/>
        <line num="225" count="18" type="stmt"/>
        <line num="233" count="70" type="cond" truecount="2" falsecount="0"/>
        <line num="235" count="42" type="cond" truecount="4" falsecount="0"/>
        <line num="236" count="2" type="stmt"/>
        <line num="238" count="40" type="stmt"/>
        <line num="241" count="28" type="cond" truecount="2" falsecount="0"/>
        <line num="242" count="14" type="cond" truecount="1" falsecount="1"/>
        <line num="243" count="0" type="stmt"/>
        <line num="245" count="14" type="stmt"/>
        <line num="248" count="14" type="cond" truecount="2" falsecount="0"/>
        <line num="249" count="6" type="stmt"/>
        <line num="252" count="8" type="cond" truecount="2" falsecount="0"/>
        <line num="253" count="2" type="cond" truecount="1" falsecount="1"/>
        <line num="254" count="0" type="stmt"/>
        <line num="256" count="2" type="stmt"/>
        <line num="259" count="6" type="cond" truecount="5" falsecount="0"/>
        <line num="260" count="2" type="cond" truecount="1" falsecount="1"/>
        <line num="261" count="0" type="stmt"/>
        <line num="263" count="2" type="stmt"/>
        <line num="266" count="4" type="cond" truecount="2" falsecount="0"/>
        <line num="267" count="2" type="stmt"/>
        <line num="271" count="2" type="stmt"/>
        <line num="283" count="40" type="stmt"/>
        <line num="317" count="2" type="stmt"/>
        <line num="332" count="14" type="stmt"/>
        <line num="369" count="0" type="stmt"/>
        <line num="386" count="6" type="stmt"/>
        <line num="415" count="2" type="stmt"/>
        <line num="442" count="0" type="stmt"/>
        <line num="476" count="2" type="stmt"/>
        <line num="507" count="0" type="stmt"/>
        <line num="524" count="2" type="stmt"/>
        <line num="556" count="36" type="stmt"/>
        <line num="557" count="43" type="stmt"/>
        <line num="558" count="43" type="stmt"/>
        <line num="561" count="36" type="stmt"/>
      </file>
      <file name="overrideApplier.ts" path="/Users/junmengye/make-real/src/utils/export/overrideApplier.ts">
        <metrics statements="34" coveredstatements="32" conditionals="14" coveredconditionals="14" methods="2" coveredmethods="2"/>
        <line num="51" count="4" type="stmt"/>
        <line num="56" count="12" type="cond" truecount="4" falsecount="0"/>
        <line num="57" count="1" type="stmt"/>
        <line num="66" count="11" type="stmt"/>
        <line num="67" count="11" type="stmt"/>
        <line num="70" count="11" type="stmt"/>
        <line num="71" count="11" type="stmt"/>
        <line num="74" count="11" type="stmt"/>
        <line num="75" count="13" type="stmt"/>
        <line num="77" count="13" type="stmt"/>
        <line num="79" count="13" type="cond" truecount="2" falsecount="0"/>
        <line num="81" count="2" type="stmt"/>
        <line num="84" count="2" type="stmt"/>
        <line num="85" count="2" type="stmt"/>
        <line num="91" count="11" type="cond" truecount="2" falsecount="0"/>
        <line num="92" count="8" type="stmt"/>
        <line num="96" count="11" type="cond" truecount="2" falsecount="0"/>
        <line num="97" count="2" type="stmt"/>
        <line num="98" count="2" type="stmt"/>
        <line num="100" count="4" type="stmt"/>
        <line num="101" count="2" type="stmt"/>
        <line num="103" count="4" type="stmt"/>
        <line num="108" count="11" type="cond" truecount="2" falsecount="0"/>
        <line num="109" count="1" type="stmt"/>
        <line num="113" count="11" type="cond" truecount="2" falsecount="0"/>
        <line num="114" count="2" type="stmt"/>
        <line num="115" count="4" type="stmt"/>
        <line num="119" count="11" type="stmt"/>
        <line num="122" count="0" type="stmt"/>
        <line num="126" count="0" type="stmt"/>
        <line num="131" count="11" type="stmt"/>
        <line num="136" count="11" type="stmt"/>
        <line num="137" count="11" type="stmt"/>
        <line num="140" count="11" type="stmt"/>
      </file>
      <file name="reactConverter.ts" path="/Users/junmengye/make-real/src/utils/export/reactConverter.ts">
        <metrics statements="314" coveredstatements="314" conditionals="32" coveredconditionals="31" methods="16" coveredmethods="15"/>
        <line num="44" count="4" type="stmt"/>
        <line num="52" count="35" type="stmt"/>
        <line num="55" count="35" type="stmt"/>
        <line num="56" count="35" type="stmt"/>
        <line num="59" count="35" type="stmt"/>
        <line num="60" count="63" type="stmt"/>
        <line num="61" count="63" type="stmt"/>
        <line num="66" count="63" type="stmt"/>
        <line num="70" count="35" type="stmt"/>
        <line num="71" count="35" type="stmt"/>
        <line num="74" count="35" type="stmt"/>
        <line num="75" count="35" type="stmt"/>
        <line num="78" count="35" type="cond" truecount="2" falsecount="0"/>
        <line num="79" count="28" type="stmt"/>
        <line num="83" count="35" type="stmt"/>
        <line num="84" count="35" type="stmt"/>
        <line num="87" count="35" type="cond" truecount="2" falsecount="0"/>
        <line num="89" count="2" type="stmt"/>
        <line num="92" count="2" type="stmt"/>
        <line num="94" count="2" type="cond" truecount="1" falsecount="1"/>
        <line num="97" count="2" type="stmt"/>
        <line num="102" count="35" type="stmt"/>
        <line num="103" count="35" type="stmt"/>
        <line num="106" count="35" type="stmt"/>
        <line num="107" count="35" type="stmt"/>
        <line num="109" count="35" type="stmt"/>
        <line num="120" count="247" type="stmt"/>
        <line num="122" count="255" type="stmt"/>
        <line num="135" count="121" type="cond" truecount="2" falsecount="0"/>
        <line num="136" count="63" type="stmt"/>
        <line num="138" count="58" type="stmt"/>
        <line num="148" count="35" type="stmt"/>
        <line num="150" count="35" type="stmt"/>
        <line num="177" count="35" type="stmt"/>
        <line num="196" count="63" type="cond" truecount="2" falsecount="0"/>
        <line num="197" count="63" type="cond" truecount="2" falsecount="0"/>
        <line num="199" count="63" type="stmt"/>
        <line num="202" count="63" type="cond" truecount="2" falsecount="0"/>
        <line num="203" count="57" type="stmt"/>
        <line num="205" count="6" type="stmt"/>
        <line num="207" count="63" type="stmt"/>
        <line num="210" count="63" type="stmt"/>
        <line num="213" count="63" type="cond" truecount="2" falsecount="0"/>
        <line num="214" count="57" type="stmt"/>
        <line num="215" count="57" type="stmt"/>
        <line num="216" count="57" type="stmt"/>
        <line num="218" count="57" type="stmt"/>
        <line num="220" count="57" type="stmt"/>
        <line num="222" count="57" type="stmt"/>
        <line num="223" count="57" type="stmt"/>
        <line num="224" count="57" type="stmt"/>
        <line num="225" count="57" type="stmt"/>
        <line num="226" count="57" type="stmt"/>
        <line num="227" count="57" type="stmt"/>
        <line num="231" count="63" type="stmt"/>
        <line num="232" count="63" type="stmt"/>
        <line num="235" count="63" type="cond" truecount="2" falsecount="0"/>
        <line num="236" count="57" type="stmt"/>
        <line num="237" count="57" type="stmt"/>
        <line num="239" count="57" type="stmt"/>
        <line num="241" count="57" type="stmt"/>
        <line num="243" count="57" type="stmt"/>
        <line num="244" count="57" type="stmt"/>
        <line num="245" count="57" type="stmt"/>
        <line num="249" count="63" type="stmt"/>
        <line num="250" count="63" type="stmt"/>
        <line num="251" count="63" type="stmt"/>
        <line num="253" count="63" type="stmt"/>
        <line num="255" count="63" type="stmt"/>
        <line num="257" count="63" type="stmt"/>
        <line num="259" count="63" type="stmt"/>
        <line num="260" count="63" type="stmt"/>
        <line num="261" count="63" type="stmt"/>
        <line num="262" count="63" type="stmt"/>
        <line num="263" count="63" type="stmt"/>
        <line num="264" count="63" type="stmt"/>
        <line num="265" count="63" type="stmt"/>
        <line num="266" count="63" type="stmt"/>
        <line num="269" count="63" type="stmt"/>
        <line num="271" count="63" type="stmt"/>
        <line num="283" count="35" type="stmt"/>
        <line num="286" count="35" type="stmt"/>
        <line num="287" count="35" type="stmt"/>
        <line num="290" count="35" type="stmt"/>
        <line num="291" count="63" type="stmt"/>
        <line num="292" count="63" type="stmt"/>
        <line num="296" count="35" type="stmt"/>
        <line num="297" count="35" type="stmt"/>
        <line num="300" count="35" type="stmt"/>
        <line num="301" count="35" type="stmt"/>
        <line num="302" count="35" type="stmt"/>
        <line num="303" count="35" type="stmt"/>
        <line num="306" count="35" type="cond" truecount="2" falsecount="0"/>
        <line num="307" count="29" type="stmt"/>
        <line num="308" count="29" type="stmt"/>
        <line num="309" count="29" type="stmt"/>
        <line num="310" count="58" type="stmt"/>
        <line num="311" count="58" type="stmt"/>
        <line num="312" count="58" type="stmt"/>
        <line num="313" count="58" type="stmt"/>
        <line num="314" count="58" type="stmt"/>
        <line num="316" count="29" type="stmt"/>
        <line num="317" count="29" type="stmt"/>
        <line num="318" count="29" type="stmt"/>
        <line num="322" count="35" type="stmt"/>
        <line num="323" count="35" type="stmt"/>
        <line num="324" count="63" type="stmt"/>
        <line num="325" count="63" type="stmt"/>
        <line num="326" count="63" type="stmt"/>
        <line num="327" count="63" type="stmt"/>
        <line num="329" count="35" type="stmt"/>
        <line num="330" count="35" type="stmt"/>
        <line num="331" count="35" type="stmt"/>
        <line num="332" count="35" type="stmt"/>
        <line num="333" count="35" type="stmt"/>
        <line num="334" count="35" type="stmt"/>
        <line num="335" count="35" type="stmt"/>
        <line num="337" count="35" type="stmt"/>
        <line num="346" count="35" type="stmt"/>
        <line num="348" count="35" type="stmt"/>
        <line num="349" count="35" type="stmt"/>
        <line num="350" count="35" type="stmt"/>
        <line num="351" count="35" type="stmt"/>
        <line num="352" count="35" type="stmt"/>
        <line num="353" count="35" type="stmt"/>
        <line num="354" count="35" type="stmt"/>
        <line num="355" count="35" type="stmt"/>
        <line num="356" count="35" type="stmt"/>
        <line num="357" count="35" type="stmt"/>
        <line num="359" count="35" type="stmt"/>
        <line num="373" count="35" type="stmt"/>
        <line num="375" count="35" type="stmt"/>
        <line num="376" count="35" type="stmt"/>
        <line num="377" count="35" type="stmt"/>
        <line num="378" count="35" type="stmt"/>
        <line num="379" count="35" type="stmt"/>
        <line num="380" count="35" type="stmt"/>
        <line num="381" count="35" type="stmt"/>
        <line num="382" count="35" type="stmt"/>
        <line num="383" count="35" type="stmt"/>
        <line num="386" count="35" type="cond" truecount="2" falsecount="0"/>
        <line num="387" count="34" type="stmt"/>
        <line num="388" count="34" type="stmt"/>
        <line num="389" count="34" type="stmt"/>
        <line num="391" count="34" type="stmt"/>
        <line num="395" count="35" type="cond" truecount="2" falsecount="0"/>
        <line num="396" count="34" type="stmt"/>
        <line num="397" count="34" type="stmt"/>
        <line num="398" count="34" type="stmt"/>
        <line num="400" count="34" type="stmt"/>
        <line num="403" count="35" type="stmt"/>
        <line num="404" count="35" type="stmt"/>
        <line num="405" count="35" type="stmt"/>
        <line num="406" count="35" type="stmt"/>
        <line num="407" count="35" type="stmt"/>
        <line num="408" count="35" type="stmt"/>
        <line num="410" count="35" type="stmt"/>
        <line num="421" count="35" type="stmt"/>
        <line num="423" count="35" type="stmt"/>
        <line num="424" count="35" type="stmt"/>
        <line num="425" count="35" type="stmt"/>
        <line num="426" count="35" type="stmt"/>
        <line num="429" count="35" type="stmt"/>
        <line num="430" count="35" type="stmt"/>
        <line num="431" count="35" type="stmt"/>
        <line num="432" count="35" type="stmt"/>
        <line num="433" count="35" type="stmt"/>
        <line num="434" count="35" type="stmt"/>
        <line num="435" count="35" type="stmt"/>
        <line num="436" count="35" type="cond" truecount="2" falsecount="0"/>
        <line num="437" count="2" type="stmt"/>
        <line num="438" count="2" type="stmt"/>
        <line num="439" count="2" type="stmt"/>
        <line num="441" count="35" type="stmt"/>
        <line num="442" count="35" type="stmt"/>
        <line num="443" count="35" type="stmt"/>
        <line num="444" count="35" type="stmt"/>
        <line num="445" count="35" type="stmt"/>
        <line num="446" count="35" type="stmt"/>
        <line num="447" count="35" type="stmt"/>
        <line num="448" count="35" type="stmt"/>
        <line num="449" count="35" type="stmt"/>
        <line num="452" count="35" type="stmt"/>
        <line num="453" count="35" type="stmt"/>
        <line num="454" count="35" type="stmt"/>
        <line num="455" count="35" type="stmt"/>
        <line num="456" count="35" type="stmt"/>
        <line num="457" count="35" type="stmt"/>
        <line num="458" count="35" type="stmt"/>
        <line num="459" count="35" type="stmt"/>
        <line num="460" count="35" type="stmt"/>
        <line num="461" count="35" type="stmt"/>
        <line num="462" count="35" type="stmt"/>
        <line num="463" count="35" type="stmt"/>
        <line num="466" count="35" type="stmt"/>
        <line num="467" count="35" type="stmt"/>
        <line num="468" count="35" type="stmt"/>
        <line num="469" count="35" type="stmt"/>
        <line num="470" count="35" type="stmt"/>
        <line num="471" count="35" type="stmt"/>
        <line num="472" count="35" type="stmt"/>
        <line num="473" count="35" type="stmt"/>
        <line num="474" count="35" type="stmt"/>
        <line num="475" count="35" type="stmt"/>
        <line num="476" count="35" type="stmt"/>
        <line num="477" count="35" type="stmt"/>
        <line num="478" count="35" type="stmt"/>
        <line num="479" count="35" type="stmt"/>
        <line num="480" count="35" type="stmt"/>
        <line num="481" count="35" type="stmt"/>
        <line num="484" count="35" type="stmt"/>
        <line num="485" count="35" type="stmt"/>
        <line num="486" count="35" type="stmt"/>
        <line num="487" count="35" type="stmt"/>
        <line num="488" count="35" type="stmt"/>
        <line num="489" count="35" type="stmt"/>
        <line num="490" count="35" type="stmt"/>
        <line num="491" count="35" type="stmt"/>
        <line num="492" count="35" type="stmt"/>
        <line num="493" count="35" type="stmt"/>
        <line num="494" count="35" type="stmt"/>
        <line num="495" count="35" type="stmt"/>
        <line num="496" count="35" type="stmt"/>
        <line num="497" count="35" type="stmt"/>
        <line num="500" count="35" type="stmt"/>
        <line num="501" count="35" type="stmt"/>
        <line num="502" count="35" type="stmt"/>
        <line num="503" count="35" type="stmt"/>
        <line num="504" count="35" type="stmt"/>
        <line num="505" count="35" type="stmt"/>
        <line num="506" count="35" type="stmt"/>
        <line num="507" count="35" type="stmt"/>
        <line num="509" count="35" type="stmt"/>
        <line num="510" count="35" type="stmt"/>
        <line num="511" count="35" type="stmt"/>
        <line num="512" count="35" type="stmt"/>
        <line num="513" count="35" type="stmt"/>
        <line num="514" count="35" type="stmt"/>
        <line num="515" count="35" type="stmt"/>
        <line num="516" count="35" type="stmt"/>
        <line num="517" count="35" type="stmt"/>
        <line num="518" count="35" type="stmt"/>
        <line num="520" count="35" type="stmt"/>
        <line num="521" count="35" type="stmt"/>
        <line num="522" count="35" type="stmt"/>
        <line num="523" count="35" type="stmt"/>
        <line num="524" count="35" type="stmt"/>
        <line num="525" count="35" type="stmt"/>
        <line num="526" count="35" type="stmt"/>
        <line num="527" count="35" type="stmt"/>
        <line num="528" count="35" type="stmt"/>
        <line num="529" count="35" type="stmt"/>
        <line num="530" count="35" type="stmt"/>
        <line num="531" count="35" type="stmt"/>
        <line num="532" count="35" type="stmt"/>
        <line num="535" count="35" type="cond" truecount="2" falsecount="0"/>
        <line num="536" count="2" type="stmt"/>
        <line num="537" count="2" type="stmt"/>
        <line num="538" count="2" type="stmt"/>
        <line num="539" count="2" type="stmt"/>
        <line num="540" count="2" type="stmt"/>
        <line num="541" count="2" type="stmt"/>
        <line num="542" count="2" type="stmt"/>
        <line num="543" count="2" type="stmt"/>
        <line num="547" count="35" type="stmt"/>
        <line num="548" count="35" type="stmt"/>
        <line num="549" count="35" type="stmt"/>
        <line num="550" count="35" type="stmt"/>
        <line num="551" count="35" type="stmt"/>
        <line num="552" count="35" type="stmt"/>
        <line num="553" count="35" type="stmt"/>
        <line num="554" count="35" type="cond" truecount="2" falsecount="0"/>
        <line num="555" count="2" type="stmt"/>
        <line num="557" count="35" type="stmt"/>
        <line num="560" count="35" type="stmt"/>
        <line num="561" count="35" type="stmt"/>
        <line num="562" count="35" type="stmt"/>
        <line num="563" count="35" type="stmt"/>
        <line num="564" count="35" type="stmt"/>
        <line num="565" count="35" type="stmt"/>
        <line num="567" count="35" type="stmt"/>
        <line num="568" count="35" type="stmt"/>
        <line num="569" count="35" type="stmt"/>
        <line num="571" count="35" type="stmt"/>
        <line num="580" count="35" type="stmt"/>
        <line num="582" count="35" type="stmt"/>
        <line num="583" count="35" type="stmt"/>
        <line num="584" count="35" type="stmt"/>
        <line num="585" count="35" type="stmt"/>
        <line num="586" count="35" type="stmt"/>
        <line num="587" count="35" type="stmt"/>
        <line num="588" count="35" type="stmt"/>
        <line num="589" count="35" type="stmt"/>
        <line num="590" count="35" type="stmt"/>
        <line num="591" count="35" type="stmt"/>
        <line num="592" count="35" type="stmt"/>
        <line num="593" count="35" type="stmt"/>
        <line num="594" count="35" type="stmt"/>
        <line num="595" count="35" type="stmt"/>
        <line num="596" count="35" type="stmt"/>
        <line num="597" count="35" type="stmt"/>
        <line num="598" count="35" type="stmt"/>
        <line num="599" count="35" type="stmt"/>
        <line num="600" count="35" type="stmt"/>
        <line num="601" count="35" type="stmt"/>
        <line num="602" count="35" type="stmt"/>
        <line num="603" count="35" type="stmt"/>
        <line num="604" count="35" type="stmt"/>
        <line num="605" count="35" type="stmt"/>
        <line num="606" count="35" type="stmt"/>
        <line num="607" count="35" type="stmt"/>
        <line num="609" count="35" type="stmt"/>
        <line num="619" count="103" type="stmt"/>
        <line num="626" count="103" type="stmt"/>
      </file>
      <file name="routerScript.ts" path="/Users/junmengye/make-real/src/utils/export/routerScript.ts">
        <metrics statements="6" coveredstatements="6" conditionals="8" coveredconditionals="8" methods="1" coveredmethods="1"/>
        <line num="23" count="5" type="stmt"/>
        <line num="28" count="25" type="cond" truecount="4" falsecount="0"/>
        <line num="29" count="1" type="stmt"/>
        <line num="32" count="24" type="cond" truecount="4" falsecount="0"/>
        <line num="33" count="2" type="stmt"/>
        <line num="37" count="22" type="stmt"/>
      </file>
      <file name="staticAssembler.ts" path="/Users/junmengye/make-real/src/utils/export/staticAssembler.ts">
        <metrics statements="200" coveredstatements="200" conditionals="50" coveredconditionals="47" methods="13" coveredmethods="13"/>
        <line num="11" count="4" type="stmt"/>
        <line num="39" count="4" type="stmt"/>
        <line num="47" count="11" type="stmt"/>
        <line num="50" count="11" type="stmt"/>
        <line num="53" count="11" type="stmt"/>
        <line num="62" count="11" type="stmt"/>
        <line num="65" count="11" type="cond" truecount="2" falsecount="0"/>
        <line num="66" count="1" type="stmt"/>
        <line num="70" count="11" type="cond" truecount="2" falsecount="0"/>
        <line num="72" count="2" type="stmt"/>
        <line num="75" count="2" type="stmt"/>
        <line num="76" count="2" type="stmt"/>
        <line num="81" count="11" type="stmt"/>
        <line num="82" count="11" type="stmt"/>
        <line num="84" count="11" type="stmt"/>
        <line num="112" count="11" type="stmt"/>
        <line num="115" count="11" type="stmt"/>
        <line num="124" count="11" type="cond" truecount="2" falsecount="0"/>
        <line num="126" count="9" type="stmt"/>
        <line num="129" count="2" type="stmt"/>
        <line num="132" count="11" type="stmt"/>
        <line num="154" count="11" type="stmt"/>
        <line num="156" count="11" type="stmt"/>
        <line num="157" count="11" type="stmt"/>
        <line num="158" count="11" type="stmt"/>
        <line num="159" count="11" type="stmt"/>
        <line num="162" count="11" type="stmt"/>
        <line num="163" count="1" type="stmt"/>
        <line num="167" count="11" type="cond" truecount="2" falsecount="0"/>
        <line num="168" count="1" type="stmt"/>
        <line num="172" count="11" type="stmt"/>
        <line num="173" count="1" type="stmt"/>
        <line num="177" count="11" type="cond" truecount="2" falsecount="0"/>
        <line num="178" count="2" type="stmt"/>
        <line num="181" count="11" type="stmt"/>
        <line num="183" count="11" type="stmt"/>
        <line num="199" count="9" type="stmt"/>
        <line num="201" count="9" type="stmt"/>
        <line num="204" count="9" type="stmt"/>
        <line num="205" count="9" type="cond" truecount="4" falsecount="0"/>
        <line num="206" count="2" type="stmt"/>
        <line num="207" count="2" type="stmt"/>
        <line num="208" count="2" type="stmt"/>
        <line num="212" count="9" type="stmt"/>
        <line num="213" count="9" type="stmt"/>
        <line num="214" count="9" type="stmt"/>
        <line num="217" count="9" type="cond" truecount="4" falsecount="0"/>
        <line num="218" count="3" type="stmt"/>
        <line num="219" count="3" type="stmt"/>
        <line num="220" count="3" type="stmt"/>
        <line num="223" count="9" type="stmt"/>
        <line num="225" count="9" type="stmt"/>
        <line num="243" count="2" type="stmt"/>
        <line num="245" count="2" type="stmt"/>
        <line num="248" count="2" type="stmt"/>
        <line num="250" count="2" type="cond" truecount="3" falsecount="1"/>
        <line num="251" count="2" type="stmt"/>
        <line num="256" count="2" type="cond" truecount="2" falsecount="0"/>
        <line num="257" count="1" type="stmt"/>
        <line num="258" count="1" type="stmt"/>
        <line num="259" count="1" type="stmt"/>
        <line num="263" count="2" type="stmt"/>
        <line num="264" count="2" type="stmt"/>
        <line num="265" count="2" type="stmt"/>
        <line num="266" count="4" type="stmt"/>
        <line num="267" count="4" type="cond" truecount="2" falsecount="0"/>
        <line num="269" count="4" type="stmt"/>
        <line num="270" count="4" type="stmt"/>
        <line num="271" count="4" type="stmt"/>
        <line num="272" count="4" type="stmt"/>
        <line num="276" count="3" type="cond" truecount="2" falsecount="0"/>
        <line num="277" count="2" type="cond" truecount="2" falsecount="0"/>
        <line num="278" count="1" type="stmt"/>
        <line num="279" count="1" type="stmt"/>
        <line num="280" count="2" type="cond" truecount="3" falsecount="1"/>
        <line num="281" count="2" type="stmt"/>
        <line num="282" count="2" type="stmt"/>
        <line num="283" count="2" type="stmt"/>
        <line num="286" count="1" type="stmt"/>
        <line num="290" count="4" type="stmt"/>
        <line num="291" count="2" type="stmt"/>
        <line num="292" count="2" type="stmt"/>
        <line num="293" count="2" type="stmt"/>
        <line num="294" count="2" type="stmt"/>
        <line num="295" count="2" type="stmt"/>
        <line num="297" count="2" type="stmt"/>
        <line num="299" count="2" type="stmt"/>
        <line num="315" count="11" type="stmt"/>
        <line num="317" count="11" type="stmt"/>
        <line num="318" count="11" type="stmt"/>
        <line num="319" count="11" type="stmt"/>
        <line num="320" count="11" type="stmt"/>
        <line num="323" count="11" type="stmt"/>
        <line num="324" count="11" type="stmt"/>
        <line num="325" count="11" type="stmt"/>
        <line num="326" count="11" type="stmt"/>
        <line num="327" count="11" type="stmt"/>
        <line num="328" count="11" type="cond" truecount="2" falsecount="0"/>
        <line num="329" count="2" type="stmt"/>
        <line num="331" count="11" type="stmt"/>
        <line num="332" count="11" type="stmt"/>
        <line num="333" count="11" type="cond" truecount="2" falsecount="0"/>
        <line num="334" count="2" type="stmt"/>
        <line num="335" count="2" type="stmt"/>
        <line num="336" count="2" type="stmt"/>
        <line num="338" count="11" type="stmt"/>
        <line num="339" count="11" type="stmt"/>
        <line num="340" count="11" type="stmt"/>
        <line num="343" count="11" type="stmt"/>
        <line num="344" count="11" type="stmt"/>
        <line num="345" count="11" type="stmt"/>
        <line num="346" count="11" type="stmt"/>
        <line num="347" count="11" type="stmt"/>
        <line num="348" count="11" type="stmt"/>
        <line num="349" count="11" type="stmt"/>
        <line num="350" count="11" type="stmt"/>
        <line num="351" count="11" type="stmt"/>
        <line num="352" count="11" type="stmt"/>
        <line num="353" count="11" type="stmt"/>
        <line num="354" count="11" type="stmt"/>
        <line num="355" count="11" type="stmt"/>
        <line num="356" count="11" type="stmt"/>
        <line num="357" count="11" type="stmt"/>
        <line num="358" count="11" type="stmt"/>
        <line num="359" count="11" type="stmt"/>
        <line num="360" count="11" type="stmt"/>
        <line num="361" count="11" type="stmt"/>
        <line num="362" count="11" type="stmt"/>
        <line num="363" count="11" type="stmt"/>
        <line num="365" count="11" type="stmt"/>
        <line num="366" count="11" type="stmt"/>
        <line num="367" count="11" type="stmt"/>
        <line num="368" count="11" type="stmt"/>
        <line num="369" count="11" type="stmt"/>
        <line num="371" count="11" type="stmt"/>
        <line num="372" count="11" type="stmt"/>
        <line num="373" count="11" type="stmt"/>
        <line num="374" count="11" type="stmt"/>
        <line num="375" count="11" type="stmt"/>
        <line num="376" count="11" type="stmt"/>
        <line num="377" count="11" type="stmt"/>
        <line num="378" count="11" type="stmt"/>
        <line num="379" count="11" type="stmt"/>
        <line num="380" count="11" type="stmt"/>
        <line num="382" count="11" type="stmt"/>
        <line num="383" count="11" type="stmt"/>
        <line num="384" count="11" type="stmt"/>
        <line num="385" count="11" type="stmt"/>
        <line num="386" count="11" type="stmt"/>
        <line num="387" count="11" type="stmt"/>
        <line num="388" count="11" type="stmt"/>
        <line num="389" count="11" type="stmt"/>
        <line num="392" count="11" type="cond" truecount="2" falsecount="0"/>
        <line num="393" count="2" type="stmt"/>
        <line num="394" count="2" type="stmt"/>
        <line num="395" count="2" type="stmt"/>
        <line num="396" count="2" type="stmt"/>
        <line num="397" count="2" type="stmt"/>
        <line num="398" count="2" type="stmt"/>
        <line num="399" count="2" type="stmt"/>
        <line num="400" count="2" type="stmt"/>
        <line num="401" count="2" type="stmt"/>
        <line num="405" count="11" type="cond" truecount="2" falsecount="0"/>
        <line num="406" count="2" type="stmt"/>
        <line num="407" count="2" type="stmt"/>
        <line num="408" count="2" type="stmt"/>
        <line num="409" count="2" type="stmt"/>
        <line num="410" count="2" type="stmt"/>
        <line num="411" count="2" type="stmt"/>
        <line num="412" count="2" type="stmt"/>
        <line num="413" count="2" type="stmt"/>
        <line num="417" count="11" type="stmt"/>
        <line num="418" count="11" type="stmt"/>
        <line num="419" count="11" type="stmt"/>
        <line num="420" count="11" type="stmt"/>
        <line num="421" count="11" type="stmt"/>
        <line num="422" count="11" type="stmt"/>
        <line num="423" count="11" type="cond" truecount="2" falsecount="0"/>
        <line num="424" count="2" type="stmt"/>
        <line num="426" count="11" type="cond" truecount="2" falsecount="0"/>
        <line num="427" count="2" type="stmt"/>
        <line num="429" count="11" type="stmt"/>
        <line num="431" count="11" type="stmt"/>
        <line num="432" count="11" type="stmt"/>
        <line num="433" count="11" type="stmt"/>
        <line num="434" count="11" type="stmt"/>
        <line num="435" count="11" type="stmt"/>
        <line num="436" count="11" type="stmt"/>
        <line num="437" count="11" type="cond" truecount="2" falsecount="0"/>
        <line num="438" count="2" type="stmt"/>
        <line num="440" count="11" type="stmt"/>
        <line num="442" count="11" type="stmt"/>
        <line num="443" count="11" type="stmt"/>
        <line num="444" count="11" type="stmt"/>
        <line num="446" count="11" type="stmt"/>
        <line num="456" count="17" type="stmt"/>
        <line num="463" count="17" type="stmt"/>
        <line num="474" count="24" type="stmt"/>
        <line num="475" count="24" type="stmt"/>
        <line num="477" count="155" type="cond" truecount="1" falsecount="1"/>
      </file>
      <file name="vueConverter.ts" path="/Users/junmengye/make-real/src/utils/export/vueConverter.ts">
        <metrics statements="396" coveredstatements="396" conditionals="34" coveredconditionals="33" methods="17" coveredmethods="16"/>
        <line num="45" count="4" type="stmt"/>
        <line num="53" count="25" type="stmt"/>
        <line num="56" count="25" type="stmt"/>
        <line num="57" count="25" type="stmt"/>
        <line num="60" count="25" type="stmt"/>
        <line num="61" count="46" type="stmt"/>
        <line num="62" count="46" type="stmt"/>
        <line num="67" count="46" type="stmt"/>
        <line num="71" count="25" type="stmt"/>
        <line num="72" count="25" type="stmt"/>
        <line num="75" count="25" type="stmt"/>
        <line num="76" count="25" type="stmt"/>
        <line num="79" count="25" type="stmt"/>
        <line num="80" count="25" type="stmt"/>
        <line num="83" count="25" type="cond" truecount="2" falsecount="0"/>
        <line num="84" count="20" type="stmt"/>
        <line num="88" count="25" type="stmt"/>
        <line num="89" count="25" type="stmt"/>
        <line num="92" count="25" type="cond" truecount="2" falsecount="0"/>
        <line num="94" count="2" type="stmt"/>
        <line num="97" count="2" type="stmt"/>
        <line num="99" count="2" type="cond" truecount="1" falsecount="1"/>
        <line num="102" count="2" type="stmt"/>
        <line num="107" count="25" type="stmt"/>
        <line num="108" count="25" type="stmt"/>
        <line num="111" count="25" type="stmt"/>
        <line num="112" count="25" type="stmt"/>
        <line num="115" count="25" type="stmt"/>
        <line num="116" count="25" type="stmt"/>
        <line num="118" count="25" type="stmt"/>
        <line num="129" count="180" type="stmt"/>
        <line num="131" count="188" type="stmt"/>
        <line num="144" count="88" type="cond" truecount="2" falsecount="0"/>
        <line num="145" count="46" type="stmt"/>
        <line num="147" count="42" type="stmt"/>
        <line num="157" count="25" type="stmt"/>
        <line num="159" count="25" type="stmt"/>
        <line num="179" count="25" type="stmt"/>
        <line num="198" count="46" type="stmt"/>
        <line num="201" count="46" type="stmt"/>
        <line num="202" count="46" type="stmt"/>
        <line num="203" count="46" type="stmt"/>
        <line num="204" count="46" type="stmt"/>
        <line num="205" count="46" type="stmt"/>
        <line num="206" count="46" type="stmt"/>
        <line num="209" count="46" type="stmt"/>
        <line num="210" count="46" type="stmt"/>
        <line num="211" count="46" type="stmt"/>
        <line num="212" count="46" type="stmt"/>
        <line num="213" count="46" type="stmt"/>
        <line num="214" count="46" type="stmt"/>
        <line num="216" count="46" type="stmt"/>
        <line num="218" count="46" type="stmt"/>
        <line num="220" count="46" type="stmt"/>
        <line num="222" count="46" type="stmt"/>
        <line num="223" count="46" type="stmt"/>
        <line num="224" count="46" type="stmt"/>
        <line num="225" count="46" type="stmt"/>
        <line num="228" count="46" type="cond" truecount="2" falsecount="0"/>
        <line num="229" count="46" type="cond" truecount="2" falsecount="0"/>
        <line num="230" count="41" type="stmt"/>
        <line num="231" count="41" type="stmt"/>
        <line num="232" count="41" type="stmt"/>
        <line num="234" count="41" type="stmt"/>
        <line num="236" count="41" type="stmt"/>
        <line num="238" count="41" type="stmt"/>
        <line num="239" count="41" type="stmt"/>
        <line num="240" count="41" type="stmt"/>
        <line num="241" count="41" type="stmt"/>
        <line num="242" count="41" type="stmt"/>
        <line num="245" count="46" type="stmt"/>
        <line num="246" count="46" type="stmt"/>
        <line num="247" count="46" type="stmt"/>
        <line num="250" count="46" type="cond" truecount="2" falsecount="0"/>
        <line num="251" count="46" type="cond" truecount="2" falsecount="0"/>
        <line num="252" count="42" type="stmt"/>
        <line num="253" count="42" type="stmt"/>
        <line num="254" count="42" type="stmt"/>
        <line num="257" count="46" type="stmt"/>
        <line num="267" count="25" type="stmt"/>
        <line num="270" count="25" type="stmt"/>
        <line num="271" count="25" type="stmt"/>
        <line num="274" count="25" type="cond" truecount="2" falsecount="0"/>
        <line num="275" count="21" type="stmt"/>
        <line num="276" count="21" type="stmt"/>
        <line num="277" count="21" type="stmt"/>
        <line num="278" count="42" type="stmt"/>
        <line num="279" count="42" type="stmt"/>
        <line num="280" count="42" type="stmt"/>
        <line num="281" count="42" type="stmt"/>
        <line num="283" count="21" type="stmt"/>
        <line num="284" count="21" type="stmt"/>
        <line num="288" count="25" type="stmt"/>
        <line num="289" count="25" type="stmt"/>
        <line num="290" count="25" type="stmt"/>
        <line num="291" count="25" type="stmt"/>
        <line num="294" count="25" type="stmt"/>
        <line num="295" count="25" type="stmt"/>
        <line num="296" count="25" type="stmt"/>
        <line num="297" count="25" type="stmt"/>
        <line num="298" count="25" type="stmt"/>
        <line num="299" count="25" type="stmt"/>
        <line num="302" count="25" type="cond" truecount="2" falsecount="0"/>
        <line num="303" count="21" type="stmt"/>
        <line num="304" count="21" type="stmt"/>
        <line num="305" count="21" type="stmt"/>
        <line num="306" count="21" type="stmt"/>
        <line num="307" count="21" type="stmt"/>
        <line num="308" count="21" type="stmt"/>
        <line num="309" count="21" type="stmt"/>
        <line num="310" count="21" type="stmt"/>
        <line num="311" count="21" type="stmt"/>
        <line num="312" count="21" type="stmt"/>
        <line num="313" count="21" type="stmt"/>
        <line num="314" count="21" type="stmt"/>
        <line num="315" count="21" type="stmt"/>
        <line num="316" count="21" type="stmt"/>
        <line num="317" count="21" type="stmt"/>
        <line num="318" count="21" type="stmt"/>
        <line num="319" count="21" type="stmt"/>
        <line num="320" count="21" type="stmt"/>
        <line num="321" count="21" type="stmt"/>
        <line num="322" count="21" type="stmt"/>
        <line num="323" count="21" type="stmt"/>
        <line num="324" count="21" type="stmt"/>
        <line num="325" count="21" type="stmt"/>
        <line num="326" count="21" type="stmt"/>
        <line num="327" count="21" type="stmt"/>
        <line num="328" count="21" type="stmt"/>
        <line num="329" count="21" type="stmt"/>
        <line num="330" count="21" type="stmt"/>
        <line num="331" count="21" type="stmt"/>
        <line num="332" count="21" type="stmt"/>
        <line num="333" count="21" type="stmt"/>
        <line num="334" count="21" type="stmt"/>
        <line num="337" count="25" type="stmt"/>
        <line num="347" count="25" type="stmt"/>
        <line num="349" count="25" type="stmt"/>
        <line num="350" count="25" type="stmt"/>
        <line num="353" count="25" type="stmt"/>
        <line num="354" count="46" type="stmt"/>
        <line num="355" count="46" type="stmt"/>
        <line num="357" count="25" type="stmt"/>
        <line num="360" count="25" type="stmt"/>
        <line num="361" count="25" type="stmt"/>
        <line num="362" count="46" type="stmt"/>
        <line num="363" count="46" type="stmt"/>
        <line num="364" count="46" type="stmt"/>
        <line num="365" count="46" type="stmt"/>
        <line num="366" count="46" type="stmt"/>
        <line num="367" count="46" type="stmt"/>
        <line num="368" count="46" type="stmt"/>
        <line num="369" count="46" type="cond" truecount="2" falsecount="0"/>
        <line num="371" count="25" type="stmt"/>
        <line num="372" count="25" type="stmt"/>
        <line num="375" count="25" type="stmt"/>
        <line num="376" count="25" type="stmt"/>
        <line num="377" count="25" type="stmt"/>
        <line num="378" count="25" type="stmt"/>
        <line num="379" count="25" type="stmt"/>
        <line num="380" count="25" type="stmt"/>
        <line num="382" count="25" type="stmt"/>
        <line num="391" count="25" type="stmt"/>
        <line num="393" count="25" type="stmt"/>
        <line num="394" count="25" type="stmt"/>
        <line num="395" count="25" type="stmt"/>
        <line num="396" count="25" type="stmt"/>
        <line num="397" count="25" type="stmt"/>
        <line num="398" count="25" type="stmt"/>
        <line num="399" count="25" type="stmt"/>
        <line num="400" count="25" type="stmt"/>
        <line num="402" count="25" type="stmt"/>
        <line num="416" count="25" type="stmt"/>
        <line num="418" count="25" type="stmt"/>
        <line num="419" count="25" type="stmt"/>
        <line num="420" count="25" type="stmt"/>
        <line num="421" count="25" type="stmt"/>
        <line num="422" count="25" type="stmt"/>
        <line num="423" count="25" type="stmt"/>
        <line num="424" count="25" type="stmt"/>
        <line num="427" count="25" type="cond" truecount="2" falsecount="0"/>
        <line num="428" count="21" type="stmt"/>
        <line num="429" count="21" type="stmt"/>
        <line num="430" count="21" type="stmt"/>
        <line num="432" count="21" type="stmt"/>
        <line num="436" count="25" type="cond" truecount="2" falsecount="0"/>
        <line num="437" count="21" type="stmt"/>
        <line num="438" count="21" type="stmt"/>
        <line num="439" count="21" type="stmt"/>
        <line num="441" count="21" type="stmt"/>
        <line num="444" count="25" type="stmt"/>
        <line num="445" count="25" type="stmt"/>
        <line num="446" count="25" type="stmt"/>
        <line num="447" count="25" type="stmt"/>
        <line num="448" count="25" type="stmt"/>
        <line num="449" count="25" type="stmt"/>
        <line num="451" count="25" type="stmt"/>
        <line num="462" count="25" type="stmt"/>
        <line num="464" count="25" type="stmt"/>
        <line num="465" count="25" type="stmt"/>
        <line num="466" count="25" type="stmt"/>
        <line num="467" count="25" type="stmt"/>
        <line num="470" count="25" type="stmt"/>
        <line num="471" count="25" type="stmt"/>
        <line num="472" count="25" type="stmt"/>
        <line num="473" count="25" type="stmt"/>
        <line num="474" count="25" type="stmt"/>
        <line num="475" count="25" type="stmt"/>
        <line num="476" count="25" type="stmt"/>
        <line num="477" count="25" type="stmt"/>
        <line num="478" count="25" type="cond" truecount="2" falsecount="0"/>
        <line num="479" count="2" type="stmt"/>
        <line num="480" count="2" type="stmt"/>
        <line num="481" count="2" type="stmt"/>
        <line num="483" count="25" type="stmt"/>
        <line num="484" count="25" type="stmt"/>
        <line num="485" count="25" type="stmt"/>
        <line num="486" count="25" type="stmt"/>
        <line num="487" count="25" type="stmt"/>
        <line num="488" count="25" type="stmt"/>
        <line num="489" count="25" type="stmt"/>
        <line num="490" count="25" type="stmt"/>
        <line num="491" count="25" type="stmt"/>
        <line num="492" count="25" type="stmt"/>
        <line num="495" count="25" type="stmt"/>
        <line num="496" count="25" type="stmt"/>
        <line num="497" count="25" type="stmt"/>
        <line num="498" count="25" type="stmt"/>
        <line num="499" count="25" type="stmt"/>
        <line num="500" count="25" type="stmt"/>
        <line num="501" count="25" type="stmt"/>
        <line num="502" count="25" type="stmt"/>
        <line num="503" count="25" type="stmt"/>
        <line num="504" count="25" type="stmt"/>
        <line num="505" count="25" type="stmt"/>
        <line num="506" count="25" type="stmt"/>
        <line num="509" count="25" type="stmt"/>
        <line num="510" count="25" type="stmt"/>
        <line num="511" count="25" type="stmt"/>
        <line num="512" count="25" type="stmt"/>
        <line num="513" count="25" type="stmt"/>
        <line num="514" count="25" type="stmt"/>
        <line num="515" count="25" type="stmt"/>
        <line num="516" count="25" type="stmt"/>
        <line num="517" count="25" type="stmt"/>
        <line num="518" count="25" type="stmt"/>
        <line num="519" count="25" type="stmt"/>
        <line num="520" count="25" type="stmt"/>
        <line num="521" count="25" type="stmt"/>
        <line num="522" count="25" type="stmt"/>
        <line num="523" count="25" type="stmt"/>
        <line num="524" count="25" type="stmt"/>
        <line num="527" count="25" type="stmt"/>
        <line num="528" count="25" type="stmt"/>
        <line num="529" count="25" type="stmt"/>
        <line num="530" count="25" type="stmt"/>
        <line num="531" count="25" type="stmt"/>
        <line num="532" count="25" type="stmt"/>
        <line num="533" count="25" type="stmt"/>
        <line num="534" count="25" type="stmt"/>
        <line num="535" count="25" type="stmt"/>
        <line num="536" count="25" type="stmt"/>
        <line num="537" count="25" type="stmt"/>
        <line num="538" count="25" type="stmt"/>
        <line num="539" count="25" type="stmt"/>
        <line num="540" count="25" type="stmt"/>
        <line num="543" count="25" type="stmt"/>
        <line num="544" count="25" type="stmt"/>
        <line num="545" count="25" type="stmt"/>
        <line num="546" count="25" type="stmt"/>
        <line num="547" count="25" type="stmt"/>
        <line num="548" count="25" type="stmt"/>
        <line num="549" count="25" type="stmt"/>
        <line num="550" count="25" type="stmt"/>
        <line num="551" count="25" type="stmt"/>
        <line num="552" count="25" type="stmt"/>
        <line num="553" count="25" type="stmt"/>
        <line num="554" count="25" type="stmt"/>
        <line num="557" count="25" type="stmt"/>
        <line num="558" count="25" type="stmt"/>
        <line num="559" count="25" type="stmt"/>
        <line num="560" count="25" type="stmt"/>
        <line num="561" count="25" type="stmt"/>
        <line num="562" count="25" type="stmt"/>
        <line num="563" count="25" type="stmt"/>
        <line num="564" count="25" type="stmt"/>
        <line num="566" count="25" type="stmt"/>
        <line num="567" count="25" type="stmt"/>
        <line num="568" count="25" type="stmt"/>
        <line num="569" count="25" type="stmt"/>
        <line num="570" count="25" type="stmt"/>
        <line num="571" count="25" type="stmt"/>
        <line num="572" count="25" type="stmt"/>
        <line num="573" count="25" type="stmt"/>
        <line num="574" count="25" type="stmt"/>
        <line num="575" count="25" type="stmt"/>
        <line num="577" count="25" type="stmt"/>
        <line num="578" count="25" type="stmt"/>
        <line num="579" count="25" type="stmt"/>
        <line num="580" count="25" type="stmt"/>
        <line num="581" count="25" type="stmt"/>
        <line num="582" count="25" type="stmt"/>
        <line num="583" count="25" type="stmt"/>
        <line num="584" count="25" type="stmt"/>
        <line num="585" count="25" type="stmt"/>
        <line num="586" count="25" type="stmt"/>
        <line num="587" count="25" type="stmt"/>
        <line num="588" count="25" type="stmt"/>
        <line num="589" count="25" type="stmt"/>
        <line num="590" count="25" type="stmt"/>
        <line num="591" count="25" type="stmt"/>
        <line num="592" count="25" type="stmt"/>
        <line num="593" count="25" type="stmt"/>
        <line num="594" count="25" type="stmt"/>
        <line num="597" count="25" type="cond" truecount="2" falsecount="0"/>
        <line num="598" count="2" type="stmt"/>
        <line num="599" count="2" type="stmt"/>
        <line num="600" count="2" type="stmt"/>
        <line num="601" count="2" type="stmt"/>
        <line num="602" count="2" type="stmt"/>
        <line num="603" count="2" type="stmt"/>
        <line num="604" count="2" type="stmt"/>
        <line num="605" count="2" type="stmt"/>
        <line num="609" count="25" type="stmt"/>
        <line num="610" count="25" type="stmt"/>
        <line num="611" count="25" type="stmt"/>
        <line num="612" count="25" type="stmt"/>
        <line num="613" count="25" type="stmt"/>
        <line num="614" count="25" type="stmt"/>
        <line num="615" count="25" type="stmt"/>
        <line num="616" count="25" type="cond" truecount="2" falsecount="0"/>
        <line num="617" count="2" type="stmt"/>
        <line num="619" count="25" type="stmt"/>
        <line num="622" count="25" type="stmt"/>
        <line num="623" count="25" type="stmt"/>
        <line num="624" count="25" type="stmt"/>
        <line num="625" count="25" type="stmt"/>
        <line num="626" count="25" type="stmt"/>
        <line num="627" count="25" type="stmt"/>
        <line num="629" count="25" type="stmt"/>
        <line num="630" count="25" type="stmt"/>
        <line num="631" count="25" type="stmt"/>
        <line num="633" count="25" type="stmt"/>
        <line num="642" count="25" type="stmt"/>
        <line num="644" count="25" type="stmt"/>
        <line num="645" count="25" type="stmt"/>
        <line num="646" count="25" type="stmt"/>
        <line num="647" count="25" type="stmt"/>
        <line num="648" count="25" type="stmt"/>
        <line num="649" count="25" type="stmt"/>
        <line num="650" count="25" type="stmt"/>
        <line num="651" count="25" type="stmt"/>
        <line num="652" count="25" type="stmt"/>
        <line num="653" count="25" type="stmt"/>
        <line num="654" count="25" type="stmt"/>
        <line num="655" count="25" type="stmt"/>
        <line num="656" count="25" type="stmt"/>
        <line num="657" count="25" type="stmt"/>
        <line num="658" count="25" type="stmt"/>
        <line num="659" count="25" type="stmt"/>
        <line num="660" count="25" type="stmt"/>
        <line num="661" count="25" type="stmt"/>
        <line num="662" count="25" type="stmt"/>
        <line num="663" count="25" type="stmt"/>
        <line num="664" count="25" type="stmt"/>
        <line num="665" count="25" type="stmt"/>
        <line num="666" count="25" type="stmt"/>
        <line num="667" count="25" type="stmt"/>
        <line num="668" count="25" type="stmt"/>
        <line num="669" count="25" type="stmt"/>
        <line num="670" count="25" type="stmt"/>
        <line num="671" count="25" type="stmt"/>
        <line num="672" count="25" type="stmt"/>
        <line num="673" count="25" type="stmt"/>
        <line num="674" count="25" type="stmt"/>
        <line num="676" count="25" type="stmt"/>
        <line num="685" count="25" type="stmt"/>
        <line num="687" count="25" type="stmt"/>
        <line num="688" count="25" type="stmt"/>
        <line num="689" count="25" type="stmt"/>
        <line num="690" count="25" type="stmt"/>
        <line num="691" count="25" type="stmt"/>
        <line num="692" count="25" type="stmt"/>
        <line num="693" count="25" type="stmt"/>
        <line num="694" count="25" type="stmt"/>
        <line num="695" count="25" type="stmt"/>
        <line num="696" count="25" type="stmt"/>
        <line num="697" count="25" type="stmt"/>
        <line num="698" count="25" type="stmt"/>
        <line num="699" count="25" type="stmt"/>
        <line num="700" count="25" type="stmt"/>
        <line num="701" count="25" type="stmt"/>
        <line num="702" count="25" type="stmt"/>
        <line num="704" count="25" type="stmt"/>
        <line num="714" count="67" type="stmt"/>
        <line num="721" count="67" type="stmt"/>
      </file>
      <file name="zipBundler.ts" path="/Users/junmengye/make-real/src/utils/export/zipBundler.ts">
        <metrics statements="28" coveredstatements="28" conditionals="6" coveredconditionals="3" methods="5" coveredmethods="5"/>
        <line num="1" count="4" type="stmt"/>
        <line num="11" count="4" type="stmt"/>
        <line num="15" count="6" type="stmt"/>
        <line num="17" count="6" type="stmt"/>
        <line num="20" count="6" type="stmt"/>
        <line num="21" count="15" type="stmt"/>
        <line num="25" count="6" type="stmt"/>
        <line num="28" count="2" type="stmt"/>
        <line num="30" count="4" type="stmt"/>
        <line num="33" count="4" type="stmt"/>
        <line num="34" count="4" type="stmt"/>
        <line num="36" count="1" type="stmt"/>
        <line num="37" count="1" type="stmt"/>
        <line num="51" count="14" type="stmt"/>
        <line num="52" count="13" type="stmt"/>
        <line num="53" count="13" type="stmt"/>
        <line num="54" count="13" type="stmt"/>
        <line num="55" count="13" type="stmt"/>
        <line num="56" count="13" type="stmt"/>
        <line num="66" count="4" type="stmt"/>
        <line num="68" count="12" type="stmt"/>
        <line num="71" count="12" type="stmt"/>
        <line num="72" count="12" type="cond" truecount="1" falsecount="1"/>
        <line num="74" count="12" type="stmt"/>
        <line num="77" count="11" type="stmt"/>
        <line num="88" count="12" type="stmt"/>
        <line num="90" count="12" type="stmt"/>
        <line num="101" count="12" type="cond" truecount="2" falsecount="2"/>
      </file>
    </package>
  </project>
</coverage>
