{"/Users/junmengye/make-real/src/components/canvas/ExportDialog.tsx": {"path":"/Users/junmengye/make-real/src/components/canvas/ExportDialog.tsx","statementMap":{"0":{"start":{"line":11,"column":0},"end":{"line":11,"column":57}},"1":{"start":{"line":14,"column":0},"end":{"line":14,"column":51}},"2":{"start":{"line":40,"column":57},"end":{"line":319,"column":1}},"3":{"start":{"line":45,"column":30},"end":{"line":45,"column":76}},"4":{"start":{"line":46,"column":32},"end":{"line":46,"column":50}},"5":{"start":{"line":47,"column":40},"end":{"line":47,"column":55}},"6":{"start":{"line":48,"column":28},"end":{"line":48,"column":57}},"7":{"start":{"line":51,"column":2},"end":{"line":57,"column":23}},"8":{"start":{"line":52,"column":4},"end":{"line":56,"column":5}},"9":{"start":{"line":53,"column":27},"end":{"line":53,"column":57}},"10":{"start":{"line":54,"column":6},"end":{"line":54,"column":31}},"11":{"start":{"line":55,"column":6},"end":{"line":55,"column":21}},"12":{"start":{"line":59,"column":23},"end":{"line":91,"column":40}},"13":{"start":{"line":60,"column":4},"end":{"line":63,"column":5}},"14":{"start":{"line":61,"column":6},"end":{"line":61,"column":39}},"15":{"start":{"line":62,"column":6},"end":{"line":62,"column":13}},"16":{"start":{"line":65,"column":4},"end":{"line":68,"column":5}},"17":{"start":{"line":66,"column":6},"end":{"line":66,"column":51}},"18":{"start":{"line":67,"column":6},"end":{"line":67,"column":13}},"19":{"start":{"line":70,"column":4},"end":{"line":70,"column":25}},"20":{"start":{"line":71,"column":4},"end":{"line":71,"column":19}},"21":{"start":{"line":73,"column":4},"end":{"line":90,"column":5}},"22":{"start":{"line":74,"column":37},"end":{"line":77,"column":8}},"23":{"start":{"line":79,"column":6},"end":{"line":79,"column":43}},"24":{"start":{"line":82,"column":6},"end":{"line":82,"column":16}},"25":{"start":{"line":84,"column":27},"end":{"line":86,"column":36}},"26":{"start":{"line":87,"column":6},"end":{"line":87,"column":29}},"27":{"start":{"line":89,"column":6},"end":{"line":89,"column":28}},"28":{"start":{"line":93,"column":24},"end":{"line":99,"column":42}},"29":{"start":{"line":94,"column":4},"end":{"line":98,"column":5}},"30":{"start":{"line":95,"column":6},"end":{"line":95,"column":21}},"31":{"start":{"line":96,"column":11},"end":{"line":98,"column":5}},"32":{"start":{"line":97,"column":6},"end":{"line":97,"column":16}},"33":{"start":{"line":101,"column":2},"end":{"line":103,"column":3}},"34":{"start":{"line":102,"column":4},"end":{"line":102,"column":16}},"35":{"start":{"line":105,"column":2},"end":{"line":318,"column":4}},"36":{"start":{"line":130,"column":24},"end":{"line":130,"column":43}},"37":{"start":{"line":173,"column":29},"end":{"line":173,"column":55}},"38":{"start":{"line":186,"column":14},"end":{"line":186,"column":53}},"39":{"start":{"line":189,"column":14},"end":{"line":189,"column":53}},"40":{"start":{"line":40,"column":13},"end":{"line":40,"column":57}},"41":{"start":{"line":335,"column":50},"end":{"line":432,"column":1}},"42":{"start":{"line":345,"column":2},"end":{"line":431,"column":4}},"43":{"start":{"line":361,"column":8},"end":{"line":363,"column":9}},"44":{"start":{"line":362,"column":10},"end":{"line":362,"column":56}},"45":{"start":{"line":366,"column":8},"end":{"line":368,"column":9}},"46":{"start":{"line":367,"column":10},"end":{"line":367,"column":56}},"47":{"start":{"line":377,"column":24},"end":{"line":377,"column":39}},"48":{"start":{"line":446,"column":17},"end":{"line":446,"column":46}},"49":{"start":{"line":447,"column":21},"end":{"line":447,"column":73}},"50":{"start":{"line":447,"column":51},"end":{"line":447,"column":72}},"51":{"start":{"line":449,"column":2},"end":{"line":451,"column":3}},"52":{"start":{"line":450,"column":4},"end":{"line":450,"column":20}},"53":{"start":{"line":454,"column":21},"end":{"line":454,"column":41}},"54":{"start":{"line":455,"column":15},"end":{"line":455,"column":42}},"55":{"start":{"line":458,"column":21},"end":{"line":458,"column":62}},"56":{"start":{"line":459,"column":2},"end":{"line":461,"column":3}},"57":{"start":{"line":460,"column":4},"end":{"line":460,"column":42}},"58":{"start":{"line":464,"column":18},"end":{"line":464,"column":53}},"59":{"start":{"line":465,"column":2},"end":{"line":467,"column":3}},"60":{"start":{"line":466,"column":4},"end":{"line":466,"column":39}},"61":{"start":{"line":470,"column":24},"end":{"line":470,"column":107}},"62":{"start":{"line":471,"column":2},"end":{"line":473,"column":3}},"63":{"start":{"line":472,"column":4},"end":{"line":472,"column":45}},"64":{"start":{"line":475,"column":23},"end":{"line":475,"column":102}},"65":{"start":{"line":476,"column":2},"end":{"line":478,"column":3}},"66":{"start":{"line":477,"column":4},"end":{"line":477,"column":44}},"67":{"start":{"line":480,"column":2},"end":{"line":480,"column":18}},"68":{"start":{"line":490,"column":2},"end":{"line":497,"column":34}}},"fnMap":{"0":{"name":"(anonymous_0)","decl":{"start":{"line":40,"column":57},"end":{"line":40,"column":58}},"loc":{"start":{"line":44,"column":5},"end":{"line":319,"column":1}}},"1":{"name":"(anonymous_1)","decl":{"start":{"line":51,"column":12},"end":{"line":51,"column":15}},"loc":{"start":{"line":51,"column":17},"end":{"line":57,"column":3}}},"2":{"name":"(anonymous_2)","decl":{"start":{"line":59,"column":35},"end":{"line":59,"column":40}},"loc":{"start":{"line":59,"column":46},"end":{"line":91,"column":3}}},"3":{"name":"(anonymous_3)","decl":{"start":{"line":93,"column":36},"end":{"line":93,"column":37}},"loc":{"start":{"line":93,"column":63},"end":{"line":99,"column":3}}},"4":{"name":"(anonymous_4)","decl":{"start":{"line":130,"column":17},"end":{"line":130,"column":18}},"loc":{"start":{"line":130,"column":24},"end":{"line":130,"column":43}}},"5":{"name":"(anonymous_5)","decl":{"start":{"line":173,"column":22},"end":{"line":173,"column":23}},"loc":{"start":{"line":173,"column":29},"end":{"line":173,"column":55}}},"6":{"name":"(anonymous_6)","decl":{"start":{"line":185,"column":21},"end":{"line":185,"column":22}},"loc":{"start":{"line":185,"column":27},"end":{"line":187,"column":13}}},"7":{"name":"(anonymous_7)","decl":{"start":{"line":188,"column":20},"end":{"line":188,"column":21}},"loc":{"start":{"line":188,"column":26},"end":{"line":190,"column":13}}},"8":{"name":"(anonymous_8)","decl":{"start":{"line":335,"column":50},"end":{"line":335,"column":51}},"loc":{"start":{"line":344,"column":5},"end":{"line":432,"column":1}}},"9":{"name":"(anonymous_9)","decl":{"start":{"line":360,"column":20},"end":{"line":360,"column":21}},"loc":{"start":{"line":360,"column":26},"end":{"line":364,"column":7}}},"10":{"name":"(anonymous_10)","decl":{"start":{"line":365,"column":20},"end":{"line":365,"column":21}},"loc":{"start":{"line":365,"column":26},"end":{"line":369,"column":7}}},"11":{"name":"(anonymous_11)","decl":{"start":{"line":377,"column":18},"end":{"line":377,"column":21}},"loc":{"start":{"line":377,"column":24},"end":{"line":377,"column":39}}},"12":{"name":"inferAppNameFromCanvas","decl":{"start":{"line":445,"column":9},"end":{"line":445,"column":31}},"loc":{"start":{"line":445,"column":46},"end":{"line":481,"column":1}}},"13":{"name":"(anonymous_13)","decl":{"start":{"line":447,"column":35},"end":{"line":447,"column":36}},"loc":{"start":{"line":447,"column":51},"end":{"line":447,"column":72}}},"14":{"name":"sanitizeAppName","decl":{"start":{"line":489,"column":9},"end":{"line":489,"column":24}},"loc":{"start":{"line":489,"column":37},"end":{"line":498,"column":1}}}},"branchMap":{"0":{"loc":{"start":{"line":52,"column":4},"end":{"line":56,"column":5}},"type":"if","locations":[{"start":{"line":52,"column":4},"end":{"line":56,"column":5}},{"start":{},"end":{}}]},"1":{"loc":{"start":{"line":52,"column":8},"end":{"line":52,"column":24}},"type":"binary-expr","locations":[{"start":{"line":52,"column":8},"end":{"line":52,"column":14}},{"start":{"line":52,"column":18},"end":{"line":52,"column":24}}]},"2":{"loc":{"start":{"line":60,"column":4},"end":{"line":63,"column":5}},"type":"if","locations":[{"start":{"line":60,"column":4},"end":{"line":63,"column":5}},{"start":{},"end":{}}]},"3":{"loc":{"start":{"line":65,"column":4},"end":{"line":68,"column":5}},"type":"if","locations":[{"start":{"line":65,"column":4},"end":{"line":68,"column":5}},{"start":{},"end":{}}]},"4":{"loc":{"start":{"line":84,"column":27},"end":{"line":86,"column":36}},"type":"cond-expr","locations":[{"start":{"line":85,"column":10},"end":{"line":85,"column":21}},{"start":{"line":86,"column":10},"end":{"line":86,"column":36}}]},"5":{"loc":{"start":{"line":94,"column":4},"end":{"line":98,"column":5}},"type":"if","locations":[{"start":{"line":94,"column":4},"end":{"line":98,"column":5}},{"start":{"line":96,"column":11},"end":{"line":98,"column":5}}]},"6":{"loc":{"start":{"line":94,"column":8},"end":{"line":94,"column":41}},"type":"binary-expr","locations":[{"start":{"line":94,"column":8},"end":{"line":94,"column":25}},{"start":{"line":94,"column":29},"end":{"line":94,"column":41}}]},"7":{"loc":{"start":{"line":96,"column":11},"end":{"line":98,"column":5}},"type":"if","locations":[{"start":{"line":96,"column":11},"end":{"line":98,"column":5}},{"start":{},"end":{}}]},"8":{"loc":{"start":{"line":101,"column":2},"end":{"line":103,"column":3}},"type":"if","locations":[{"start":{"line":101,"column":2},"end":{"line":103,"column":3}},{"start":{},"end":{}}]},"9":{"loc":{"start":{"line":244,"column":9},"end":{"line":257,"column":null}},"type":"binary-expr","locations":[{"start":{"line":244,"column":9},"end":{"line":244,"column":14}},{"start":{"line":245,"column":10},"end":{"line":256,"column":null}}]},"10":{"loc":{"start":{"line":279,"column":22},"end":{"line":279,"column":61}},"type":"cond-expr","locations":[{"start":{"line":279,"column":36},"end":{"line":279,"column":49}},{"start":{"line":279,"column":52},"end":{"line":279,"column":61}}]},"11":{"loc":{"start":{"line":280,"column":23},"end":{"line":280,"column":44}},"type":"cond-expr","locations":[{"start":{"line":280,"column":37},"end":{"line":280,"column":40}},{"start":{"line":280,"column":43},"end":{"line":280,"column":44}}]},"12":{"loc":{"start":{"line":288,"column":22},"end":{"line":288,"column":52}},"type":"binary-expr","locations":[{"start":{"line":288,"column":22},"end":{"line":288,"column":33}},{"start":{"line":288,"column":37},"end":{"line":288,"column":52}}]},"13":{"loc":{"start":{"line":291,"column":31},"end":{"line":291,"column":85}},"type":"cond-expr","locations":[{"start":{"line":291,"column":64},"end":{"line":291,"column":73}},{"start":{"line":291,"column":76},"end":{"line":291,"column":85}}]},"14":{"loc":{"start":{"line":291,"column":31},"end":{"line":291,"column":61}},"type":"binary-expr","locations":[{"start":{"line":291,"column":31},"end":{"line":291,"column":42}},{"start":{"line":291,"column":46},"end":{"line":291,"column":61}}]},"15":{"loc":{"start":{"line":297,"column":22},"end":{"line":297,"column":80}},"type":"cond-expr","locations":[{"start":{"line":297,"column":55},"end":{"line":297,"column":68}},{"start":{"line":297,"column":71},"end":{"line":297,"column":80}}]},"16":{"loc":{"start":{"line":297,"column":22},"end":{"line":297,"column":52}},"type":"binary-expr","locations":[{"start":{"line":297,"column":22},"end":{"line":297,"column":33}},{"start":{"line":297,"column":37},"end":{"line":297,"column":52}}]},"17":{"loc":{"start":{"line":303,"column":13},"end":{"line":312,"column":null}},"type":"cond-expr","locations":[{"start":{"line":304,"column":14},"end":{"line":305,"column":null}},{"start":{"line":309,"column":14},"end":{"line":310,"column":null}}]},"18":{"loc":{"start":{"line":353,"column":29},"end":{"line":353,"column":61}},"type":"cond-expr","locations":[{"start":{"line":353,"column":40},"end":{"line":353,"column":49}},{"start":{"line":353,"column":52},"end":{"line":353,"column":61}}]},"19":{"loc":{"start":{"line":355,"column":16},"end":{"line":355,"column":52}},"type":"cond-expr","locations":[{"start":{"line":355,"column":27},"end":{"line":355,"column":40}},{"start":{"line":355,"column":43},"end":{"line":355,"column":52}}]},"20":{"loc":{"start":{"line":356,"column":25},"end":{"line":356,"column":54}},"type":"cond-expr","locations":[{"start":{"line":356,"column":36},"end":{"line":356,"column":45}},{"start":{"line":356,"column":48},"end":{"line":356,"column":54}}]},"21":{"loc":{"start":{"line":358,"column":17},"end":{"line":358,"column":35}},"type":"cond-expr","locations":[{"start":{"line":358,"column":28},"end":{"line":358,"column":31}},{"start":{"line":358,"column":34},"end":{"line":358,"column":35}}]},"22":{"loc":{"start":{"line":361,"column":8},"end":{"line":363,"column":9}},"type":"if","locations":[{"start":{"line":361,"column":8},"end":{"line":363,"column":9}},{"start":{},"end":{}}]},"23":{"loc":{"start":{"line":361,"column":12},"end":{"line":361,"column":34}},"type":"binary-expr","locations":[{"start":{"line":361,"column":12},"end":{"line":361,"column":21}},{"start":{"line":361,"column":25},"end":{"line":361,"column":34}}]},"24":{"loc":{"start":{"line":366,"column":8},"end":{"line":368,"column":9}},"type":"if","locations":[{"start":{"line":366,"column":8},"end":{"line":368,"column":9}},{"start":{},"end":{}}]},"25":{"loc":{"start":{"line":366,"column":12},"end":{"line":366,"column":34}},"type":"binary-expr","locations":[{"start":{"line":366,"column":12},"end":{"line":366,"column":21}},{"start":{"line":366,"column":25},"end":{"line":366,"column":34}}]},"26":{"loc":{"start":{"line":382,"column":18},"end":{"line":382,"column":54}},"type":"cond-expr","locations":[{"start":{"line":382,"column":29},"end":{"line":382,"column":42}},{"start":{"line":382,"column":45},"end":{"line":382,"column":54}}]},"27":{"loc":{"start":{"line":403,"column":11},"end":{"line":416,"column":null}},"type":"binary-expr","locations":[{"start":{"line":403,"column":11},"end":{"line":403,"column":22}},{"start":{"line":404,"column":12},"end":{"line":413,"column":null}}]},"28":{"loc":{"start":{"line":449,"column":2},"end":{"line":451,"column":3}},"type":"if","locations":[{"start":{"line":449,"column":2},"end":{"line":451,"column":3}},{"start":{},"end":{}}]},"29":{"loc":{"start":{"line":455,"column":15},"end":{"line":455,"column":42}},"type":"binary-expr","locations":[{"start":{"line":455,"column":15},"end":{"line":455,"column":36}},{"start":{"line":455,"column":40},"end":{"line":455,"column":42}}]},"30":{"loc":{"start":{"line":459,"column":2},"end":{"line":461,"column":3}},"type":"if","locations":[{"start":{"line":459,"column":2},"end":{"line":461,"column":3}},{"start":{},"end":{}}]},"31":{"loc":{"start":{"line":459,"column":6},"end":{"line":459,"column":33}},"type":"binary-expr","locations":[{"start":{"line":459,"column":6},"end":{"line":459,"column":16}},{"start":{"line":459,"column":20},"end":{"line":459,"column":33}}]},"32":{"loc":{"start":{"line":465,"column":2},"end":{"line":467,"column":3}},"type":"if","locations":[{"start":{"line":465,"column":2},"end":{"line":467,"column":3}},{"start":{},"end":{}}]},"33":{"loc":{"start":{"line":465,"column":6},"end":{"line":465,"column":27}},"type":"binary-expr","locations":[{"start":{"line":465,"column":6},"end":{"line":465,"column":13}},{"start":{"line":465,"column":17},"end":{"line":465,"column":27}}]},"34":{"loc":{"start":{"line":471,"column":2},"end":{"line":473,"column":3}},"type":"if","locations":[{"start":{"line":471,"column":2},"end":{"line":473,"column":3}},{"start":{},"end":{}}]},"35":{"loc":{"start":{"line":471,"column":6},"end":{"line":471,"column":39}},"type":"binary-expr","locations":[{"start":{"line":471,"column":6},"end":{"line":471,"column":19}},{"start":{"line":471,"column":23},"end":{"line":471,"column":39}}]},"36":{"loc":{"start":{"line":476,"column":2},"end":{"line":478,"column":3}},"type":"if","locations":[{"start":{"line":476,"column":2},"end":{"line":478,"column":3}},{"start":{},"end":{}}]},"37":{"loc":{"start":{"line":476,"column":6},"end":{"line":476,"column":37}},"type":"binary-expr","locations":[{"start":{"line":476,"column":6},"end":{"line":476,"column":18}},{"start":{"line":476,"column":22},"end":{"line":476,"column":37}}]},"38":{"loc":{"start":{"line":490,"column":9},"end":{"line":497,"column":33}},"type":"binary-expr","locations":[{"start":{"line":490,"column":9},"end":{"line":497,"column":21}},{"start":{"line":497,"column":25},"end":{"line":497,"column":33}}]}},"s":{"0":1,"1":1,"2":1,"3":52,"4":52,"5":52,"6":52,"7":52,"8":20,"9":19,"10":19,"11":19,"12":52,"13":5,"14":0,"15":0,"16":5,"17":0,"18":0,"19":5,"20":5,"21":5,"22":5,"23":5,"24":3,"25":1,"26":1,"27":4,"28":52,"29":2,"30":1,"31":1,"32":1,"33":52,"34":1,"35":51,"36":8,"37":3,"38":0,"39":0,"40":1,"41":1,"42":153,"43":0,"44":0,"45":0,"46":0,"47":2,"48":19,"49":19,"50":19,"51":19,"52":0,"53":19,"54":19,"55":19,"56":19,"57":17,"58":2,"59":2,"60":1,"61":1,"62":1,"63":0,"64":1,"65":1,"66":0,"67":1,"68":18},"f":{"0":52,"1":20,"2":5,"3":2,"4":8,"5":3,"6":0,"7":0,"8":153,"9":0,"10":0,"11":2,"12":19,"13":19,"14":18},"b":{"0":[19,1],"1":[20,19],"2":[0,5],"3":[0,5],"4":[1,0],"5":[1,1],"6":[2,1],"7":[1,0],"8":[1,51],"9":[51,1],"10":[5,46],"11":[5,46],"12":[51,46],"13":[6,45],"14":[51,46],"15":[6,45],"16":[51,46],"17":[5,46],"18":[51,102],"19":[15,138],"20":[51,102],"21":[15,138],"22":[0,0],"23":[0,0],"24":[0,0],"25":[0,0],"26":[15,138],"27":[153,51],"28":[0,19],"29":[19,0],"30":[17,2],"31":[19,17],"32":[1,1],"33":[2,1],"34":[0,1],"35":[1,0],"36":[0,1],"37":[1,0],"38":[18,0]}}
,"/Users/junmengye/make-real/src/utils/export/cssExtractor.ts": {"path":"/Users/junmengye/make-real/src/utils/export/cssExtractor.ts","statementMap":{"0":{"start":{"line":22,"column":0},"end":{"line":22,"column":16}},"1":{"start":{"line":24,"column":2},"end":{"line":33,"column":3}},"2":{"start":{"line":25,"column":20},"end":{"line":25,"column":45}},"3":{"start":{"line":26,"column":4},"end":{"line":28,"column":5}},"4":{"start":{"line":27,"column":6},"end":{"line":27,"column":47}},"5":{"start":{"line":29,"column":4},"end":{"line":32,"column":6}},"6":{"start":{"line":36,"column":22},"end":{"line":36,"column":52}},"7":{"start":{"line":39,"column":2},"end":{"line":47,"column":5}},"8":{"start":{"line":40,"column":18},"end":{"line":40,"column":41}},"9":{"start":{"line":41,"column":4},"end":{"line":46,"column":7}},"10":{"start":{"line":42,"column":6},"end":{"line":44,"column":7}},"11":{"start":{"line":43,"column":8},"end":{"line":43,"column":41}},"12":{"start":{"line":45,"column":6},"end":{"line":45,"column":44}},"13":{"start":{"line":50,"column":32},"end":{"line":50,"column":34}},"14":{"start":{"line":51,"column":28},"end":{"line":51,"column":55}},"15":{"start":{"line":54,"column":2},"end":{"line":56,"column":5}},"16":{"start":{"line":55,"column":4},"end":{"line":55,"column":41}},"17":{"start":{"line":59,"column":2},"end":{"line":68,"column":5}},"18":{"start":{"line":60,"column":4},"end":{"line":67,"column":5}},"19":{"start":{"line":62,"column":6},"end":{"line":62,"column":29}},"20":{"start":{"line":65,"column":23},"end":{"line":65,"column":45}},"21":{"start":{"line":66,"column":6},"end":{"line":66,"column":50}},"22":{"start":{"line":71,"column":20},"end":{"line":71,"column":44}},"23":{"start":{"line":72,"column":18},"end":{"line":72,"column":43}},"24":{"start":{"line":74,"column":2},"end":{"line":77,"column":5}},"25":{"start":{"line":75,"column":18},"end":{"line":75,"column":56}},"26":{"start":{"line":76,"column":4},"end":{"line":76,"column":47}},"27":{"start":{"line":79,"column":2},"end":{"line":82,"column":4}},"28":{"start":{"line":93,"column":2},"end":{"line":95,"column":3}},"29":{"start":{"line":94,"column":4},"end":{"line":94,"column":14}},"30":{"start":{"line":98,"column":16},"end":{"line":102,"column":30}},"31":{"start":{"line":100,"column":19},"end":{"line":100,"column":30}},"32":{"start":{"line":101,"column":22},"end":{"line":101,"column":37}},"33":{"start":{"line":102,"column":19},"end":{"line":102,"column":29}},"34":{"start":{"line":105,"column":2},"end":{"line":105,"column":50}},"35":{"start":{"line":105,"column":29},"end":{"line":105,"column":48}},"36":{"start":{"line":117,"column":2},"end":{"line":123,"column":12}}},"fnMap":{"0":{"name":"extractSharedCSS","decl":{"start":{"line":22,"column":16},"end":{"line":22,"column":32}},"loc":{"start":{"line":22,"column":55},"end":{"line":83,"column":1}}},"1":{"name":"(anonymous_1)","decl":{"start":{"line":39,"column":16},"end":{"line":39,"column":17}},"loc":{"start":{"line":39,"column":25},"end":{"line":47,"column":3}}},"2":{"name":"(anonymous_2)","decl":{"start":{"line":41,"column":18},"end":{"line":41,"column":19}},"loc":{"start":{"line":41,"column":27},"end":{"line":46,"column":5}}},"3":{"name":"(anonymous_3)","decl":{"start":{"line":54,"column":16},"end":{"line":54,"column":17}},"loc":{"start":{"line":54,"column":25},"end":{"line":56,"column":3}}},"4":{"name":"(anonymous_4)","decl":{"start":{"line":59,"column":22},"end":{"line":59,"column":23}},"loc":{"start":{"line":59,"column":40},"end":{"line":68,"column":3}}},"5":{"name":"(anonymous_5)","decl":{"start":{"line":74,"column":16},"end":{"line":74,"column":17}},"loc":{"start":{"line":74,"column":25},"end":{"line":77,"column":3}}},"6":{"name":"splitCSSRules","decl":{"start":{"line":92,"column":9},"end":{"line":92,"column":22}},"loc":{"start":{"line":92,"column":34},"end":{"line":106,"column":1}}},"7":{"name":"(anonymous_7)","decl":{"start":{"line":100,"column":9},"end":{"line":100,"column":10}},"loc":{"start":{"line":100,"column":19},"end":{"line":100,"column":30}}},"8":{"name":"(anonymous_8)","decl":{"start":{"line":101,"column":12},"end":{"line":101,"column":13}},"loc":{"start":{"line":101,"column":22},"end":{"line":101,"column":37}}},"9":{"name":"(anonymous_9)","decl":{"start":{"line":102,"column":9},"end":{"line":102,"column":10}},"loc":{"start":{"line":102,"column":19},"end":{"line":102,"column":29}}},"10":{"name":"(anonymous_10)","decl":{"start":{"line":105,"column":19},"end":{"line":105,"column":20}},"loc":{"start":{"line":105,"column":29},"end":{"line":105,"column":48}}},"11":{"name":"normalizeRule","decl":{"start":{"line":116,"column":9},"end":{"line":116,"column":22}},"loc":{"start":{"line":116,"column":35},"end":{"line":124,"column":1}}}},"branchMap":{"0":{"loc":{"start":{"line":24,"column":2},"end":{"line":33,"column":3}},"type":"if","locations":[{"start":{"line":24,"column":2},"end":{"line":33,"column":3}},{"start":{},"end":{}}]},"1":{"loc":{"start":{"line":26,"column":4},"end":{"line":28,"column":5}},"type":"if","locations":[{"start":{"line":26,"column":4},"end":{"line":28,"column":5}},{"start":{},"end":{}}]},"2":{"loc":{"start":{"line":42,"column":6},"end":{"line":44,"column":7}},"type":"if","locations":[{"start":{"line":42,"column":6},"end":{"line":44,"column":7}},{"start":{},"end":{}}]},"3":{"loc":{"start":{"line":60,"column":4},"end":{"line":67,"column":5}},"type":"if","locations":[{"start":{"line":60,"column":4},"end":{"line":67,"column":5}},{"start":{"line":63,"column":11},"end":{"line":67,"column":5}}]},"4":{"loc":{"start":{"line":75,"column":18},"end":{"line":75,"column":56}},"type":"binary-expr","locations":[{"start":{"line":75,"column":18},"end":{"line":75,"column":50}},{"start":{"line":75,"column":54},"end":{"line":75,"column":56}}]},"5":{"loc":{"start":{"line":93,"column":2},"end":{"line":95,"column":3}},"type":"if","locations":[{"start":{"line":93,"column":2},"end":{"line":95,"column":3}},{"start":{},"end":{}}]},"6":{"loc":{"start":{"line":93,"column":6},"end":{"line":93,"column":31}},"type":"binary-expr","locations":[{"start":{"line":93,"column":6},"end":{"line":93,"column":10}},{"start":{"line":93,"column":14},"end":{"line":93,"column":31}}]}},"s":{"0":4,"1":14,"2":2,"3":2,"4":1,"5":2,"6":12,"7":12,"8":26,"9":26,"10":49,"11":33,"12":49,"13":12,"14":12,"15":12,"16":26,"17":12,"18":33,"19":13,"20":20,"21":20,"22":12,"23":12,"24":12,"25":26,"26":26,"27":12,"28":26,"29":1,"30":25,"31":76,"32":76,"33":49,"34":25,"35":49,"36":49},"f":{"0":14,"1":26,"2":49,"3":26,"4":33,"5":26,"6":26,"7":76,"8":76,"9":49,"10":49,"11":49},"b":{"0":[2,12],"1":[1,1],"2":[33,16],"3":[13,20],"4":[26,0],"5":[1,25],"6":[26,25]}}
,"/Users/junmengye/make-real/src/utils/export/designSystemResolver.ts": {"path":"/Users/junmengye/make-real/src/utils/export/designSystemResolver.ts","statementMap":{"0":{"start":{"line":35,"column":0},"end":{"line":35,"column":16}},"1":{"start":{"line":9,"column":0},"end":{"line":9,"column":69}},"2":{"start":{"line":38,"column":24},"end":{"line":38,"column":41}},"3":{"start":{"line":39,"column":20},"end":{"line":39,"column":37}},"4":{"start":{"line":41,"column":2},"end":{"line":75,"column":3}},"5":{"start":{"line":43,"column":4},"end":{"line":45,"column":5}},"6":{"start":{"line":44,"column":6},"end":{"line":44,"column":15}},"7":{"start":{"line":47,"column":4},"end":{"line":74,"column":5}},"8":{"start":{"line":49,"column":22},"end":{"line":49,"column":92}},"9":{"start":{"line":52,"column":6},"end":{"line":54,"column":7}},"10":{"start":{"line":53,"column":8},"end":{"line":53,"column":17}},"11":{"start":{"line":57,"column":22},"end":{"line":57,"column":59}},"12":{"start":{"line":60,"column":6},"end":{"line":68,"column":9}},"13":{"start":{"line":62,"column":8},"end":{"line":67,"column":9}},"14":{"start":{"line":63,"column":10},"end":{"line":63,"column":34}},"15":{"start":{"line":66,"column":10},"end":{"line":66,"column":30}},"16":{"start":{"line":72,"column":6},"end":{"line":72,"column":86}},"17":{"start":{"line":73,"column":6},"end":{"line":73,"column":15}},"18":{"start":{"line":77,"column":2},"end":{"line":80,"column":4}}},"fnMap":{"0":{"name":"resolveDesignSystemDeps","decl":{"start":{"line":35,"column":16},"end":{"line":35,"column":39}},"loc":{"start":{"line":36,"column":24},"end":{"line":81,"column":1}}},"1":{"name":"(anonymous_1)","decl":{"start":{"line":60,"column":31},"end":{"line":60,"column":32}},"loc":{"start":{"line":60,"column":40},"end":{"line":68,"column":7}}}},"branchMap":{"0":{"loc":{"start":{"line":43,"column":4},"end":{"line":45,"column":5}},"type":"if","locations":[{"start":{"line":43,"column":4},"end":{"line":45,"column":5}},{"start":{},"end":{}}]},"1":{"loc":{"start":{"line":43,"column":8},"end":{"line":43,"column":61}},"type":"binary-expr","locations":[{"start":{"line":43,"column":8},"end":{"line":43,"column":26}},{"start":{"line":43,"column":30},"end":{"line":43,"column":61}}]},"2":{"loc":{"start":{"line":52,"column":6},"end":{"line":54,"column":7}},"type":"if","locations":[{"start":{"line":52,"column":6},"end":{"line":54,"column":7}},{"start":{},"end":{}}]},"3":{"loc":{"start":{"line":62,"column":8},"end":{"line":67,"column":9}},"type":"if","locations":[{"start":{"line":62,"column":8},"end":{"line":67,"column":9}},{"start":{"line":64,"column":15},"end":{"line":67,"column":9}}]},"4":{"loc":{"start":{"line":62,"column":12},"end":{"line":62,"column":64}},"type":"binary-expr","locations":[{"start":{"line":62,"column":12},"end":{"line":62,"column":33}},{"start":{"line":62,"column":37},"end":{"line":62,"column":64}}]}},"s":{"0":4,"1":4,"2":24,"3":24,"4":24,"5":136,"6":6,"7":130,"8":130,"9":129,"10":0,"11":129,"12":129,"13":250,"14":7,"15":243,"16":1,"17":1,"18":24},"f":{"0":24,"1":250},"b":{"0":[6,130],"1":[136,133],"2":[0,129],"3":[7,243],"4":[250,243]}}
,"/Users/junmengye/make-real/src/utils/export/exportPipeline.ts": {"path":"/Users/junmengye/make-real/src/utils/export/exportPipeline.ts","statementMap":{"0":{"start":{"line":65,"column":0},"end":{"line":65,"column":7}},"1":{"start":{"line":21,"column":0},"end":{"line":21,"column":63}},"2":{"start":{"line":22,"column":0},"end":{"line":22,"column":51}},"3":{"start":{"line":23,"column":0},"end":{"line":23,"column":50}},"4":{"start":{"line":24,"column":0},"end":{"line":24,"column":47}},"5":{"start":{"line":25,"column":0},"end":{"line":25,"column":55}},"6":{"start":{"line":26,"column":0},"end":{"line":26,"column":65}},"7":{"start":{"line":27,"column":0},"end":{"line":27,"column":58}},"8":{"start":{"line":28,"column":0},"end":{"line":28,"column":56}},"9":{"start":{"line":29,"column":0},"end":{"line":29,"column":52}},"10":{"start":{"line":30,"column":0},"end":{"line":30,"column":49}},"11":{"start":{"line":69,"column":2},"end":{"line":69,"column":73}},"12":{"start":{"line":71,"column":2},"end":{"line":195,"column":3}},"13":{"start":{"line":73,"column":4},"end":{"line":73,"column":74}},"14":{"start":{"line":74,"column":27},"end":{"line":74,"column":57}},"15":{"start":{"line":77,"column":4},"end":{"line":82,"column":5}},"16":{"start":{"line":78,"column":27},"end":{"line":78,"column":104}},"17":{"start":{"line":79,"column":6},"end":{"line":79,"column":54}},"18":{"start":{"line":80,"column":6},"end":{"line":80,"column":26}},"19":{"start":{"line":81,"column":6},"end":{"line":81,"column":13}},"20":{"start":{"line":84,"column":4},"end":{"line":85,"column":39}},"21":{"start":{"line":85,"column":30},"end":{"line":85,"column":36}},"22":{"start":{"line":88,"column":4},"end":{"line":88,"column":64}},"23":{"start":{"line":89,"column":44},"end":{"line":89,"column":46}},"24":{"start":{"line":91,"column":4},"end":{"line":105,"column":5}},"25":{"start":{"line":93,"column":20},"end":{"line":93,"column":58}},"26":{"start":{"line":94,"column":24},"end":{"line":94,"column":52}},"27":{"start":{"line":95,"column":27},"end":{"line":95,"column":52}},"28":{"start":{"line":98,"column":24},"end":{"line":98,"column":55}},"29":{"start":{"line":101,"column":6},"end":{"line":104,"column":9}},"30":{"start":{"line":107,"column":4},"end":{"line":107,"column":67}},"31":{"start":{"line":110,"column":4},"end":{"line":110,"column":67}},"32":{"start":{"line":111,"column":22},"end":{"line":111,"column":54}},"33":{"start":{"line":112,"column":4},"end":{"line":112,"column":96}},"34":{"start":{"line":115,"column":4},"end":{"line":115,"column":67}},"35":{"start":{"line":116,"column":22},"end":{"line":116,"column":53}},"36":{"start":{"line":116,"column":46},"end":{"line":116,"column":52}},"37":{"start":{"line":117,"column":27},"end":{"line":120,"column":7}},"38":{"start":{"line":117,"column":55},"end":{"line":120,"column":6}},"39":{"start":{"line":121,"column":4},"end":{"line":121,"column":66}},"40":{"start":{"line":124,"column":4},"end":{"line":124,"column":66}},"41":{"start":{"line":125,"column":23},"end":{"line":125,"column":55}},"42":{"start":{"line":126,"column":4},"end":{"line":126,"column":92}},"43":{"start":{"line":129,"column":4},"end":{"line":129,"column":82}},"44":{"start":{"line":130,"column":17},"end":{"line":130,"column":56}},"45":{"start":{"line":131,"column":4},"end":{"line":131,"column":116}},"46":{"start":{"line":134,"column":4},"end":{"line":134,"column":82}},"47":{"start":{"line":137,"column":4},"end":{"line":173,"column":5}},"48":{"start":{"line":139,"column":8},"end":{"line":146,"column":10}},"49":{"start":{"line":147,"column":8},"end":{"line":147,"column":14}},"50":{"start":{"line":150,"column":8},"end":{"line":157,"column":10}},"51":{"start":{"line":158,"column":8},"end":{"line":158,"column":14}},"52":{"start":{"line":161,"column":8},"end":{"line":168,"column":10}},"53":{"start":{"line":169,"column":8},"end":{"line":169,"column":14}},"54":{"start":{"line":172,"column":8},"end":{"line":172,"column":72}},"55":{"start":{"line":175,"column":4},"end":{"line":175,"column":73}},"56":{"start":{"line":178,"column":4},"end":{"line":178,"column":70}},"57":{"start":{"line":179,"column":24},"end":{"line":179,"column":92}},"58":{"start":{"line":180,"column":4},"end":{"line":180,"column":55}},"59":{"start":{"line":182,"column":4},"end":{"line":182,"column":66}},"60":{"start":{"line":184,"column":4},"end":{"line":184,"column":60}},"61":{"start":{"line":187,"column":25},"end":{"line":189,"column":52}},"62":{"start":{"line":191,"column":4},"end":{"line":191,"column":85}},"63":{"start":{"line":194,"column":4},"end":{"line":194,"column":16}},"64":{"start":{"line":212,"column":20},"end":{"line":212,"column":49}},"65":{"start":{"line":214,"column":2},"end":{"line":244,"column":3}},"66":{"start":{"line":215,"column":4},"end":{"line":215,"column":40}},"67":{"start":{"line":215,"column":31},"end":{"line":215,"column":40}},"68":{"start":{"line":217,"column":22},"end":{"line":217,"column":40}},"69":{"start":{"line":218,"column":21},"end":{"line":218,"column":36}},"70":{"start":{"line":222,"column":23},"end":{"line":222,"column":64}},"71":{"start":{"line":223,"column":20},"end":{"line":223,"column":55}},"72":{"start":{"line":225,"column":22},"end":{"line":225,"column":58}},"73":{"start":{"line":226,"column":19},"end":{"line":226,"column":52}},"74":{"start":{"line":227,"column":26},"end":{"line":227,"column":48}},"75":{"start":{"line":230,"column":4},"end":{"line":232,"column":5}},"76":{"start":{"line":231,"column":6},"end":{"line":231,"column":23}},"77":{"start":{"line":236,"column":32},"end":{"line":236,"column":69}},"78":{"start":{"line":238,"column":4},"end":{"line":243,"column":5}},"79":{"start":{"line":239,"column":6},"end":{"line":242,"column":7}},"80":{"start":{"line":241,"column":8},"end":{"line":241,"column":25}},"81":{"start":{"line":246,"column":2},"end":{"line":246,"column":19}},"82":{"start":{"line":256,"column":2},"end":{"line":261,"column":35}}},"fnMap":{"0":{"name":"exportProject","decl":{"start":{"line":65,"column":22},"end":{"line":65,"column":35}},"loc":{"start":{"line":67,"column":24},"end":{"line":196,"column":1}}},"1":{"name":"(anonymous_1)","decl":{"start":{"line":85,"column":25},"end":{"line":85,"column":26}},"loc":{"start":{"line":85,"column":30},"end":{"line":85,"column":36}}},"2":{"name":"(anonymous_2)","decl":{"start":{"line":116,"column":41},"end":{"line":116,"column":42}},"loc":{"start":{"line":116,"column":46},"end":{"line":116,"column":52}}},"3":{"name":"(anonymous_3)","decl":{"start":{"line":117,"column":46},"end":{"line":117,"column":50}},"loc":{"start":{"line":117,"column":55},"end":{"line":120,"column":6}}},"4":{"name":"findShapeByPageName","decl":{"start":{"line":208,"column":9},"end":{"line":208,"column":28}},"loc":{"start":{"line":210,"column":18},"end":{"line":247,"column":1}}},"5":{"name":"sanitizeFileName","decl":{"start":{"line":255,"column":9},"end":{"line":255,"column":25}},"loc":{"start":{"line":255,"column":42},"end":{"line":262,"column":1}}}},"branchMap":{"0":{"loc":{"start":{"line":77,"column":4},"end":{"line":82,"column":5}},"type":"if","locations":[{"start":{"line":77,"column":4},"end":{"line":82,"column":5}},{"start":{},"end":{}}]},"1":{"loc":{"start":{"line":94,"column":24},"end":{"line":94,"column":52}},"type":"binary-expr","locations":[{"start":{"line":94,"column":24},"end":{"line":94,"column":46}},{"start":{"line":94,"column":50},"end":{"line":94,"column":52}}]},"2":{"loc":{"start":{"line":137,"column":4},"end":{"line":173,"column":5}},"type":"switch","locations":[{"start":{"line":138,"column":6},"end":{"line":147,"column":14}},{"start":{"line":149,"column":6},"end":{"line":158,"column":14}},{"start":{"line":160,"column":6},"end":{"line":169,"column":14}},{"start":{"line":171,"column":6},"end":{"line":172,"column":72}}]},"3":{"loc":{"start":{"line":187,"column":25},"end":{"line":189,"column":52}},"type":"cond-expr","locations":[{"start":{"line":188,"column":8},"end":{"line":188,"column":21}},{"start":{"line":189,"column":8},"end":{"line":189,"column":52}}]},"4":{"loc":{"start":{"line":215,"column":4},"end":{"line":215,"column":40}},"type":"if","locations":[{"start":{"line":215,"column":4},"end":{"line":215,"column":40}},{"start":{},"end":{}}]},"5":{"loc":{"start":{"line":225,"column":22},"end":{"line":225,"column":58}},"type":"binary-expr","locations":[{"start":{"line":225,"column":22},"end":{"line":225,"column":52}},{"start":{"line":225,"column":56},"end":{"line":225,"column":58}}]},"6":{"loc":{"start":{"line":226,"column":19},"end":{"line":226,"column":52}},"type":"binary-expr","locations":[{"start":{"line":226,"column":19},"end":{"line":226,"column":46}},{"start":{"line":226,"column":50},"end":{"line":226,"column":52}}]},"7":{"loc":{"start":{"line":230,"column":4},"end":{"line":232,"column":5}},"type":"if","locations":[{"start":{"line":230,"column":4},"end":{"line":232,"column":5}},{"start":{},"end":{}}]},"8":{"loc":{"start":{"line":230,"column":8},"end":{"line":230,"column":75}},"type":"binary-expr","locations":[{"start":{"line":230,"column":8},"end":{"line":230,"column":41}},{"start":{"line":230,"column":45},"end":{"line":230,"column":75}}]},"9":{"loc":{"start":{"line":239,"column":6},"end":{"line":242,"column":7}},"type":"if","locations":[{"start":{"line":239,"column":6},"end":{"line":242,"column":7}},{"start":{},"end":{}}]},"10":{"loc":{"start":{"line":256,"column":9},"end":{"line":261,"column":34}},"type":"binary-expr","locations":[{"start":{"line":256,"column":9},"end":{"line":261,"column":21}},{"start":{"line":261,"column":25},"end":{"line":261,"column":34}}]}},"s":{"0":2,"1":2,"2":2,"3":2,"4":2,"5":2,"6":2,"7":2,"8":2,"9":2,"10":2,"11":15,"12":15,"13":15,"14":15,"15":15,"16":1,"17":1,"18":1,"19":1,"20":14,"21":16,"22":14,"23":14,"24":14,"25":16,"26":16,"27":16,"28":16,"29":16,"30":14,"31":14,"32":14,"33":12,"34":12,"35":12,"36":14,"37":12,"38":14,"39":12,"40":12,"41":12,"42":12,"43":12,"44":12,"45":12,"46":12,"47":12,"48":7,"49":7,"50":2,"51":2,"52":2,"53":2,"54":1,"55":11,"56":11,"57":11,"58":11,"59":11,"60":3,"61":3,"62":3,"63":3,"64":16,"65":16,"66":2,"67":0,"68":2,"69":2,"70":2,"71":2,"72":2,"73":2,"74":2,"75":2,"76":2,"77":0,"78":0,"79":0,"80":0,"81":14,"82":11},"f":{"0":15,"1":16,"2":14,"3":14,"4":16,"5":11},"b":{"0":[1,14],"1":[16,14],"2":[7,2,2,1],"3":[2,1],"4":[0,2],"5":[2,0],"6":[2,0],"7":[2,0],"8":[2,0],"9":[0,0],"10":[11,1]}}
,"/Users/junmengye/make-real/src/utils/export/index.ts": {"path":"/Users/junmengye/make-real/src/utils/export/index.ts","statementMap":{"0":{"start":{"line":11,"column":0},"end":{"line":11,"column":9}},"1":{"start":{"line":11,"column":9},"end":{"line":11,"column":49}},"2":{"start":{"line":14,"column":0},"end":{"line":14,"column":9}},"3":{"start":{"line":14,"column":9},"end":{"line":14,"column":51}},"4":{"start":{"line":15,"column":0},"end":{"line":15,"column":9}},"5":{"start":{"line":15,"column":9},"end":{"line":15,"column":50}},"6":{"start":{"line":16,"column":0},"end":{"line":16,"column":9}},"7":{"start":{"line":16,"column":9},"end":{"line":16,"column":47}},"8":{"start":{"line":17,"column":0},"end":{"line":17,"column":9}},"9":{"start":{"line":17,"column":9},"end":{"line":17,"column":55}},"10":{"start":{"line":18,"column":0},"end":{"line":18,"column":9}},"11":{"start":{"line":18,"column":9},"end":{"line":18,"column":65}},"12":{"start":{"line":19,"column":0},"end":{"line":19,"column":9}},"13":{"start":{"line":19,"column":9},"end":{"line":19,"column":54}},"14":{"start":{"line":22,"column":0},"end":{"line":22,"column":9}},"15":{"start":{"line":22,"column":9},"end":{"line":22,"column":58}},"16":{"start":{"line":23,"column":0},"end":{"line":23,"column":9}},"17":{"start":{"line":23,"column":9},"end":{"line":23,"column":56}},"18":{"start":{"line":24,"column":0},"end":{"line":24,"column":9}},"19":{"start":{"line":24,"column":9},"end":{"line":24,"column":52}},"20":{"start":{"line":27,"column":0},"end":{"line":27,"column":9}},"21":{"start":{"line":27,"column":9},"end":{"line":27,"column":49}}},"fnMap":{"0":{"name":"(anonymous_0)","decl":{"start":{"line":11,"column":9},"end":{"line":11,"column":22}},"loc":{"start":{"line":11,"column":9},"end":{"line":11,"column":49}}},"1":{"name":"(anonymous_1)","decl":{"start":{"line":14,"column":9},"end":{"line":14,"column":23}},"loc":{"start":{"line":14,"column":9},"end":{"line":14,"column":51}}},"2":{"name":"(anonymous_2)","decl":{"start":{"line":15,"column":9},"end":{"line":15,"column":25}},"loc":{"start":{"line":15,"column":9},"end":{"line":15,"column":50}}},"3":{"name":"(anonymous_3)","decl":{"start":{"line":16,"column":9},"end":{"line":16,"column":21}},"loc":{"start":{"line":16,"column":9},"end":{"line":16,"column":47}}},"4":{"name":"(anonymous_4)","decl":{"start":{"line":17,"column":9},"end":{"line":17,"column":25}},"loc":{"start":{"line":17,"column":9},"end":{"line":17,"column":55}}},"5":{"name":"(anonymous_5)","decl":{"start":{"line":18,"column":9},"end":{"line":18,"column":32}},"loc":{"start":{"line":18,"column":9},"end":{"line":18,"column":65}}},"6":{"name":"(anonymous_6)","decl":{"start":{"line":19,"column":9},"end":{"line":19,"column":29}},"loc":{"start":{"line":19,"column":9},"end":{"line":19,"column":54}}},"7":{"name":"(anonymous_7)","decl":{"start":{"line":22,"column":9},"end":{"line":22,"column":30}},"loc":{"start":{"line":22,"column":9},"end":{"line":22,"column":58}}},"8":{"name":"(anonymous_8)","decl":{"start":{"line":23,"column":9},"end":{"line":23,"column":29}},"loc":{"start":{"line":23,"column":9},"end":{"line":23,"column":56}}},"9":{"name":"(anonymous_9)","decl":{"start":{"line":24,"column":9},"end":{"line":24,"column":27}},"loc":{"start":{"line":24,"column":9},"end":{"line":24,"column":52}}},"10":{"name":"(anonymous_10)","decl":{"start":{"line":27,"column":9},"end":{"line":27,"column":26}},"loc":{"start":{"line":27,"column":9},"end":{"line":27,"column":49}}}},"branchMap":{},"s":{"0":2,"1":11,"2":2,"3":6,"4":2,"5":6,"6":2,"7":6,"8":2,"9":6,"10":2,"11":6,"12":2,"13":6,"14":2,"15":6,"16":2,"17":6,"18":2,"19":6,"20":2,"21":6},"f":{"0":9,"1":4,"2":4,"3":4,"4":4,"5":4,"6":4,"7":4,"8":4,"9":4,"10":4},"b":{}}
,"/Users/junmengye/make-real/src/utils/export/linkConverter.ts": {"path":"/Users/junmengye/make-real/src/utils/export/linkConverter.ts","statementMap":{"0":{"start":{"line":115,"column":0},"end":{"line":115,"column":16}},"1":{"start":{"line":46,"column":16},"end":{"line":48,"column":null}},"2":{"start":{"line":53,"column":2},"end":{"line":61,"column":5}},"3":{"start":{"line":55,"column":28},"end":{"line":55,"column":109}},"4":{"start":{"line":57,"column":4},"end":{"line":60,"column":29}},"5":{"start":{"line":64,"column":2},"end":{"line":67,"column":4}},"6":{"start":{"line":69,"column":2},"end":{"line":69,"column":17}},"7":{"start":{"line":121,"column":15},"end":{"line":121,"column":47}},"8":{"start":{"line":124,"column":21},"end":{"line":124,"column":39}},"9":{"start":{"line":127,"column":2},"end":{"line":223,"column":3}},"10":{"start":{"line":130,"column":4},"end":{"line":183,"column":6}},"11":{"start":{"line":134,"column":8},"end":{"line":181,"column":9}},"12":{"start":{"line":137,"column":10},"end":{"line":139,"column":11}},"13":{"start":{"line":138,"column":12},"end":{"line":138,"column":71}},"14":{"start":{"line":140,"column":10},"end":{"line":140,"column":23}},"15":{"start":{"line":144,"column":10},"end":{"line":179,"column":11}},"16":{"start":{"line":146,"column":27},"end":{"line":146,"column":40}},"17":{"start":{"line":149,"column":12},"end":{"line":156,"column":13}},"18":{"start":{"line":150,"column":14},"end":{"line":153,"column":16}},"19":{"start":{"line":152,"column":49},"end":{"line":152,"column":91}},"20":{"start":{"line":155,"column":14},"end":{"line":155,"column":58}},"21":{"start":{"line":159,"column":35},"end":{"line":159,"column":93}},"22":{"start":{"line":160,"column":12},"end":{"line":171,"column":13}},"23":{"start":{"line":161,"column":14},"end":{"line":168,"column":16}},"24":{"start":{"line":164,"column":40},"end":{"line":164,"column":53}},"25":{"start":{"line":165,"column":36},"end":{"line":165,"column":94}},"26":{"start":{"line":166,"column":18},"end":{"line":166,"column":82}},"27":{"start":{"line":170,"column":14},"end":{"line":170,"column":55}},"28":{"start":{"line":174,"column":12},"end":{"line":176,"column":13}},"29":{"start":{"line":175,"column":14},"end":{"line":175,"column":68}},"30":{"start":{"line":178,"column":12},"end":{"line":178,"column":43}},"31":{"start":{"line":180,"column":10},"end":{"line":180,"column":23}},"32":{"start":{"line":184,"column":9},"end":{"line":223,"column":3}},"33":{"start":{"line":187,"column":4},"end":{"line":203,"column":6}},"34":{"start":{"line":190,"column":8},"end":{"line":200,"column":9}},"35":{"start":{"line":192,"column":10},"end":{"line":194,"column":11}},"36":{"start":{"line":193,"column":12},"end":{"line":193,"column":71}},"37":{"start":{"line":197,"column":10},"end":{"line":199,"column":11}},"38":{"start":{"line":198,"column":12},"end":{"line":198,"column":80}},"39":{"start":{"line":201,"column":8},"end":{"line":201,"column":21}},"40":{"start":{"line":204,"column":9},"end":{"line":223,"column":3}},"41":{"start":{"line":206,"column":4},"end":{"line":222,"column":6}},"42":{"start":{"line":209,"column":8},"end":{"line":219,"column":9}},"43":{"start":{"line":211,"column":10},"end":{"line":213,"column":11}},"44":{"start":{"line":212,"column":12},"end":{"line":212,"column":69}},"45":{"start":{"line":216,"column":10},"end":{"line":218,"column":11}},"46":{"start":{"line":217,"column":12},"end":{"line":217,"column":78}},"47":{"start":{"line":220,"column":8},"end":{"line":220,"column":21}},"48":{"start":{"line":225,"column":2},"end":{"line":225,"column":16}}},"fnMap":{"0":{"name":"stripOldLinkHandlerScripts","decl":{"start":{"line":41,"column":9},"end":{"line":41,"column":35}},"loc":{"start":{"line":41,"column":48},"end":{"line":70,"column":1}}},"1":{"name":"(anonymous_1)","decl":{"start":{"line":53,"column":73},"end":{"line":53,"column":74}},"loc":{"start":{"line":53,"column":83},"end":{"line":61,"column":3}}},"2":{"name":"convertLinks","decl":{"start":{"line":115,"column":16},"end":{"line":115,"column":28}},"loc":{"start":{"line":118,"column":36},"end":{"line":226,"column":1}}},"3":{"name":"(anonymous_3)","decl":{"start":{"line":132,"column":6},"end":{"line":132,"column":7}},"loc":{"start":{"line":132,"column":52},"end":{"line":182,"column":7}}},"4":{"name":"(anonymous_4)","decl":{"start":{"line":152,"column":16},"end":{"line":152,"column":17}},"loc":{"start":{"line":152,"column":49},"end":{"line":152,"column":91}}},"5":{"name":"(anonymous_5)","decl":{"start":{"line":163,"column":16},"end":{"line":163,"column":17}},"loc":{"start":{"line":163,"column":47},"end":{"line":167,"column":17}}},"6":{"name":"(anonymous_6)","decl":{"start":{"line":189,"column":6},"end":{"line":189,"column":7}},"loc":{"start":{"line":189,"column":52},"end":{"line":202,"column":7}}},"7":{"name":"(anonymous_7)","decl":{"start":{"line":208,"column":6},"end":{"line":208,"column":7}},"loc":{"start":{"line":208,"column":52},"end":{"line":221,"column":7}}}},"branchMap":{"0":{"loc":{"start":{"line":127,"column":2},"end":{"line":223,"column":3}},"type":"if","locations":[{"start":{"line":127,"column":2},"end":{"line":223,"column":3}},{"start":{"line":184,"column":9},"end":{"line":223,"column":3}}]},"1":{"loc":{"start":{"line":134,"column":8},"end":{"line":181,"column":9}},"type":"if","locations":[{"start":{"line":134,"column":8},"end":{"line":181,"column":9}},{"start":{"line":141,"column":15},"end":{"line":181,"column":9}}]},"2":{"loc":{"start":{"line":137,"column":10},"end":{"line":139,"column":11}},"type":"if","locations":[{"start":{"line":137,"column":10},"end":{"line":139,"column":11}},{"start":{},"end":{}}]},"3":{"loc":{"start":{"line":144,"column":10},"end":{"line":179,"column":11}},"type":"if","locations":[{"start":{"line":144,"column":10},"end":{"line":179,"column":11}},{"start":{},"end":{}}]},"4":{"loc":{"start":{"line":149,"column":12},"end":{"line":156,"column":13}},"type":"if","locations":[{"start":{"line":149,"column":12},"end":{"line":156,"column":13}},{"start":{"line":154,"column":19},"end":{"line":156,"column":13}}]},"5":{"loc":{"start":{"line":160,"column":12},"end":{"line":171,"column":13}},"type":"if","locations":[{"start":{"line":160,"column":12},"end":{"line":171,"column":13}},{"start":{"line":169,"column":19},"end":{"line":171,"column":13}}]},"6":{"loc":{"start":{"line":165,"column":36},"end":{"line":165,"column":94}},"type":"cond-expr","locations":[{"start":{"line":165,"column":84},"end":{"line":165,"column":88}},{"start":{"line":165,"column":91},"end":{"line":165,"column":94}}]},"7":{"loc":{"start":{"line":165,"column":36},"end":{"line":165,"column":81}},"type":"binary-expr","locations":[{"start":{"line":165,"column":36},"end":{"line":165,"column":49}},{"start":{"line":165,"column":53},"end":{"line":165,"column":81}}]},"8":{"loc":{"start":{"line":174,"column":12},"end":{"line":176,"column":13}},"type":"if","locations":[{"start":{"line":174,"column":12},"end":{"line":176,"column":13}},{"start":{},"end":{}}]},"9":{"loc":{"start":{"line":184,"column":9},"end":{"line":223,"column":3}},"type":"if","locations":[{"start":{"line":184,"column":9},"end":{"line":223,"column":3}},{"start":{"line":204,"column":9},"end":{"line":223,"column":3}}]},"10":{"loc":{"start":{"line":190,"column":8},"end":{"line":200,"column":9}},"type":"if","locations":[{"start":{"line":190,"column":8},"end":{"line":200,"column":9}},{"start":{"line":195,"column":15},"end":{"line":200,"column":9}}]},"11":{"loc":{"start":{"line":192,"column":10},"end":{"line":194,"column":11}},"type":"if","locations":[{"start":{"line":192,"column":10},"end":{"line":194,"column":11}},{"start":{},"end":{}}]},"12":{"loc":{"start":{"line":197,"column":10},"end":{"line":199,"column":11}},"type":"if","locations":[{"start":{"line":197,"column":10},"end":{"line":199,"column":11}},{"start":{},"end":{}}]},"13":{"loc":{"start":{"line":204,"column":9},"end":{"line":223,"column":3}},"type":"if","locations":[{"start":{"line":204,"column":9},"end":{"line":223,"column":3}},{"start":{},"end":{}}]},"14":{"loc":{"start":{"line":209,"column":8},"end":{"line":219,"column":9}},"type":"if","locations":[{"start":{"line":209,"column":8},"end":{"line":219,"column":9}},{"start":{"line":214,"column":15},"end":{"line":219,"column":9}}]},"15":{"loc":{"start":{"line":211,"column":10},"end":{"line":213,"column":11}},"type":"if","locations":[{"start":{"line":211,"column":10},"end":{"line":213,"column":11}},{"start":{},"end":{}}]},"16":{"loc":{"start":{"line":216,"column":10},"end":{"line":218,"column":11}},"type":"if","locations":[{"start":{"line":216,"column":10},"end":{"line":218,"column":11}},{"start":{},"end":{}}]}},"s":{"0":4,"1":26,"2":26,"3":1,"4":1,"5":26,"6":26,"7":26,"8":26,"9":26,"10":20,"11":21,"12":15,"13":14,"14":1,"15":6,"16":6,"17":6,"18":1,"19":1,"20":5,"21":6,"22":6,"23":2,"24":2,"25":2,"26":2,"27":4,"28":6,"29":6,"30":6,"31":0,"32":6,"33":3,"34":5,"35":3,"36":3,"37":2,"38":2,"39":0,"40":3,"41":3,"42":5,"43":3,"44":3,"45":2,"46":2,"47":0,"48":26},"f":{"0":26,"1":1,"2":26,"3":21,"4":1,"5":2,"6":5,"7":5},"b":{"0":[20,6],"1":[15,6],"2":[14,1],"3":[6,0],"4":[1,5],"5":[2,4],"6":[1,1],"7":[2,2],"8":[6,0],"9":[3,3],"10":[3,2],"11":[3,0],"12":[2,0],"13":[3,0],"14":[3,2],"15":[3,0],"16":[2,0]}}
,"/Users/junmengye/make-real/src/utils/export/mockDataGenerator.ts": {"path":"/Users/junmengye/make-real/src/utils/export/mockDataGenerator.ts","statementMap":{"0":{"start":{"line":25,"column":0},"end":{"line":25,"column":16}},"1":{"start":{"line":26,"column":36},"end":{"line":26,"column":38}},"2":{"start":{"line":27,"column":20},"end":{"line":27,"column":37}},"3":{"start":{"line":30,"column":2},"end":{"line":52,"column":3}},"4":{"start":{"line":31,"column":4},"end":{"line":31,"column":27}},"5":{"start":{"line":31,"column":18},"end":{"line":31,"column":27}},"6":{"start":{"line":34,"column":27},"end":{"line":34,"column":53}},"7":{"start":{"line":35,"column":4},"end":{"line":41,"column":5}},"8":{"start":{"line":36,"column":18},"end":{"line":36,"column":55}},"9":{"start":{"line":37,"column":6},"end":{"line":40,"column":7}},"10":{"start":{"line":38,"column":8},"end":{"line":38,"column":27}},"11":{"start":{"line":39,"column":8},"end":{"line":39,"column":33}},"12":{"start":{"line":44,"column":25},"end":{"line":44,"column":49}},"13":{"start":{"line":45,"column":4},"end":{"line":51,"column":5}},"14":{"start":{"line":46,"column":18},"end":{"line":46,"column":55}},"15":{"start":{"line":47,"column":6},"end":{"line":50,"column":7}},"16":{"start":{"line":48,"column":8},"end":{"line":48,"column":27}},"17":{"start":{"line":49,"column":8},"end":{"line":49,"column":33}},"18":{"start":{"line":55,"column":2},"end":{"line":61,"column":3}},"19":{"start":{"line":56,"column":4},"end":{"line":60,"column":6}},"20":{"start":{"line":64,"column":20},"end":{"line":64,"column":45}},"21":{"start":{"line":65,"column":2},"end":{"line":69,"column":3}},"22":{"start":{"line":66,"column":21},"end":{"line":66,"column":48}},"23":{"start":{"line":67,"column":21},"end":{"line":67,"column":76}},"24":{"start":{"line":68,"column":4},"end":{"line":68,"column":63}},"25":{"start":{"line":72,"column":26},"end":{"line":72,"column":62}},"26":{"start":{"line":74,"column":2},"end":{"line":78,"column":4}},"27":{"start":{"line":94,"column":36},"end":{"line":94,"column":38}},"28":{"start":{"line":98,"column":23},"end":{"line":98,"column":59}},"29":{"start":{"line":101,"column":2},"end":{"line":129,"column":3}},"30":{"start":{"line":102,"column":16},"end":{"line":102,"column":24}},"31":{"start":{"line":103,"column":23},"end":{"line":103,"column":34}},"32":{"start":{"line":107,"column":21},"end":{"line":107,"column":63}},"33":{"start":{"line":108,"column":17},"end":{"line":108,"column":22}},"34":{"start":{"line":112,"column":25},"end":{"line":112,"column":51}},"35":{"start":{"line":115,"column":4},"end":{"line":121,"column":5}},"36":{"start":{"line":117,"column":26},"end":{"line":117,"column":90}},"37":{"start":{"line":118,"column":6},"end":{"line":120,"column":7}},"38":{"start":{"line":119,"column":8},"end":{"line":119,"column":46}},"39":{"start":{"line":124,"column":17},"end":{"line":124,"column":40}},"40":{"start":{"line":125,"column":4},"end":{"line":128,"column":5}},"41":{"start":{"line":126,"column":23},"end":{"line":126,"column":60}},"42":{"start":{"line":127,"column":6},"end":{"line":127,"column":49}},"43":{"start":{"line":131,"column":2},"end":{"line":131,"column":19}},"44":{"start":{"line":145,"column":36},"end":{"line":145,"column":38}},"45":{"start":{"line":148,"column":21},"end":{"line":148,"column":85}},"46":{"start":{"line":151,"column":2},"end":{"line":161,"column":3}},"47":{"start":{"line":152,"column":19},"end":{"line":152,"column":41}},"48":{"start":{"line":153,"column":16},"end":{"line":153,"column":24}},"49":{"start":{"line":156,"column":17},"end":{"line":156,"column":40}},"50":{"start":{"line":157,"column":4},"end":{"line":160,"column":5}},"51":{"start":{"line":158,"column":23},"end":{"line":158,"column":60}},"52":{"start":{"line":159,"column":6},"end":{"line":159,"column":49}},"53":{"start":{"line":163,"column":2},"end":{"line":163,"column":19}},"54":{"start":{"line":179,"column":2},"end":{"line":202,"column":3}},"55":{"start":{"line":181,"column":15},"end":{"line":181,"column":46}},"56":{"start":{"line":184,"column":4},"end":{"line":187,"column":5}},"57":{"start":{"line":185,"column":21},"end":{"line":185,"column":34}},"58":{"start":{"line":186,"column":6},"end":{"line":186,"column":29}},"59":{"start":{"line":190,"column":4},"end":{"line":192,"column":5}},"60":{"start":{"line":191,"column":6},"end":{"line":191,"column":24}},"61":{"start":{"line":194,"column":4},"end":{"line":194,"column":16}},"62":{"start":{"line":197,"column":15},"end":{"line":197,"column":46}},"63":{"start":{"line":198,"column":4},"end":{"line":200,"column":5}},"64":{"start":{"line":199,"column":6},"end":{"line":199,"column":24}},"65":{"start":{"line":201,"column":4},"end":{"line":201,"column":16}},"66":{"start":{"line":221,"column":20},"end":{"line":221,"column":38}},"67":{"start":{"line":224,"column":2},"end":{"line":230,"column":3}},"68":{"start":{"line":225,"column":4},"end":{"line":229,"column":6}},"69":{"start":{"line":233,"column":2},"end":{"line":239,"column":3}},"70":{"start":{"line":235,"column":4},"end":{"line":237,"column":5}},"71":{"start":{"line":236,"column":6},"end":{"line":236,"column":34}},"72":{"start":{"line":238,"column":4},"end":{"line":238,"column":30}},"73":{"start":{"line":241,"column":2},"end":{"line":246,"column":3}},"74":{"start":{"line":242,"column":4},"end":{"line":244,"column":5}},"75":{"start":{"line":243,"column":6},"end":{"line":243,"column":37}},"76":{"start":{"line":245,"column":4},"end":{"line":245,"column":33}},"77":{"start":{"line":248,"column":2},"end":{"line":250,"column":3}},"78":{"start":{"line":249,"column":4},"end":{"line":249,"column":26}},"79":{"start":{"line":252,"column":2},"end":{"line":257,"column":3}},"80":{"start":{"line":253,"column":4},"end":{"line":255,"column":5}},"81":{"start":{"line":254,"column":6},"end":{"line":254,"column":35}},"82":{"start":{"line":256,"column":4},"end":{"line":256,"column":31}},"83":{"start":{"line":259,"column":2},"end":{"line":264,"column":3}},"84":{"start":{"line":260,"column":4},"end":{"line":262,"column":5}},"85":{"start":{"line":261,"column":6},"end":{"line":261,"column":34}},"86":{"start":{"line":263,"column":4},"end":{"line":263,"column":30}},"87":{"start":{"line":266,"column":2},"end":{"line":268,"column":3}},"88":{"start":{"line":267,"column":4},"end":{"line":267,"column":33}},"89":{"start":{"line":271,"column":2},"end":{"line":276,"column":4}},"90":{"start":{"line":283,"column":2},"end":{"line":310,"column":4}},"91":{"start":{"line":317,"column":2},"end":{"line":325,"column":4}},"92":{"start":{"line":332,"column":2},"end":{"line":362,"column":4}},"93":{"start":{"line":369,"column":2},"end":{"line":379,"column":4}},"94":{"start":{"line":386,"column":2},"end":{"line":408,"column":4}},"95":{"start":{"line":415,"column":2},"end":{"line":435,"column":4}},"96":{"start":{"line":442,"column":2},"end":{"line":469,"column":4}},"97":{"start":{"line":476,"column":2},"end":{"line":500,"column":4}},"98":{"start":{"line":507,"column":2},"end":{"line":517,"column":4}},"99":{"start":{"line":524,"column":2},"end":{"line":542,"column":4}},"100":{"start":{"line":556,"column":19},"end":{"line":559,"column":16}},"101":{"start":{"line":557,"column":25},"end":{"line":557,"column":52}},"102":{"start":{"line":558,"column":4},"end":{"line":558,"column":72}},"103":{"start":{"line":561,"column":2},"end":{"line":661,"column":2}}},"fnMap":{"0":{"name":"generateMockData","decl":{"start":{"line":25,"column":16},"end":{"line":25,"column":32}},"loc":{"start":{"line":25,"column":55},"end":{"line":79,"column":1}}},"1":{"name":"extractFetchCalls","decl":{"start":{"line":93,"column":9},"end":{"line":93,"column":26}},"loc":{"start":{"line":93,"column":37},"end":{"line":132,"column":1}}},"2":{"name":"extractXHRCalls","decl":{"start":{"line":144,"column":9},"end":{"line":144,"column":24}},"loc":{"start":{"line":144,"column":35},"end":{"line":164,"column":1}}},"3":{"name":"extractPathFromUrl","decl":{"start":{"line":178,"column":9},"end":{"line":178,"column":27}},"loc":{"start":{"line":178,"column":39},"end":{"line":203,"column":1}}},"4":{"name":"generateMockDataForPath","decl":{"start":{"line":220,"column":9},"end":{"line":220,"column":32}},"loc":{"start":{"line":220,"column":61},"end":{"line":277,"column":1}}},"5":{"name":"generateUserList","decl":{"start":{"line":282,"column":9},"end":{"line":282,"column":25}},"loc":{"start":{"line":282,"column":25},"end":{"line":311,"column":1}}},"6":{"name":"generateSingleUser","decl":{"start":{"line":316,"column":9},"end":{"line":316,"column":27}},"loc":{"start":{"line":316,"column":27},"end":{"line":326,"column":1}}},"7":{"name":"generateProductList","decl":{"start":{"line":331,"column":9},"end":{"line":331,"column":28}},"loc":{"start":{"line":331,"column":28},"end":{"line":363,"column":1}}},"8":{"name":"generateSingleProduct","decl":{"start":{"line":368,"column":9},"end":{"line":368,"column":30}},"loc":{"start":{"line":368,"column":30},"end":{"line":380,"column":1}}},"9":{"name":"generateCart","decl":{"start":{"line":385,"column":9},"end":{"line":385,"column":21}},"loc":{"start":{"line":385,"column":21},"end":{"line":409,"column":1}}},"10":{"name":"generateOrderList","decl":{"start":{"line":414,"column":9},"end":{"line":414,"column":26}},"loc":{"start":{"line":414,"column":26},"end":{"line":436,"column":1}}},"11":{"name":"generateSingleOrder","decl":{"start":{"line":441,"column":9},"end":{"line":441,"column":28}},"loc":{"start":{"line":441,"column":28},"end":{"line":470,"column":1}}},"12":{"name":"generatePostList","decl":{"start":{"line":475,"column":9},"end":{"line":475,"column":25}},"loc":{"start":{"line":475,"column":25},"end":{"line":501,"column":1}}},"13":{"name":"generateSinglePost","decl":{"start":{"line":506,"column":9},"end":{"line":506,"column":27}},"loc":{"start":{"line":506,"column":27},"end":{"line":518,"column":1}}},"14":{"name":"generateCommentList","decl":{"start":{"line":523,"column":9},"end":{"line":523,"column":28}},"loc":{"start":{"line":523,"column":28},"end":{"line":543,"column":1}}},"15":{"name":"generateInterceptorScript","decl":{"start":{"line":554,"column":9},"end":{"line":554,"column":34}},"loc":{"start":{"line":554,"column":60},"end":{"line":662,"column":1}}},"16":{"name":"(anonymous_16)","decl":{"start":{"line":556,"column":33},"end":{"line":556,"column":41}},"loc":{"start":{"line":556,"column":44},"end":{"line":559,"column":3}}}},"branchMap":{"0":{"loc":{"start":{"line":31,"column":4},"end":{"line":31,"column":27}},"type":"if","locations":[{"start":{"line":31,"column":4},"end":{"line":31,"column":27}},{"start":{},"end":{}}]},"1":{"loc":{"start":{"line":37,"column":6},"end":{"line":40,"column":7}},"type":"if","locations":[{"start":{"line":37,"column":6},"end":{"line":40,"column":7}},{"start":{},"end":{}}]},"2":{"loc":{"start":{"line":47,"column":6},"end":{"line":50,"column":7}},"type":"if","locations":[{"start":{"line":47,"column":6},"end":{"line":50,"column":7}},{"start":{},"end":{}}]},"3":{"loc":{"start":{"line":55,"column":2},"end":{"line":61,"column":3}},"type":"if","locations":[{"start":{"line":55,"column":2},"end":{"line":61,"column":3}},{"start":{},"end":{}}]},"4":{"loc":{"start":{"line":115,"column":4},"end":{"line":121,"column":5}},"type":"if","locations":[{"start":{"line":115,"column":4},"end":{"line":121,"column":5}},{"start":{},"end":{}}]},"5":{"loc":{"start":{"line":118,"column":6},"end":{"line":120,"column":7}},"type":"if","locations":[{"start":{"line":118,"column":6},"end":{"line":120,"column":7}},{"start":{},"end":{}}]},"6":{"loc":{"start":{"line":125,"column":4},"end":{"line":128,"column":5}},"type":"if","locations":[{"start":{"line":125,"column":4},"end":{"line":128,"column":5}},{"start":{},"end":{}}]},"7":{"loc":{"start":{"line":157,"column":4},"end":{"line":160,"column":5}},"type":"if","locations":[{"start":{"line":157,"column":4},"end":{"line":160,"column":5}},{"start":{},"end":{}}]},"8":{"loc":{"start":{"line":184,"column":4},"end":{"line":187,"column":5}},"type":"if","locations":[{"start":{"line":184,"column":4},"end":{"line":187,"column":5}},{"start":{},"end":{}}]},"9":{"loc":{"start":{"line":184,"column":8},"end":{"line":184,"column":65}},"type":"binary-expr","locations":[{"start":{"line":184,"column":8},"end":{"line":184,"column":34}},{"start":{"line":184,"column":38},"end":{"line":184,"column":65}}]},"10":{"loc":{"start":{"line":190,"column":4},"end":{"line":192,"column":5}},"type":"if","locations":[{"start":{"line":190,"column":4},"end":{"line":192,"column":5}},{"start":{},"end":{}}]},"11":{"loc":{"start":{"line":198,"column":4},"end":{"line":200,"column":5}},"type":"if","locations":[{"start":{"line":198,"column":4},"end":{"line":200,"column":5}},{"start":{},"end":{}}]},"12":{"loc":{"start":{"line":224,"column":2},"end":{"line":230,"column":3}},"type":"if","locations":[{"start":{"line":224,"column":2},"end":{"line":230,"column":3}},{"start":{},"end":{}}]},"13":{"loc":{"start":{"line":224,"column":6},"end":{"line":224,"column":66}},"type":"binary-expr","locations":[{"start":{"line":224,"column":6},"end":{"line":224,"column":23}},{"start":{"line":224,"column":27},"end":{"line":224,"column":43}},{"start":{"line":224,"column":47},"end":{"line":224,"column":66}}]},"14":{"loc":{"start":{"line":233,"column":2},"end":{"line":239,"column":3}},"type":"if","locations":[{"start":{"line":233,"column":2},"end":{"line":239,"column":3}},{"start":{},"end":{}}]},"15":{"loc":{"start":{"line":235,"column":4},"end":{"line":237,"column":5}},"type":"if","locations":[{"start":{"line":235,"column":4},"end":{"line":237,"column":5}},{"start":{},"end":{}}]},"16":{"loc":{"start":{"line":235,"column":8},"end":{"line":235,"column":60}},"type":"binary-expr","locations":[{"start":{"line":235,"column":8},"end":{"line":235,"column":27}},{"start":{"line":235,"column":31},"end":{"line":235,"column":60}}]},"17":{"loc":{"start":{"line":241,"column":2},"end":{"line":246,"column":3}},"type":"if","locations":[{"start":{"line":241,"column":2},"end":{"line":246,"column":3}},{"start":{},"end":{}}]},"18":{"loc":{"start":{"line":242,"column":4},"end":{"line":244,"column":5}},"type":"if","locations":[{"start":{"line":242,"column":4},"end":{"line":244,"column":5}},{"start":{},"end":{}}]},"19":{"loc":{"start":{"line":248,"column":2},"end":{"line":250,"column":3}},"type":"if","locations":[{"start":{"line":248,"column":2},"end":{"line":250,"column":3}},{"start":{},"end":{}}]},"20":{"loc":{"start":{"line":252,"column":2},"end":{"line":257,"column":3}},"type":"if","locations":[{"start":{"line":252,"column":2},"end":{"line":257,"column":3}},{"start":{},"end":{}}]},"21":{"loc":{"start":{"line":253,"column":4},"end":{"line":255,"column":5}},"type":"if","locations":[{"start":{"line":253,"column":4},"end":{"line":255,"column":5}},{"start":{},"end":{}}]},"22":{"loc":{"start":{"line":259,"column":2},"end":{"line":264,"column":3}},"type":"if","locations":[{"start":{"line":259,"column":2},"end":{"line":264,"column":3}},{"start":{},"end":{}}]},"23":{"loc":{"start":{"line":259,"column":6},"end":{"line":259,"column":95}},"type":"binary-expr","locations":[{"start":{"line":259,"column":6},"end":{"line":259,"column":32}},{"start":{"line":259,"column":36},"end":{"line":259,"column":65}},{"start":{"line":259,"column":69},"end":{"line":259,"column":95}}]},"24":{"loc":{"start":{"line":260,"column":4},"end":{"line":262,"column":5}},"type":"if","locations":[{"start":{"line":260,"column":4},"end":{"line":262,"column":5}},{"start":{},"end":{}}]},"25":{"loc":{"start":{"line":266,"column":2},"end":{"line":268,"column":3}},"type":"if","locations":[{"start":{"line":266,"column":2},"end":{"line":268,"column":3}},{"start":{},"end":{}}]}},"s":{"0":4,"1":39,"2":39,"3":39,"4":40,"5":1,"6":39,"7":39,"8":41,"9":41,"10":39,"11":39,"12":39,"13":39,"14":4,"15":4,"16":4,"17":4,"18":39,"19":3,"20":36,"21":36,"22":43,"23":43,"24":43,"25":36,"26":36,"27":39,"28":39,"29":39,"30":41,"31":41,"32":41,"33":41,"34":41,"35":41,"36":8,"37":8,"38":8,"39":41,"40":41,"41":41,"42":41,"43":39,"44":39,"45":39,"46":39,"47":4,"48":4,"49":4,"50":4,"51":4,"52":4,"53":39,"54":45,"55":45,"56":45,"57":1,"58":1,"59":45,"60":1,"61":45,"62":0,"63":0,"64":0,"65":0,"66":88,"67":88,"68":18,"69":70,"70":42,"71":2,"72":40,"73":28,"74":14,"75":0,"76":14,"77":14,"78":6,"79":8,"80":2,"81":0,"82":2,"83":6,"84":2,"85":0,"86":2,"87":4,"88":2,"89":2,"90":40,"91":2,"92":14,"93":0,"94":6,"95":2,"96":0,"97":2,"98":0,"99":2,"100":36,"101":43,"102":43,"103":36},"f":{"0":39,"1":39,"2":39,"3":45,"4":88,"5":40,"6":2,"7":14,"8":0,"9":6,"10":2,"11":0,"12":2,"13":0,"14":2,"15":36,"16":43},"b":{"0":[1,39],"1":[39,2],"2":[4,0],"3":[3,36],"4":[8,33],"5":[8,0],"6":[41,0],"7":[4,0],"8":[1,44],"9":[45,45],"10":[1,44],"11":[0,0],"12":[18,70],"13":[88,76,72],"14":[42,28],"15":[2,40],"16":[42,40],"17":[14,14],"18":[0,14],"19":[6,8],"20":[2,6],"21":[0,2],"22":[2,4],"23":[6,4,4],"24":[0,2],"25":[2,2]}}
,"/Users/junmengye/make-real/src/utils/export/overrideApplier.ts": {"path":"/Users/junmengye/make-real/src/utils/export/overrideApplier.ts","statementMap":{"0":{"start":{"line":51,"column":0},"end":{"line":51,"column":16}},"1":{"start":{"line":56,"column":2},"end":{"line":63,"column":3}},"2":{"start":{"line":57,"column":4},"end":{"line":62,"column":6}},"3":{"start":{"line":66,"column":17},"end":{"line":66,"column":32}},"4":{"start":{"line":67,"column":14},"end":{"line":67,"column":60}},"5":{"start":{"line":70,"column":21},"end":{"line":70,"column":22}},"6":{"start":{"line":71,"column":21},"end":{"line":71,"column":22}},"7":{"start":{"line":74,"column":2},"end":{"line":128,"column":3}},"8":{"start":{"line":75,"column":4},"end":{"line":127,"column":5}},"9":{"start":{"line":77,"column":22},"end":{"line":77,"column":58}},"10":{"start":{"line":79,"column":6},"end":{"line":86,"column":7}},"11":{"start":{"line":81,"column":8},"end":{"line":83,"column":10}},"12":{"start":{"line":84,"column":8},"end":{"line":84,"column":23}},"13":{"start":{"line":85,"column":8},"end":{"line":85,"column":17}},"14":{"start":{"line":91,"column":6},"end":{"line":93,"column":7}},"15":{"start":{"line":92,"column":8},"end":{"line":92,"column":44}},"16":{"start":{"line":96,"column":6},"end":{"line":105,"column":7}},"17":{"start":{"line":97,"column":28},"end":{"line":97,"column":50}},"18":{"start":{"line":98,"column":8},"end":{"line":104,"column":9}},"19":{"start":{"line":100,"column":36},"end":{"line":101,"column":null}},"20":{"start":{"line":101,"column":12},"end":{"line":101,"column":32}},"21":{"start":{"line":103,"column":10},"end":{"line":103,"column":62}},"22":{"start":{"line":108,"column":6},"end":{"line":110,"column":7}},"23":{"start":{"line":109,"column":8},"end":{"line":109,"column":42}},"24":{"start":{"line":113,"column":6},"end":{"line":117,"column":7}},"25":{"start":{"line":114,"column":8},"end":{"line":116,"column":9}},"26":{"start":{"line":115,"column":10},"end":{"line":115,"column":52}},"27":{"start":{"line":119,"column":6},"end":{"line":119,"column":21}},"28":{"start":{"line":122,"column":6},"end":{"line":125,"column":8}},"29":{"start":{"line":126,"column":6},"end":{"line":126,"column":21}},"30":{"start":{"line":131,"column":2},"end":{"line":133,"column":4}},"31":{"start":{"line":136,"column":21},"end":{"line":136,"column":40}},"32":{"start":{"line":137,"column":23},"end":{"line":137,"column":56}},"33":{"start":{"line":140,"column":2},"end":{"line":145,"column":4}}},"fnMap":{"0":{"name":"applyOverrides","decl":{"start":{"line":51,"column":16},"end":{"line":51,"column":30}},"loc":{"start":{"line":53,"column":30},"end":{"line":146,"column":1}}},"1":{"name":"(anonymous_1)","decl":{"start":{"line":100,"column":66},"end":{"line":100,"column":67}},"loc":{"start":{"line":101,"column":12},"end":{"line":101,"column":32}}}},"branchMap":{"0":{"loc":{"start":{"line":56,"column":2},"end":{"line":63,"column":3}},"type":"if","locations":[{"start":{"line":56,"column":2},"end":{"line":63,"column":3}},{"start":{},"end":{}}]},"1":{"loc":{"start":{"line":56,"column":6},"end":{"line":56,"column":42}},"type":"binary-expr","locations":[{"start":{"line":56,"column":6},"end":{"line":56,"column":16}},{"start":{"line":56,"column":20},"end":{"line":56,"column":42}}]},"2":{"loc":{"start":{"line":79,"column":6},"end":{"line":86,"column":7}},"type":"if","locations":[{"start":{"line":79,"column":6},"end":{"line":86,"column":7}},{"start":{},"end":{}}]},"3":{"loc":{"start":{"line":91,"column":6},"end":{"line":93,"column":7}},"type":"if","locations":[{"start":{"line":91,"column":6},"end":{"line":93,"column":7}},{"start":{},"end":{}}]},"4":{"loc":{"start":{"line":96,"column":6},"end":{"line":105,"column":7}},"type":"if","locations":[{"start":{"line":96,"column":6},"end":{"line":105,"column":7}},{"start":{},"end":{}}]},"5":{"loc":{"start":{"line":108,"column":6},"end":{"line":110,"column":7}},"type":"if","locations":[{"start":{"line":108,"column":6},"end":{"line":110,"column":7}},{"start":{},"end":{}}]},"6":{"loc":{"start":{"line":113,"column":6},"end":{"line":117,"column":7}},"type":"if","locations":[{"start":{"line":113,"column":6},"end":{"line":117,"column":7}},{"start":{},"end":{}}]}},"s":{"0":4,"1":12,"2":1,"3":11,"4":11,"5":11,"6":11,"7":11,"8":13,"9":13,"10":13,"11":2,"12":2,"13":2,"14":11,"15":8,"16":11,"17":2,"18":2,"19":4,"20":2,"21":4,"22":11,"23":1,"24":11,"25":2,"26":4,"27":11,"28":0,"29":0,"30":11,"31":11,"32":11,"33":11},"f":{"0":12,"1":2},"b":{"0":[1,11],"1":[12,12],"2":[2,11],"3":[8,3],"4":[2,9],"5":[1,10],"6":[2,9]}}
,"/Users/junmengye/make-real/src/utils/export/reactConverter.ts": {"path":"/Users/junmengye/make-real/src/utils/export/reactConverter.ts","statementMap":{"0":{"start":{"line":44,"column":0},"end":{"line":44,"column":16}},"1":{"start":{"line":52,"column":16},"end":{"line":52,"column":41}},"2":{"start":{"line":55,"column":22},"end":{"line":55,"column":50}},"3":{"start":{"line":56,"column":2},"end":{"line":56,"column":41}},"4":{"start":{"line":59,"column":2},"end":{"line":67,"column":3}},"5":{"start":{"line":60,"column":26},"end":{"line":60,"column":52}},"6":{"start":{"line":61,"column":26},"end":{"line":64,"column":null}},"7":{"start":{"line":66,"column":4},"end":{"line":66,"column":63}},"8":{"start":{"line":70,"column":18},"end":{"line":70,"column":45}},"9":{"start":{"line":71,"column":2},"end":{"line":71,"column":36}},"10":{"start":{"line":74,"column":20},"end":{"line":74,"column":40}},"11":{"start":{"line":75,"column":2},"end":{"line":75,"column":40}},"12":{"start":{"line":78,"column":2},"end":{"line":80,"column":3}},"13":{"start":{"line":79,"column":4},"end":{"line":79,"column":50}},"14":{"start":{"line":83,"column":20},"end":{"line":83,"column":58}},"15":{"start":{"line":84,"column":2},"end":{"line":84,"column":44}},"16":{"start":{"line":87,"column":2},"end":{"line":99,"column":3}},"17":{"start":{"line":89,"column":4},"end":{"line":89,"column":72}},"18":{"start":{"line":92,"column":4},"end":{"line":98,"column":5}},"19":{"start":{"line":94,"column":25},"end":{"line":96,"column":35}},"20":{"start":{"line":97,"column":6},"end":{"line":97,"column":37}},"21":{"start":{"line":102,"column":17},"end":{"line":102,"column":71}},"22":{"start":{"line":103,"column":2},"end":{"line":103,"column":33}},"23":{"start":{"line":106,"column":20},"end":{"line":106,"column":39}},"24":{"start":{"line":107,"column":2},"end":{"line":107,"column":37}},"25":{"start":{"line":109,"column":2},"end":{"line":109,"column":15}},"26":{"start":{"line":120,"column":2},"end":{"line":123,"column":14}},"27":{"start":{"line":122,"column":17},"end":{"line":122,"column":75}},"28":{"start":{"line":135,"column":2},"end":{"line":137,"column":3}},"29":{"start":{"line":136,"column":4},"end":{"line":136,"column":15}},"30":{"start":{"line":138,"column":2},"end":{"line":138,"column":38}},"31":{"start":{"line":148,"column":22},"end":{"line":148,"column":64}},"32":{"start":{"line":150,"column":14},"end":{"line":175,"column":4}},"33":{"start":{"line":177,"column":2},"end":{"line":177,"column":38}},"34":{"start":{"line":196,"column":17},"end":{"line":196,"column":42}},"35":{"start":{"line":197,"column":16},"end":{"line":197,"column":41}},"36":{"start":{"line":199,"column":26},"end":{"line":199,"column":28}},"37":{"start":{"line":202,"column":2},"end":{"line":206,"column":3}},"38":{"start":{"line":203,"column":4},"end":{"line":203,"column":60}},"39":{"start":{"line":205,"column":4},"end":{"line":205,"column":45}},"40":{"start":{"line":207,"column":2},"end":{"line":207,"column":17}},"41":{"start":{"line":210,"column":2},"end":{"line":210,"column":46}},"42":{"start":{"line":213,"column":2},"end":{"line":228,"column":3}},"43":{"start":{"line":214,"column":4},"end":{"line":214,"column":38}},"44":{"start":{"line":215,"column":4},"end":{"line":215,"column":58}},"45":{"start":{"line":216,"column":4},"end":{"line":216,"column":28}},"46":{"start":{"line":218,"column":23},"end":{"line":221,"column":17}},"47":{"start":{"line":220,"column":19},"end":{"line":220,"column":34}},"48":{"start":{"line":222,"column":4},"end":{"line":222,"column":27}},"49":{"start":{"line":223,"column":4},"end":{"line":223,"column":40}},"50":{"start":{"line":224,"column":4},"end":{"line":224,"column":78}},"51":{"start":{"line":225,"column":4},"end":{"line":225,"column":24}},"52":{"start":{"line":226,"column":4},"end":{"line":226,"column":28}},"53":{"start":{"line":227,"column":4},"end":{"line":227,"column":19}},"54":{"start":{"line":231,"column":2},"end":{"line":231,"column":27}},"55":{"start":{"line":232,"column":2},"end":{"line":232,"column":53}},"56":{"start":{"line":235,"column":2},"end":{"line":246,"column":3}},"57":{"start":{"line":236,"column":4},"end":{"line":236,"column":32}},"58":{"start":{"line":237,"column":4},"end":{"line":237,"column":29}},"59":{"start":{"line":239,"column":24},"end":{"line":242,"column":17}},"60":{"start":{"line":241,"column":19},"end":{"line":241,"column":38}},"61":{"start":{"line":243,"column":4},"end":{"line":243,"column":28}},"62":{"start":{"line":244,"column":4},"end":{"line":244,"column":29}},"63":{"start":{"line":245,"column":4},"end":{"line":245,"column":33}},"64":{"start":{"line":249,"column":2},"end":{"line":249,"column":27}},"65":{"start":{"line":250,"column":2},"end":{"line":250,"column":51}},"66":{"start":{"line":251,"column":2},"end":{"line":251,"column":36}},"67":{"start":{"line":253,"column":22},"end":{"line":253,"column":74}},"68":{"start":{"line":255,"column":23},"end":{"line":258,"column":15}},"69":{"start":{"line":257,"column":17},"end":{"line":257,"column":38}},"70":{"start":{"line":259,"column":2},"end":{"line":259,"column":27}},"71":{"start":{"line":260,"column":2},"end":{"line":260,"column":28}},"72":{"start":{"line":261,"column":2},"end":{"line":261,"column":27}},"73":{"start":{"line":262,"column":2},"end":{"line":262,"column":25}},"74":{"start":{"line":263,"column":2},"end":{"line":263,"column":27}},"75":{"start":{"line":264,"column":2},"end":{"line":264,"column":21}},"76":{"start":{"line":265,"column":2},"end":{"line":265,"column":18}},"77":{"start":{"line":266,"column":2},"end":{"line":266,"column":17}},"78":{"start":{"line":269,"column":2},"end":{"line":269,"column":49}},"79":{"start":{"line":271,"column":2},"end":{"line":271,"column":26}},"80":{"start":{"line":283,"column":26},"end":{"line":283,"column":28}},"81":{"start":{"line":286,"column":2},"end":{"line":286,"column":43}},"82":{"start":{"line":287,"column":2},"end":{"line":287,"column":97}},"83":{"start":{"line":290,"column":2},"end":{"line":293,"column":3}},"84":{"start":{"line":291,"column":26},"end":{"line":291,"column":52}},"85":{"start":{"line":292,"column":4},"end":{"line":292,"column":75}},"86":{"start":{"line":296,"column":2},"end":{"line":296,"column":46}},"87":{"start":{"line":297,"column":2},"end":{"line":297,"column":17}},"88":{"start":{"line":300,"column":2},"end":{"line":300,"column":33}},"89":{"start":{"line":301,"column":2},"end":{"line":301,"column":27}},"90":{"start":{"line":302,"column":2},"end":{"line":302,"column":29}},"91":{"start":{"line":303,"column":2},"end":{"line":303,"column":44}},"92":{"start":{"line":306,"column":2},"end":{"line":319,"column":3}},"93":{"start":{"line":307,"column":4},"end":{"line":307,"column":52}},"94":{"start":{"line":308,"column":4},"end":{"line":308,"column":33}},"95":{"start":{"line":309,"column":4},"end":{"line":315,"column":5}},"96":{"start":{"line":309,"column":17},"end":{"line":309,"column":18}},"97":{"start":{"line":310,"column":19},"end":{"line":310,"column":27}},"98":{"start":{"line":311,"column":28},"end":{"line":311,"column":54}},"99":{"start":{"line":312,"column":24},"end":{"line":312,"column":55}},"100":{"start":{"line":313,"column":26},"end":{"line":313,"column":39}},"101":{"start":{"line":314,"column":6},"end":{"line":314,"column":87}},"102":{"start":{"line":316,"column":4},"end":{"line":316,"column":34}},"103":{"start":{"line":317,"column":4},"end":{"line":317,"column":33}},"104":{"start":{"line":318,"column":4},"end":{"line":318,"column":19}},"105":{"start":{"line":322,"column":2},"end":{"line":322,"column":33}},"106":{"start":{"line":323,"column":2},"end":{"line":328,"column":3}},"107":{"start":{"line":323,"column":15},"end":{"line":323,"column":16}},"108":{"start":{"line":324,"column":17},"end":{"line":324,"column":25}},"109":{"start":{"line":325,"column":26},"end":{"line":325,"column":52}},"110":{"start":{"line":326,"column":22},"end":{"line":326,"column":53}},"111":{"start":{"line":327,"column":4},"end":{"line":327,"column":89}},"112":{"start":{"line":329,"column":2},"end":{"line":329,
[...]
"column":19}},"319":{"start":{"line":600,"column":4},"end":{"line":600,"column":71}},"320":{"start":{"line":601,"column":4},"end":{"line":601,"column":19}},"321":{"start":{"line":602,"column":4},"end":{"line":602,"column":74}},"322":{"start":{"line":603,"column":4},"end":{"line":603,"column":62}},"323":{"start":{"line":604,"column":4},"end":{"line":604,"column":93}},"324":{"start":{"line":605,"column":4},"end":{"line":605,"column":19}},"325":{"start":{"line":609,"column":2},"end":{"line":609,"column":28}},"326":{"start":{"line":610,"column":2},"end":{"line":610,"column":17}},"327":{"start":{"line":611,"column":2},"end":{"line":611,"column":55}},"328":{"start":{"line":612,"column":2},"end":{"line":612,"column":46}},"329":{"start":{"line":613,"column":2},"end":{"line":613,"column":49}},"330":{"start":{"line":614,"column":2},"end":{"line":614,"column":67}},"331":{"start":{"line":615,"column":2},"end":{"line":615,"column":49}},"332":{"start":{"line":616,"column":2},"end":{"line":618,"column":3}},"333":{"start":{"line":617,"column":4},"end":{"line":617,"column":52}},"334":{"start":{"line":619,"column":2},"end":{"line":619,"column":17}},"335":{"start":{"line":622,"column":2},"end":{"line":622,"column":30}},"336":{"start":{"line":623,"column":2},"end":{"line":623,"column":17}},"337":{"start":{"line":624,"column":2},"end":{"line":624,"column":60}},"338":{"start":{"line":625,"column":2},"end":{"line":625,"column":72}},"339":{"start":{"line":626,"column":2},"end":{"line":626,"column":60}},"340":{"start":{"line":627,"column":2},"end":{"line":627,"column":17}},"341":{"start":{"line":629,"column":2},"end":{"line":629,"column":20}},"342":{"start":{"line":630,"column":2},"end":{"line":630,"column":17}},"343":{"start":{"line":631,"column":2},"end":{"line":631,"column":103}},"344":{"start":{"line":633,"column":2},"end":{"line":633,"column":26}},"345":{"start":{"line":642,"column":26},"end":{"line":642,"column":28}},"346":{"start":{"line":644,"column":2},"end":{"line":644,"column":31}},"347":{"start":{"line":645,"column":2},"end":{"line":645,"column":30}},"348":{"start":{"line":646,"column":2},"end":{"line":646,"column":17}},"349":{"start":{"line":647,"column":2},"end":{"line":647,"column":35}},"350":{"start":{"line":648,"column":2},"end":{"line":648,"column":22}},"351":{"start":{"line":649,"column":2},"end":{"line":649,"column":26}},"352":{"start":{"line":650,"column":2},"end":{"line":650,"column":17}},"353":{"start":{"line":651,"column":2},"end":{"line":651,"column":23}},"354":{"start":{"line":652,"column":2},"end":{"line":652,"column":22}},"355":{"start":{"line":653,"column":2},"end":{"line":653,"column":31}},"356":{"start":{"line":654,"column":2},"end":{"line":654,"column":32}},"357":{"start":{"line":655,"column":2},"end":{"line":655,"column":32}},"358":{"start":{"line":656,"column":2},"end":{"line":656,"column":32}},"359":{"start":{"line":657,"column":2},"end":{"line":657,"column":17}},"360":{"start":{"line":658,"column":2},"end":{"line":658,"column":47}},"361":{"start":{"line":659,"column":2},"end":{"line":659,"column":25}},"362":{"start":{"line":660,"column":2},"end":{"line":660,"column":23}},"363":{"start":{"line":661,"column":2},"end":{"line":661,"column":22}},"364":{"start":{"line":662,"column":2},"end":{"line":662,"column":24}},"365":{"start":{"line":663,"column":2},"end":{"line":663,"column":26}},"366":{"start":{"line":664,"column":2},"end":{"line":664,"column":22}},"367":{"start":{"line":665,"column":2},"end":{"line":665,"column":22}},"368":{"start":{"line":666,"column":2},"end":{"line":666,"column":17}},"369":{"start":{"line":667,"column":2},"end":{"line":667,"column":21}},"370":{"start":{"line":668,"column":2},"end":{"line":668,"column":26}},"371":{"start":{"line":669,"column":2},"end":{"line":669,"column":26}},"372":{"start":{"line":670,"column":2},"end":{"line":670,"column":17}},"373":{"start":{"line":671,"column":2},"end":{"line":671,"column":30}},"374":{"start":{"line":672,"column":2},"end":{"line":672,"column":21}},"375":{"start":{"line":673,"column":2},"end":{"line":673,"column":27}},"376":{"start":{"line":674,"column":2},"end":{"line":674,"column":29}},"377":{"start":{"line":676,"column":2},"end":{"line":676,"column":26}},"378":{"start":{"line":685,"column":26},"end":{"line":685,"column":28}},"379":{"start":{"line":687,"column":2},"end":{"line":687,"column":53}},"380":{"start":{"line":688,"column":2},"end":{"line":688,"column":54}},"381":{"start":{"line":689,"column":2},"end":{"line":689,"column":17}},"382":{"start":{"line":690,"column":2},"end":{"line":690,"column":46}},"383":{"start":{"line":691,"column":2},"end":{"line":691,"column":46}},"384":{"start":{"line":692,"column":2},"end":{"line":692,"column":36}},"385":{"start":{"line":693,"column":2},"end":{"line":693,"column":28}},"386":{"start":{"line":694,"column":2},"end":{"line":694,"column":32}},"387":{"start":{"line":695,"column":2},"end":{"line":695,"column":31}},"388":{"start":{"line":696,"column":2},"end":{"line":696,"column":21}},"389":{"start":{"line":697,"column":2},"end":{"line":697,"column":27}},"390":{"start":{"line":698,"column":2},"end":{"line":698,"column":38}},"391":{"start":{"line":699,"column":2},"end":{"line":699,"column":43}},"392":{"start":{"line":700,"column":2},"end":{"line":700,"column":37}},"393":{"start":{"line":701,"column":2},"end":{"line":701,"column":20}},"394":{"start":{"line":702,"column":2},"end":{"line":702,"column":20}},"395":{"start":{"line":704,"column":2},"end":{"line":704,"column":26}},"396":{"start":{"line":714,"column":38},"end":{"line":720,"column":4}},"397":{"start":{"line":721,"column":2},"end":{"line":721,"column":55}},"398":{"start":{"line":721,"column":44},"end":{"line":721,"column":53}}},"fnMap":{"0":{"name":"assembleVueProject","decl":{"start":{"line":45,"column":16},"end":{"line":45,"column":34}},"loc":{"start":{"line":51,"column":17},"end":{"line":119,"column":1}}},"1":{"name":"toComponentName","decl":{"start":{"line":128,"column":9},"end":{"line":128,"column":24}},"loc":{"start":{"line":128,"column":41},"end":{"line":133,"column":1}}},"2":{"name":"(anonymous_2)","decl":{"start":{"line":131,"column":9},"end":{"line":131,"column":13}},"loc":{"start":{"line":131,"column":17},"end":{"line":131,"column":75}}},"3":{"name":"toRoutePath","decl":{"start":{"line":143,"column":9},"end":{"line":143,"column":20}},"loc":{"start":{"line":143,"column":55},"end":{"line":148,"column":1}}},"4":{"name":"generatePackageJson","decl":{"start":{"line":156,"column":9},"end":{"line":156,"column":28}},"loc":{"start":{"line":156,"column":44},"end":{"line":180,"column":1}}},"5":{"name":"generatePageComponent","decl":{"start":{"line":193,"column":9},"end":{"line":193,"column":30}},"loc":{"start":{"line":196,"column":17},"end":{"line":258,"column":1}}},"6":{"name":"(anonymous_6)","decl":{"start":{"line":220,"column":9},"end":{"line":220,"column":13}},"loc":{"start":{"line":220,"column":17},"end":{"line":220,"column":34}}},"7":{"name":"(anonymous_7)","decl":{"start":{"line":236,"column":11},"end":{"line":236,"column":15}},"loc":{"start":{"line":236,"column":19},"end":{"line":236,"column":34}}},"8":{"name":"generateAppComponent","decl":{"start":{"line":266,"column":9},"end":{"line":266,"column":29}},"loc":{"start":{"line":266,"column":52},"end":{"line":338,"column":1}}},"9":{"name":"generateRouter","decl":{"start":{"line":346,"column":9},"end":{"line":346,"column":23}},"loc":{"start":{"line":346,"column":46},"end":{"line":383,"column":1}}},"10":{"name":"generateMainEntry","decl":{"start":{"line":390,"column":9},"end":{"line":390,"column":26}},"loc":{"start":{"line":390,"column":26},"end":{"line":403,"column":1}}},"11":{"name":"generatePublicIndexHtml","decl":{"start":{"line":412,"column":9},"end":{"line":412,"column":32}},"loc":{"start":{"line":414,"column":52},"end":{"line":452,"column":1}}},"12":{"name":"generateReadme","decl":{"start":{"line":461,"column":9},"end":{"line":461,"column":23}},"loc":{"start":{"line":461,"column":61},"end":{"line":634,"column":1}}},"13":{"name":"generateGitignore","decl":{"start":{"line":641,"column":9},"end":{"line":641,"column":26}},"loc":{"start":{"line":641,"column":26},"end":{"line":677,"column":1}}},"14":{"name":"generateViteConfig","decl":{"start":{"line":684,"column":9},"end":{"line":684,"column":27}},"loc":{"start":{"line":684,"column":27},"end":{"line":705,"column":1}}},"15":{"name":"escapeHtml","decl":{"start":{"line":713,"column":9},"end":{"line":713,"column":19}},"loc":{"start":{"line":713,"column":32},"end":{"line":722,"column":1}}},"16":{"name":"(anonymous_16)","decl":{"start":{"line":721,"column":34},"end":{"line":721,"column":35}},"loc":{"start":{"line":721,"column":44},"end":{"line":721,"column":53}}}},"branchMap":{"0":{"loc":{"start":{"line":65,"column":6},"end":{"line":65,"column":34}},"type":"binary-expr","locations":[{"start":{"line":65,"column":6},"end":{"line":65,"column":28}},{"start":{"line":65,"column":32},"end":{"line":65,"column":34}}]},"1":{"loc":{"start":{"line":83,"column":2},"end":{"line":85,"column":3}},"type":"if","locations":[{"start":{"line":83,"column":2},"end":{"line":85,"column":3}},{"start":{},"end":{}}]},"2":{"loc":{"start":{"line":92,"column":2},"end":{"line":104,"column":3}},"type":"if","locations":[{"start":{"line":92,"column":2},"end":{"line":104,"column":3}},{"start":{},"end":{}}]},"3":{"loc":{"start":{"line":99,"column":25},"end":{"line":101,"column":35}},"type":"cond-expr","locations":[{"start":{"line":100,"column":10},"end":{"line":100,"column":30}},{"start":{"line":101,"column":10},"end":{"line":101,"column":35}}]},"4":{"loc":{"start":{"line":144,"column":2},"end":{"line":146,"column":3}},"type":"if","locations":[{"start":{"line":144,"column":2},"end":{"line":146,"column":3}},{"start":{},"end":{}}]},"5":{"loc":{"start":{"line":228,"column":16},"end":{"line":228,"column":41}},"type":"binary-expr","locations":[{"start":{"line":228,"column":16},"end":{"line":228,"column":23}},{"start":{"line":228,"column":27},"end":{"line":228,"column":41}}]},"6":{"loc":{"start":{"line":229,"column":2},"end":{"line":243,"column":3}},"type":"if","locations":[{"start":{"line":229,"column":2},"end":{"line":243,"column":3}},{"start":{},"end":{}}]},"7":{"loc":{"start":{"line":250,"column":17},"end":{"line":250,"column":42}},"type":"binary-expr","locations":[{"start":{"line":250,"column":17},"end":{"line":250,"column":24}},{"start":{"line":250,"column":28},"end":{"line":250,"column":42}}]},"8":{"loc":{"start":{"line":251,"column":2},"end":{"line":255,"column":3}},"type":"if","locations":[{"start":{"line":251,"column":2},"end":{"line":255,"column":3}},{"start":{},"end":{}}]},"9":{"loc":{"start":{"line":274,"column":2},"end":{"line":285,"column":3}},"type":"if","locations":[{"start":{"line":274,"column":2},"end":{"line":285,"column":3}},{"start":{},"end":{}}]},"10":{"loc":{"start":{"line":302,"column":2},"end":{"line":335,"column":3}},"type":"if","locations":[{"start":{"line":302,"column":2},"end":{"line":335,"column":3}},{"start":{},"end":{}}]},"11":{"loc":{"start":{"line":369,"column":21},"end":{"line":369,"column":52}},"type":"cond-expr","locations":[{"start":{"line":369,"column":44},"end":{"line":369,"column":47}},{"start":{"line":369,"column":50},"end":{"line":369,"column":52}}]},"12":{"loc":{"start":{"line":427,"column":2},"end":{"line":433,"column":3}},"type":"if","locations":[{"start":{"line":427,"column":2},"end":{"line":433,"column":3}},{"start":{},"end":{}}]},"13":{"loc":{"start":{"line":436,"column":2},"end":{"line":442,"column":3}},"type":"if","locations":[{"start":{"line":436,"column":2},"end":{"line":442,"column":3}},{"start":{},"end":{}}]},"14":{"loc":{"start":{"line":478,"column":2},"end":{"line":482,"column":3}},"type":"if","locations":[{"start":{"line":478,"column":2},"end":{"line":482,"column":3}},{"start":{},"end":{}}]},"15":{"loc":{"start":{"line":597,"column":2},"end":{"line":606,"column":3}},"type":"if","locations":[{"start":{"line":597,"column":2},"end":{"line":606,"column":3}},{"start":{},"end":{}}]},"16":{"loc":{"start":{"line":616,"column":2},"end":{"line":618,"column":3}},"type":"if","locations":[{"start":{"line":616,"column":2},"end":{"line":618,"column":3}},{"start":{},"end":{}}]}},"s":{"0":4,"1":25,"2":25,"3":25,"4":25,"5":46,"6":46,"7":46,"8":25,"9":25,"10":25,"11":25,"12":25,"13":25,"14":25,"15":20,"16":25,"17":25,"18":25,"19":2,"20":2,"21":2,"22":2,"23":25,"24":25,"25":25,"26":25,"27":25,"28":25,"29":25,"30":180,"31":188,"32":88,"33":46,"34":42,"35":25,"36":25,"37":25,"38":46,"39":46,"40":46,"41":46,"42":46,"43":46,"44":46,"45":46,"46":46,"47":46,"48":46,"49":46,"50":46,"51":46,"52":46,"53":46,"54":46,"55":46,"56":46,"57":46,"58":46,"59":46,"60":41,"61":41,"62":41,"63":41,"64":41,"65":41,"66":41,"67":41,"68":41,"69":41,"70":46,"71":46,"72":46,"73":46,"74":46,"75":42,"76":42,"77":42,"78":46,"79":25,"80":25,"81":25,"82":25,"83":21,"84":21,"85":21,"86":21,"87":42,"88":42,"89":42,"90":42,"91":21,"92":21,"93":25,"94":25,"95":25,"96":25,"97":25,"98":25,"99":25,"100":25,"101":25,"102":25,"103":25,"104":21,"105":21,"106":21,"107":21,"108":21,"109":21,"110":21,"111":21,"112":21,"113":21,"114":21,"115":21,"116":21,"117":21,"118":21,"119":21,"120":21,"121":21,"122":21,"123":21,"124":21,"125":21,"126":21,"127":21,"128":21,"129":21,"130":21,"131":21,"132":21,"133":21,"134":21,"135":21,"136":25,"137":25,"138":25,"139":25,"140":25,"141":46,"142":46,"143":25,"144":25,"145":25,"146":25,"147":46,"148":46,"149":46,"150":46,"151":46,"152":46,"153":46,"154":46,"155":25,"156":25,"157":25,"158":25,"159":25,"160":25,"161":25,"162":25,"163":25,"164":25,"165":25,"166":25,"167":25,"168":25,"169":25,"170":25,"171":25,"172":25,"173":25,"174":25,"175":25,"176":25,"177":25,"178":25,"179":25,"180":25,"181":25,"182":25,"183":21,"184":21,"185":21,"186":21,"187":25,"188":21,"189":21,"190":21,"191":21,"192":25,"193":25,"194":25,"195":25,"196":25,"197":25,"198":25,"199":25,"200":25,"201":25,"202":25,"203":25,"204":25,"205":25,"206":25,"207":25,"208":25,"209":25,"210":25,"211":25,"212":25,"213":2,"214":2,"215":2,"216":25,"217":25,"218":25,"219":25,"220":25,"221":25,"222":25,"223":25,"224":25,"225":25,"226":25,"227":25,"228":25,"229":25,"230":25,"231":25,"232":25,"233":25,"234":25,"235":25,"236":25,"237":25,"238":25,"239":25,"240":25,"241":25,"242":25,"243":25,"244":25,"245":25,"246":25,"247":25,"248":25,"249":25,"250":25,"251":25,"252":25,"253":25,"254":25,"255":25,"256":25,"257":25,"258":25,"259":25,"260":25,"261":25,"262":25,"263":25,"264":25,"265":25,"266":25,"267":25,"268":25,"269":25,"270":25,"271":25,"272":25,"273":25,"274":25,"275":25,"276":25,"277":25,"278":25,"279":25,"280":25,"281":25,"282":25,"283":25,"284":25,"285":25,"286":25,"287":25,"288":25,"289":25,"290":25,"291":25,"292":25,"293":25,"294":25,"295":25,"296":25,"297":25,"298":25,"299":25,"300":25,"301":25,"302":25,"303":25,"304":25,"305":25,"306":25,"307":25,"308":25,"309":25,"310":25,"311":25,"312":25,"313":25,"314":25,"315":25,"316":25,"317":2,"318":2,"319":2,"320":2,"321":2,"322":2,"323":2,"324":2,"325":25,"326":25,"327":25,"328":25,"329":25,"330":25,"331":25,"332":25,"333":2,"334":25,"335":25,"336":25,"337":25,"338":25,"339":25,"340":25,"341":25,"342":25,"343":25,"344":25,"345":25,"346":25,"347":25,"348":25,"349":25,"350":25,"351":25,"352":25,"353":25,"354":25,"355":25,"356":25,"357":25,"358":25,"359":25,"360":25,"361":25,"362":25,"363":25,"364":25,"365":25,"366":25,"367":25,"368":25,"369":25,"370":25,"371":25,"372":25,"373":25,"374":25,"375":25,"376":25,"377":25,"378":25,"379":25,"380":25,"381":25,"382":25,"383":25,"384":25,"385":25,"386":25,"387":25,"388":25,"389":25,"390":25,"391":25,"392":25,"393":25,"394":25,"395":25,"396":67,"397":67,"398":0},"f":{"0":25,"1":180,"2":188,"3":88,"4":25,"5":46,"6":46,"7":41,"8":25,"9":25,"10":25,"11":25,"12":25,"13":25,"14":25,"15":67,"16":0},"b":{"0":[46,4],"1":[20,5],"2":[2,23],"3":[0,2],"4":[46,42],"5":[46,41],"6":[41,5],"7":[46,42],"8":[42,4],"9":[21,4],"10":[21,4],"11":[21,25],"12":[21,4],"13":[21,4],"14":[2,23],"15":[2,23],"16":[2,23]}}
,"/Users/junmengye/make-real/src/utils/export/zipBundler.ts": {"path":"/Users/junmengye/make-real/src/utils/export/zipBundler.ts","statementMap":{"0":{"start":{"line":11,"column":0},"end":{"line":11,"column":7}},"1":{"start":{"line":1,"column":0},"end":{"line":1,"column":26}},"2":{"start":{"line":15,"column":2},"end":{"line":41,"column":3}},"3":{"start":{"line":17,"column":16},"end":{"line":17,"column":27}},"4":{"start":{"line":20,"column":4},"end":{"line":22,"column":5}},"5":{"start":{"line":21,"column":6},"end":{"line":21,"column":30}},"6":{"start":{"line":25,"column":17},"end":{"line":25,"column":58}},"7":{"start":{"line":28,"column":4},"end":{"line":28,"column":36}},"8":{"start":{"line":30,"column":4},"end":{"line":30,"column":92}},"9":{"start":{"line":33,"column":4},"end":{"line":40,"column":5}},"10":{"start":{"line":34,"column":6},"end":{"line":34,"column":45}},"11":{"start":{"line":36,"column":6},"end":{"line":36,"column":69}},"12":{"start":{"line":37,"column":6},"end":{"line":39,"column":8}},"13":{"start":{"line":51,"column":14},"end":{"line":51,"column":39}},"14":{"start":{"line":52,"column":12},"end":{"line":52,"column":39}},"15":{"start":{"line":53,"column":2},"end":{"line":53,"column":15}},"16":{"start":{"line":54,"column":2},"end":{"line":54,"column":24}},"17":{"start":{"line":55,"column":2},"end":{"line":55,"column":12}},"18":{"start":{"line":56,"column":2},"end":{"line":56,"column":27}},"19":{"start":{"line":66,"column":2},"end":{"line":78,"column":3}},"20":{"start":{"line":68,"column":21},"end":{"line":68,"column":38}},"21":{"start":{"line":71,"column":17},"end":{"line":71,"column":56}},"22":{"start":{"line":72,"column":21},"end":{"line":72,"column":52}},"23":{"start":{"line":74,"column":4},"end":{"line":74,"column":33}},"24":{"start":{"line":77,"column":4},"end":{"line":77,"column":59}},"25":{"start":{"line":77,"column":33},"end":{"line":77,"column":57}},"26":{"start":{"line":88,"column":20},"end":{"line":88,"column":60}},"27":{"start":{"line":90,"column":44},"end":{"line":99,"column":4}},"28":{"start":{"line":101,"column":2},"end":{"line":101,"column":52}}},"fnMap":{"0":{"name":"bundleAndDownload","decl":{"start":{"line":11,"column":22},"end":{"line":11,"column":39}},"loc":{"start":{"line":13,"column":21},"end":{"line":42,"column":1}}},"1":{"name":"downloadBlob","decl":{"start":{"line":50,"column":9},"end":{"line":50,"column":21}},"loc":{"start":{"line":50,"column":50},"end":{"line":57,"column":1}}},"2":{"name":"downloadFilesIndividually","decl":{"start":{"line":65,"column":15},"end":{"line":65,"column":40}},"loc":{"start":{"line":65,"column":67},"end":{"line":79,"column":1}}},"3":{"name":"(anonymous_4)","decl":{"start":{"line":77,"column":22},"end":{"line":77,"column":29}},"loc":{"start":{"line":77,"column":33},"end":{"line":77,"column":57}}},"4":{"name":"getMimeType","decl":{"start":{"line":87,"column":9},"end":{"line":87,"column":20}},"loc":{"start":{"line":87,"column":37},"end":{"line":102,"column":1}}}},"branchMap":{"0":{"loc":{"start":{"line":72,"column":21},"end":{"line":72,"column":52}},"type":"binary-expr","locations":[{"start":{"line":72,"column":21},"end":{"line":72,"column":42}},{"start":{"line":72,"column":46},"end":{"line":72,"column":52}}]},"1":{"loc":{"start":{"line":101,"column":9},"end":{"line":101,"column":51}},"type":"binary-expr","locations":[{"start":{"line":101,"column":9},"end":{"line":101,"column":35}},{"start":{"line":101,"column":39},"end":{"line":101,"column":51}}]},"2":{"loc":{"start":{"line":101,"column":19},"end":{"line":101,"column":34}},"type":"binary-expr","locations":[{"start":{"line":101,"column":19},"end":{"line":101,"column":28}},{"start":{"line":101,"column":32},"end":{"line":101,"column":34}}]}},"s":{"0":4,"1":4,"2":6,"3":6,"4":6,"5":15,"6":6,"7":2,"8":4,"9":4,"10":4,"11":1,"12":1,"13":14,"14":13,"15":13,"16":13,"17":13,"18":13,"19":4,"20":12,"21":12,"22":12,"23":12,"24":11,"25":11,"26":12,"27":12,"28":12},"f":{"0":6,"1":14,"2":4,"3":11,"4":12},"b":{"0":[12,0],"1":[12,0],"2":[12,0]}}
}
