TN:
SF:src/components/canvas/ExportDialog.tsx
FN:40,(anonymous_0)
FN:51,(anonymous_1)
FN:59,(anonymous_2)
FN:93,(anonymous_3)
FN:130,(anonymous_4)
FN:173,(anonymous_5)
FN:185,(anonymous_6)
FN:188,(anonymous_7)
FN:335,(anonymous_8)
FN:360,(anonymous_9)
FN:365,(anonymous_10)
FN:377,(anonymous_11)
FN:445,inferAppNameFromCanvas
FN:447,(anonymous_13)
FN:489,sanitizeAppName
FNF:15
FNH:11
FNDA:52,(anonymous_0)
FNDA:20,(anonymous_1)
FNDA:5,(anonymous_2)
FNDA:2,(anonymous_3)
FNDA:8,(anonymous_4)
FNDA:3,(anonymous_5)
FNDA:0,(anonymous_6)
FNDA:0,(anonymous_7)
FNDA:153,(anonymous_8)
FNDA:0,(anonymous_9)
FNDA:0,(anonymous_10)
FNDA:2,(anonymous_11)
FNDA:19,inferAppNameFromCanvas
FNDA:19,(anonymous_13)
FNDA:18,sanitizeAppName
DA:11,1
DA:14,1
DA:40,1
DA:45,52
DA:46,52
DA:47,52
DA:48,52
DA:51,52
DA:52,20
DA:53,19
DA:54,19
DA:55,19
DA:59,52
DA:60,5
DA:61,0
DA:62,0
DA:65,5
DA:66,0
DA:67,0
DA:70,5
DA:71,5
DA:73,5
DA:74,5
DA:79,5
DA:82,3
DA:84,1
DA:87,1
DA:89,4
DA:93,52
DA:94,2
DA:95,1
DA:96,1
DA:97,1
DA:101,52
DA:102,1
DA:105,51
DA:130,8
DA:173,3
DA:186,0
DA:189,0
DA:335,1
DA:345,153
DA:361,0
DA:362,0
DA:366,0
DA:367,0
DA:377,2
DA:446,19
DA:447,19
DA:449,19
DA:450,0
DA:454,19
DA:455,19
DA:458,19
DA:459,19
DA:460,17
DA:464,2
DA:465,2
DA:466,1
DA:470,1
DA:471,1
DA:472,0
DA:475,1
DA:476,1
DA:477,0
DA:480,1
DA:490,18
LF:67
LH:54
BRDA:52,0,0,19
BRDA:52,0,1,1
BRDA:52,1,0,20
BRDA:52,1,1,19
BRDA:60,2,0,0
BRDA:60,2,1,5
BRDA:65,3,0,0
BRDA:65,3,1,5
BRDA:84,4,0,1
BRDA:84,4,1,0
BRDA:94,5,0,1
BRDA:94,5,1,1
BRDA:94,6,0,2
BRDA:94,6,1,1
BRDA:96,7,0,1
BRDA:96,7,1,0
BRDA:101,8,0,1
BRDA:101,8,1,51
BRDA:244,9,0,51
BRDA:244,9,1,1
BRDA:279,10,0,5
BRDA:279,10,1,46
BRDA:280,11,0,5
BRDA:280,11,1,46
BRDA:288,12,0,51
BRDA:288,12,1,46
BRDA:291,13,0,6
BRDA:291,13,1,45
BRDA:291,14,0,51
BRDA:291,14,1,46
BRDA:297,15,0,6
BRDA:297,15,1,45
BRDA:297,16,0,51
BRDA:297,16,1,46
BRDA:303,17,0,5
BRDA:303,17,1,46
BRDA:353,18,0,51
BRDA:353,18,1,102
BRDA:355,19,0,15
BRDA:355,19,1,138
BRDA:356,20,0,51
BRDA:356,20,1,102
BRDA:358,21,0,15
BRDA:358,21,1,138
BRDA:361,22,0,0
BRDA:361,22,1,0
BRDA:361,23,0,0
BRDA:361,23,1,0
BRDA:366,24,0,0
BRDA:366,24,1,0
BRDA:366,25,0,0
BRDA:366,25,1,0
BRDA:382,26,0,15
BRDA:382,26,1,138
BRDA:403,27,0,153
BRDA:403,27,1,51
BRDA:449,28,0,0
BRDA:449,28,1,19
BRDA:455,29,0,19
BRDA:455,29,1,0
BRDA:459,30,0,17
BRDA:459,30,1,2
BRDA:459,31,0,19
BRDA:459,31,1,17
BRDA:465,32,0,1
BRDA:465,32,1,1
BRDA:465,33,0,2
BRDA:465,33,1,1
BRDA:471,34,0,0
BRDA:471,34,1,1
BRDA:471,35,0,1
BRDA:471,35,1,0
BRDA:476,36,0,0
BRDA:476,36,1,1
BRDA:476,37,0,1
BRDA:476,37,1,0
BRDA:490,38,0,18
BRDA:490,38,1,0
BRF:78
BRH:59
end_of_record
TN:
SF:src/utils/export/cssExtractor.ts
FN:22,extractSharedCSS
FN:39,(anonymous_1)
FN:41,(anonymous_2)
FN:54,(anonymous_3)
FN:59,(anonymous_4)
FN:74,(anonymous_5)
FN:92,splitCSSRules
FN:100,(anonymous_7)
FN:101,(anonymous_8)
FN:102,(anonymous_9)
FN:105,(anonymous_10)
FN:116,normalizeRule
FNF:12
FNH:12
FNDA:14,extractSharedCSS
FNDA:26,(anonymous_1)
FNDA:49,(anonymous_2)
FNDA:26,(anonymous_3)
FNDA:33,(anonymous_4)
FNDA:26,(anonymous_5)
FNDA:26,splitCSSRules
FNDA:76,(anonymous_7)
FNDA:76,(anonymous_8)
FNDA:49,(anonymous_9)
FNDA:49,(anonymous_10)
FNDA:49,normalizeRule
DA:22,4
DA:24,14
DA:25,2
DA:26,2
DA:27,1
DA:29,2
DA:36,12
DA:39,12
DA:40,26
DA:41,26
DA:42,49
DA:43,33
DA:45,49
DA:50,12
DA:51,12
DA:54,12
DA:55,26
DA:59,12
DA:60,33
DA:62,13
DA:65,20
DA:66,20
DA:71,12
DA:72,12
DA:74,12
DA:75,26
DA:76,26
DA:79,12
DA:93,26
DA:94,1
DA:98,25
DA:100,76
DA:101,76
DA:102,49
DA:105,49
DA:117,49
LF:36
LH:36
BRDA:24,0,0,2
BRDA:24,0,1,12
BRDA:26,1,0,1
BRDA:26,1,1,1
BRDA:42,2,0,33
BRDA:42,2,1,16
BRDA:60,3,0,13
BRDA:60,3,1,20
BRDA:75,4,0,26
BRDA:75,4,1,0
BRDA:93,5,0,1
BRDA:93,5,1,25
BRDA:93,6,0,26
BRDA:93,6,1,25
BRF:14
BRH:13
end_of_record
TN:
SF:src/utils/export/designSystemResolver.ts
FN:35,resolveDesignSystemDeps
FN:60,(anonymous_1)
FNF:2
FNH:2
FNDA:24,resolveDesignSystemDeps
FNDA:250,(anonymous_1)
DA:9,4
DA:35,4
DA:38,24
DA:39,24
DA:41,24
DA:43,136
DA:44,6
DA:47,130
DA:49,130
DA:52,129
DA:53,0
DA:57,129
DA:60,129
DA:62,250
DA:63,7
DA:66,243
DA:72,1
DA:73,1
DA:77,24
LF:19
LH:18
BRDA:43,0,0,6
BRDA:43,0,1,130
BRDA:43,1,0,136
BRDA:43,1,1,133
BRDA:52,2,0,0
BRDA:52,2,1,129
BRDA:62,3,0,7
BRDA:62,3,1,243
BRDA:62,4,0,250
BRDA:62,4,1,243
BRF:10
BRH:9
end_of_record
TN:
SF:src/utils/export/exportPipeline.ts
FN:65,exportProject
FN:85,(anonymous_1)
FN:116,(anonymous_2)
FN:117,(anonymous_3)
FN:208,findShapeByPageName
FN:255,sanitizeFileName
FNF:6
FNH:6
FNDA:15,exportProject
FNDA:16,(anonymous_1)
FNDA:14,(anonymous_2)
FNDA:14,(anonymous_3)
FNDA:16,findShapeByPageName
FNDA:11,sanitizeFileName
DA:21,2
DA:22,2
DA:23,2
DA:24,2
DA:25,2
DA:26,2
DA:27,2
DA:28,2
DA:29,2
DA:30,2
DA:65,2
DA:69,15
DA:71,15
DA:73,15
DA:74,15
DA:77,15
DA:78,1
DA:79,1
DA:80,1
DA:81,1
DA:84,14
DA:85,16
DA:88,14
DA:89,14
DA:91,14
DA:93,16
DA:94,16
DA:95,16
DA:98,16
DA:101,16
DA:107,14
DA:110,14
DA:111,14
DA:112,12
DA:115,12
DA:116,14
DA:117,14
DA:121,12
DA:124,12
DA:125,12
DA:126,12
DA:129,12
DA:130,12
DA:131,12
DA:134,12
DA:137,12
DA:139,7
DA:147,7
DA:150,2
DA:158,2
DA:161,2
DA:169,2
DA:172,1
DA:175,11
DA:178,11
DA:179,11
DA:180,11
DA:182,11
DA:184,3
DA:187,3
DA:191,3
DA:194,3
DA:212,16
DA:214,16
DA:215,2
DA:217,2
DA:218,2
DA:222,2
DA:223,2
DA:225,2
DA:226,2
DA:227,2
DA:230,2
DA:231,2
DA:236,0
DA:238,0
DA:239,0
DA:241,0
DA:246,14
DA:256,11
LF:80
LH:76
BRDA:77,0,0,1
BRDA:77,0,1,14
BRDA:94,1,0,16
BRDA:94,1,1,14
BRDA:137,2,0,7
BRDA:137,2,1,2
BRDA:137,2,2,2
BRDA:137,2,3,1
BRDA:187,3,0,2
BRDA:187,3,1,1
BRDA:215,4,0,0
BRDA:215,4,1,2
BRDA:225,5,0,2
BRDA:225,5,1,0
BRDA:226,6,0,2
BRDA:226,6,1,0
BRDA:230,7,0,2
BRDA:230,7,1,0
BRDA:230,8,0,2
BRDA:230,8,1,0
BRDA:239,9,0,0
BRDA:239,9,1,0
BRDA:256,10,0,11
BRDA:256,10,1,1
BRF:24
BRH:17
end_of_record
TN:
SF:src/utils/export/index.ts
FN:11,(anonymous_0)
FN:14,(anonymous_1)
FN:15,(anonymous_2)
FN:16,(anonymous_3)
FN:17,(anonymous_4)
FN:18,(anonymous_5)
FN:19,(anonymous_6)
FN:22,(anonymous_7)
FN:23,(anonymous_8)
FN:24,(anonymous_9)
FN:27,(anonymous_10)
FNF:11
FNH:11
FNDA:9,(anonymous_0)
FNDA:4,(anonymous_1)
FNDA:4,(anonymous_2)
FNDA:4,(anonymous_3)
FNDA:4,(anonymous_4)
FNDA:4,(anonymous_5)
FNDA:4,(anonymous_6)
FNDA:4,(anonymous_7)
FNDA:4,(anonymous_8)
FNDA:4,(anonymous_9)
FNDA:4,(anonymous_10)
DA:11,11
DA:14,6
DA:15,6
DA:16,6
DA:17,6
DA:18,6
DA:19,6
DA:22,6
DA:23,6
DA:24,6
DA:27,6
LF:11
LH:11
BRF:0
BRH:0
end_of_record
TN:
SF:src/utils/export/linkConverter.ts
FN:41,stripOldLinkHandlerScripts
FN:53,(anonymous_1)
FN:115,convertLinks
FN:132,(anonymous_3)
FN:152,(anonymous_4)
FN:163,(anonymous_5)
FN:189,(anonymous_6)
FN:208,(anonymous_7)
FNF:8
FNH:8
FNDA:26,stripOldLinkHandlerScripts
FNDA:1,(anonymous_1)
FNDA:26,convertLinks
FNDA:21,(anonymous_3)
FNDA:1,(anonymous_4)
FNDA:2,(anonymous_5)
FNDA:5,(anonymous_6)
FNDA:5,(anonymous_7)
DA:46,26
DA:53,26
DA:55,1
DA:57,1
DA:64,26
DA:69,26
DA:115,4
DA:121,26
DA:124,26
DA:127,26
DA:130,20
DA:134,21
DA:137,15
DA:138,14
DA:140,1
DA:144,6
DA:146,6
DA:149,6
DA:150,1
DA:152,1
DA:155,5
DA:159,6
DA:160,6
DA:161,2
DA:164,2
DA:165,2
DA:166,2
DA:170,4
DA:174,6
DA:175,6
DA:178,6
DA:180,0
DA:184,6
DA:187,3
DA:190,5
DA:192,3
DA:193,3
DA:197,2
DA:198,2
DA:201,0
DA:204,3
DA:206,3
DA:209,5
DA:211,3
DA:212,3
DA:216,2
DA:217,2
DA:220,0
DA:225,26
LF:49
LH:46
BRDA:127,0,0,20
BRDA:127,0,1,6
BRDA:134,1,0,15
BRDA:134,1,1,6
BRDA:137,2,0,14
BRDA:137,2,1,1
BRDA:144,3,0,6
BRDA:144,3,1,0
BRDA:149,4,0,1
BRDA:149,4,1,5
BRDA:160,5,0,2
BRDA:160,5,1,4
BRDA:165,6,0,1
BRDA:165,6,1,1
BRDA:165,7,0,2
BRDA:165,7,1,2
BRDA:174,8,0,6
BRDA:174,8,1,0
BRDA:184,9,0,3
BRDA:184,9,1,3
BRDA:190,10,0,3
BRDA:190,10,1,2
BRDA:192,11,0,3
BRDA:192,11,1,0
BRDA:197,12,0,2
BRDA:197,12,1,0
BRDA:204,13,0,3
BRDA:204,13,1,0
BRDA:209,14,0,3
BRDA:209,14,1,2
BRDA:211,15,0,3
BRDA:211,15,1,0
BRDA:216,16,0,2
BRDA:216,16,1,0
BRF:34
BRH:27
end_of_record
TN:
SF:src/utils/export/mockDataGenerator.ts
FN:25,generateMockData
FN:93,extractFetchCalls
FN:144,extractXHRCalls
FN:178,extractPathFromUrl
FN:220,generateMockDataForPath
FN:282,generateUserList
FN:316,generateSingleUser
FN:331,generateProductList
FN:368,generateSingleProduct
FN:385,generateCart
FN:414,generateOrderList
FN:441,generateSingleOrder
FN:475,generatePostList
FN:506,generateSinglePost
FN:523,generateCommentList
FN:554,generateInterceptorScript
FN:556,(anonymous_16)
FNF:17
FNH:14
FNDA:39,generateMockData
FNDA:39,extractFetchCalls
FNDA:39,extractXHRCalls
FNDA:45,extractPathFromUrl
FNDA:88,generateMockDataForPath
FNDA:40,generateUserList
FNDA:2,generateSingleUser
FNDA:14,generateProductList
FNDA:0,generateSingleProduct
FNDA:6,generateCart
FNDA:2,generateOrderList
FNDA:0,generateSingleOrder
FNDA:2,generatePostList
FNDA:0,generateSinglePost
FNDA:2,generateCommentList
FNDA:36,generateInterceptorScript
FNDA:43,(anonymous_16)
DA:25,4
DA:26,39
DA:27,39
DA:30,39
DA:31,40
DA:34,39
DA:35,39
DA:36,41
DA:37,41
DA:38,39
DA:39,39
DA:44,39
DA:45,39
DA:46,4
DA:47,4
DA:48,4
DA:49,4
DA:55,39
DA:56,3
DA:64,36
DA:65,36
DA:66,43
DA:67,43
DA:68,43
DA:72,36
DA:74,36
DA:94,39
DA:98,39
DA:101,39
DA:102,41
DA:103,41
DA:107,41
DA:108,41
DA:112,41
DA:115,41
DA:117,8
DA:118,8
DA:119,8
DA:124,41
DA:125,41
DA:126,41
DA:127,41
DA:131,39
DA:145,39
DA:148,39
DA:151,39
DA:152,4
DA:153,4
DA:156,4
DA:157,4
DA:158,4
DA:159,4
DA:163,39
DA:179,45
DA:181,45
DA:184,45
DA:185,1
DA:186,1
DA:190,45
DA:191,1
DA:194,45
DA:197,0
DA:198,0
DA:199,0
DA:201,0
DA:221,88
DA:224,88
DA:225,18
DA:233,70
DA:235,42
DA:236,2
DA:238,40
DA:241,28
DA:242,14
DA:243,0
DA:245,14
DA:248,14
DA:249,6
DA:252,8
DA:253,2
DA:254,0
DA:256,2
DA:259,6
DA:260,2
DA:261,0
DA:263,2
DA:266,4
DA:267,2
DA:271,2
DA:283,40
DA:317,2
DA:332,14
DA:369,0
DA:386,6
DA:415,2
DA:442,0
DA:476,2
DA:507,0
DA:524,2
DA:556,36
DA:557,43
DA:558,43
DA:561,36
LF:103
LH:93
BRDA:31,0,0,1
BRDA:31,0,1,39
BRDA:37,1,0,39
BRDA:37,1,1,2
BRDA:47,2,0,4
BRDA:47,2,1,0
BRDA:55,3,0,3
BRDA:55,3,1,36
BRDA:115,4,0,8
BRDA:115,4,1,33
BRDA:118,5,0,8
BRDA:118,5,1,0
BRDA:125,6,0,41
BRDA:125,6,1,0
BRDA:157,7,0,4
BRDA:157,7,1,0
BRDA:184,8,0,1
BRDA:184,8,1,44
BRDA:184,9,0,45
BRDA:184,9,1,45
BRDA:190,10,0,1
BRDA:190,10,1,44
BRDA:198,11,0,0
BRDA:198,11,1,0
BRDA:224,12,0,18
BRDA:224,12,1,70
BRDA:224,13,0,88
BRDA:224,13,1,76
BRDA:224,13,2,72
BRDA:233,14,0,42
BRDA:233,14,1,28
BRDA:235,15,0,2
BRDA:235,15,1,40
BRDA:235,16,0,42
BRDA:235,16,1,40
BRDA:241,17,0,14
BRDA:241,17,1,14
BRDA:242,18,0,0
BRDA:242,18,1,14
BRDA:248,19,0,6
BRDA:248,19,1,8
BRDA:252,20,0,2
BRDA:252,20,1,6
BRDA:253,21,0,0
BRDA:253,21,1,2
BRDA:259,22,0,2
BRDA:259,22,1,4
BRDA:259,23,0,6
BRDA:259,23,1,4
BRDA:259,23,2,4
BRDA:260,24,0,0
BRDA:260,24,1,2
BRDA:266,25,0,2
BRDA:266,25,1,2
BRF:54
BRH:45
end_of_record
TN:
SF:src/utils/export/overrideApplier.ts
FN:51,applyOverrides
FN:100,(anonymous_1)
FNF:2
FNH:2
FNDA:12,applyOverrides
FNDA:2,(anonymous_1)
DA:51,4
DA:56,12
DA:57,1
DA:66,11
DA:67,11
DA:70,11
DA:71,11
DA:74,11
DA:75,13
DA:77,13
DA:79,13
DA:81,2
DA:84,2
DA:85,2
DA:91,11
DA:92,8
DA:96,11
DA:97,2
DA:98,2
DA:100,4
DA:101,2
DA:103,4
DA:108,11
DA:109,1
DA:113,11
DA:114,2
DA:115,4
DA:119,11
DA:122,0
DA:126,0
DA:131,11
DA:136,11
DA:137,11
DA:140,11
LF:34
LH:32
BRDA:56,0,0,1
BRDA:56,0,1,11
BRDA:56,1,0,12
BRDA:56,1,1,12
BRDA:79,2,0,2
BRDA:79,2,1,11
BRDA:91,3,0,8
BRDA:91,3,1,3
BRDA:96,4,0,2
BRDA:96,4,1,9
BRDA:108,5,0,1
BRDA:108,5,1,10
BRDA:113,6,0,2
BRDA:113,6,1,9
BRF:14
BRH:14
end_of_record
TN:
SF:src/utils/export/reactConverter.ts
FN:44,assembleReactProject
FN:119,toComponentName
FN:122,(anonymous_2)
FN:134,toRoutePath
FN:147,generatePackageJson
FN:191,generatePageComponent
FN:220,(anonymous_6)
FN:241,(anonymous_7)
FN:257,(anonymous_8)
FN:280,generateAppComponent
FN:345,generateIndexEntry
FN:369,generatePublicIndexHtml
FN:420,generateReadme
FN:579,generateGitignore
FN:618,escapeHtml
FN:626,(anonymous_15)
FNF:16
FNH:15
FNDA:35,assembleReactProject
FNDA:247,toComponentName
FNDA:255,(anonymous_2)
FNDA:121,toRoutePath
FNDA:35,generatePackageJson
FNDA:63,generatePageComponent
FNDA:57,(anonymous_6)
FNDA:57,(anonymous_7)
FNDA:63,(anonymous_8)
FNDA:35,generateAppComponent
FNDA:35,generateIndexEntry
FNDA:35,generatePublicIndexHtml
FNDA:35,generateReadme
FNDA:35,generateGitignore
FNDA:103,escapeHtml
FNDA:0,(anonymous_15)
DA:44,4
DA:52,35
DA:55,35
DA:56,35
DA:59,35
DA:60,63
DA:61,63
DA:66,63
DA:70,35
DA:71,35
DA:74,35
DA:75,35
DA:78,35
DA:79,28
DA:83,35
DA:84,35
DA:87,35
DA:89,2
DA:92,2
DA:94,2
DA:97,2
DA:102,35
DA:103,35
DA:106,35
DA:107,35
DA:109,35
DA:120,247
DA:122,255
DA:135,121
DA:136,63
DA:138,58
DA:148,35
DA:150,35
DA:177,35
DA:196,63
DA:197,63
DA:199,63
DA:202,63
DA:203,57
DA:205,6
DA:207,63
DA:210,63
DA:213,63
DA:214,57
DA:215,57
DA:216,57
DA:218,57
DA:220,57
DA:222,57
DA:223,57
DA:224,57
DA:225,57
DA:226,57
DA:227,57
DA:231,63
DA:232,63
DA:235,63
DA:236,57
DA:237,57
DA:239,57
DA:241,57
DA:243,57
DA:244,57
DA:245,57
DA:249,63
DA:250,63
DA:251,63
DA:253,63
DA:255,63
DA:257,63
DA:259,63
DA:260,63
DA:261,63
DA:262,63
DA:263,63
DA:264,63
DA:265,63
DA:266,63
DA:269,63
DA:271,63
DA:283,35
DA:286,35
DA:287,35
DA:290,35
DA:291,63
DA:292,63
DA:296,35
DA:297,35
DA:300,35
DA:301,35
DA:302,35
DA:303,35
DA:306,35
DA:307,29
DA:308,29
DA:309,29
DA:310,58
DA:311,58
DA:312,58
DA:313,58
DA:314,58
DA:316,29
DA:317,29
DA:318,29
DA:322,35
DA:323,35
DA:324,63
DA:325,63
DA:326,63
DA:327,63
DA:329,35
DA:330,35
DA:331,35
DA:332,35
DA:333,35
DA:334,35
DA:335,35
DA:337,35
DA:346,35
DA:348,35
DA:349,35
DA:350,35
DA:351,35
DA:352,35
DA:353,35
DA:354,35
DA:355,35
DA:356,35
DA:357,35
DA:359,35
DA:373,35
DA:375,35
DA:376,35
DA:377,35
DA:378,35
DA:379,35
DA:380,35
DA:381,35
DA:382,35
DA:383,35
DA:386,35
DA:387,34
DA:388,34
DA:389,34
DA:391,34
DA:395,35
DA:396,34
DA:397,34
DA:398,34
DA:400,34
DA:403,35
DA:404,35
DA:405,35
DA:406,35
DA:407,35
DA:408,35
DA:410,35
DA:421,35
DA:423,35
DA:424,35
DA:425,35
DA:426,35
DA:429,35
DA:430,35
DA:431,35
DA:432,35
DA:433,35
DA:434,35
DA:435,35
DA:436,35
DA:437,2
DA:438,2
DA:439,2
DA:441,35
DA:442,35
DA:443,35
DA:444,35
DA:445,35
DA:446,35
DA:447,35
DA:448,35
DA:449,35
DA:452,35
DA:453,35
DA:454,35
DA:455,35
DA:456,35
DA:457,35
DA:458,35
DA:459,35
DA:460,35
DA:461,35
DA:462,35
DA:463,35
DA:466,35
DA:467,35
DA:468,35
DA:469,35
DA:470,35
DA:471,35
DA:472,35
DA:473,35
DA:474,35
DA:475,35
DA:476,35
DA:477,35
DA:478,35
DA:479,35
DA:480,35
DA:481,35
DA:484,35
DA:485,35
DA:486,35
DA:487,35
DA:488,35
DA:489,35
DA:490,35
DA:491,35
DA:492,35
DA:493,35
DA:494,35
DA:495,35
DA:496,35
DA:497,35
DA:500,35
DA:501,35
DA:502,35
DA:503,35
DA:504,35
DA:505,35
DA:506,35
DA:507,35
DA:509,35
DA:510,35
DA:511,35
DA:512,35
DA:513,35
DA:514,35
DA:515,35
DA:516,35
DA:517,35
DA:518,35
DA:520,35
DA:521,35
DA:522,35
DA:523,35
DA:524,35
DA:525,35
DA:526,35
DA:527,35
DA:528,35
DA:529,35
DA:530,35
DA:531,35
DA:532,35
DA:535,35
DA:536,2
DA:537,2
DA:538,2
DA:539,2
DA:540,2
DA:541,2
DA:542,2
DA:543,2
DA:547,35
DA:548,35
DA:549,35
DA:550,35
DA:551,35
DA:552,35
DA:553,35
DA:554,35
DA:555,2
DA:557,35
DA:560,35
DA:561,35
DA:562,35
DA:563,35
DA:564,35
DA:565,35
DA:567,35
DA:568,35
DA:569,35
DA:571,35
DA:580,35
DA:582,35
DA:583,35
DA:584,35
DA:585,35
DA:586,35
DA:587,35
DA:588,35
DA:589,35
DA:590,35
DA:591,35
DA:592,35
DA:593,35
DA:594,35
DA:595,35
DA:596,35
DA:597,35
DA:598,35
DA:599,35
DA:600,35
DA:601,35
DA:602,35
DA:603,35
DA:604,35
DA:605,35
DA:606,35
DA:607,35
DA:609,35
DA:619,103
DA:626,103
LF:314
LH:314
BRDA:64,0,0,63
BRDA:64,0,1,6
BRDA:78,1,0,28
BRDA:78,1,1,7
BRDA:87,2,0,2
BRDA:87,2,1,33
BRDA:94,3,0,2
BRDA:94,3,1,0
BRDA:135,4,0,63
BRDA:135,4,1,58
BRDA:196,5,0,63
BRDA:196,5,1,57
BRDA:197,6,0,63
BRDA:197,6,1,57
BRDA:202,7,0,57
BRDA:202,7,1,6
BRDA:213,8,0,57
BRDA:213,8,1,6
BRDA:235,9,0,57
BRDA:235,9,1,6
BRDA:306,10,0,29
BRDA:306,10,1,6
BRDA:386,11,0,34
BRDA:386,11,1,1
BRDA:395,12,0,34
BRDA:395,12,1,1
BRDA:436,13,0,2
BRDA:436,13,1,33
BRDA:535,14,0,2
BRDA:535,14,1,33
BRDA:554,15,0,2
BRDA:554,15,1,33
BRF:32
BRH:31
end_of_record
TN:
SF:src/utils/export/routerScript.ts
FN:23,generateRouterScript
FNF:1
FNH:1
FNDA:25,generateRouterScript
DA:23,5
DA:28,25
DA:29,1
DA:32,24
DA:33,2
DA:37,22
LF:6
LH:6
BRDA:28,0,0,1
BRDA:28,0,1,24
BRDA:28,1,0,25
BRDA:28,1,1,25
BRDA:32,2,0,2
BRDA:32,2,1,22
BRDA:32,3,0,24
BRDA:32,3,1,23
BRF:8
BRH:8
end_of_record
TN:
SF:src/utils/export/staticAssembler.ts
FN:39,assembleStaticProject
FN:102,generateIndexHtml
FN:148,buildHeadSection
FN:195,buildSinglePageBody
FN:238,buildMultiPageBody
FN:249,(anonymous_5)
FN:276,(anonymous_6)
FN:290,(anonymous_7)
FN:310,generateReadme
FN:455,escapeHtml
FN:463,(anonymous_10)
FN:473,indentText
FN:477,(anonymous_12)
FNF:13
FNH:13
FNDA:11,assembleStaticProject
FNDA:11,generateIndexHtml
FNDA:11,buildHeadSection
FNDA:9,buildSinglePageBody
FNDA:2,buildMultiPageBody
FNDA:2,(anonymous_5)
FNDA:3,(anonymous_6)
FNDA:4,(anonymous_7)
FNDA:11,generateReadme
FNDA:17,escapeHtml
FNDA:6,(anonymous_10)
FNDA:24,indentText
FNDA:155,(anonymous_12)
DA:11,4
DA:39,4
DA:47,11
DA:50,11
DA:53,11
DA:62,11
DA:65,11
DA:66,1
DA:70,11
DA:72,2
DA:75,2
DA:76,2
DA:81,11
DA:82,11
DA:84,11
DA:112,11
DA:115,11
DA:124,11
DA:126,9
DA:129,2
DA:132,11
DA:154,11
DA:156,11
DA:157,11
DA:158,11
DA:159,11
DA:162,11
DA:163,1
DA:167,11
DA:168,1
DA:172,11
DA:173,1
DA:177,11
DA:178,2
DA:181,11
DA:183,11
DA:199,9
DA:201,9
DA:204,9
DA:205,9
DA:206,2
DA:207,2
DA:208,2
DA:212,9
DA:213,9
DA:214,9
DA:217,9
DA:218,3
DA:219,3
DA:220,3
DA:223,9
DA:225,9
DA:243,2
DA:245,2
DA:248,2
DA:250,2
DA:251,2
DA:256,2
DA:257,1
DA:258,1
DA:259,1
DA:263,2
DA:264,2
DA:265,2
DA:266,4
DA:267,4
DA:269,4
DA:270,4
DA:271,4
DA:272,4
DA:276,3
DA:277,2
DA:278,1
DA:279,1
DA:280,2
DA:281,2
DA:282,2
DA:283,2
DA:286,1
DA:290,4
DA:291,2
DA:292,2
DA:293,2
DA:294,2
DA:295,2
DA:297,2
DA:299,2
DA:315,11
DA:317,11
DA:318,11
DA:319,11
DA:320,11
DA:323,11
DA:324,11
DA:325,11
DA:326,11
DA:327,11
DA:328,11
DA:329,2
DA:331,11
DA:332,11
DA:333,11
DA:334,2
DA:335,2
DA:336,2
DA:338,11
DA:339,11
DA:340,11
DA:343,11
DA:344,11
DA:345,11
DA:346,11
DA:347,11
DA:348,11
DA:349,11
DA:350,11
DA:351,11
DA:352,11
DA:353,11
DA:354,11
DA:355,11
DA:356,11
DA:357,11
DA:358,11
DA:359,11
DA:360,11
DA:361,11
DA:362,11
DA:363,11
DA:365,11
DA:366,11
DA:367,11
DA:368,11
DA:369,11
DA:371,11
DA:372,11
DA:373,11
DA:374,11
DA:375,11
DA:376,11
DA:377,11
DA:378,11
DA:379,11
DA:380,11
DA:382,11
DA:383,11
DA:384,11
DA:385,11
DA:386,11
DA:387,11
DA:388,11
DA:389,11
DA:392,11
DA:393,2
DA:394,2
DA:395,2
DA:396,2
DA:397,2
DA:398,2
DA:399,2
DA:400,2
DA:401,2
DA:405,11
DA:406,2
DA:407,2
DA:408,2
DA:409,2
DA:410,2
DA:411,2
DA:412,2
DA:413,2
DA:417,11
DA:418,11
DA:419,11
DA:420,11
DA:421,11
DA:422,11
DA:423,11
DA:424,2
DA:426,11
DA:427,2
DA:429,11
DA:431,11
DA:432,11
DA:433,11
DA:434,11
DA:435,11
DA:436,11
DA:437,11
DA:438,2
DA:440,11
DA:442,11
DA:443,11
DA:444,11
DA:446,11
DA:456,17
DA:463,17
DA:474,24
DA:475,24
DA:477,155
LF:200
LH:200
BRDA:65,0,0,1
BRDA:65,0,1,10
BRDA:70,1,0,2
BRDA:70,1,1,9
BRDA:124,2,0,9
BRDA:124,2,1,2
BRDA:167,3,0,1
BRDA:167,3,1,10
BRDA:177,4,0,2
BRDA:177,4,1,9
BRDA:205,5,0,2
BRDA:205,5,1,7
BRDA:205,6,0,9
BRDA:205,6,1,2
BRDA:217,7,0,3
BRDA:217,7,1,6
BRDA:217,8,0,9
BRDA:217,8,1,3
BRDA:250,9,0,0
BRDA:250,9,1,2
BRDA:250,10,0,2
BRDA:250,10,1,2
BRDA:256,11,0,1
BRDA:256,11,1,1
BRDA:267,12,0,2
BRDA:267,12,1,2
BRDA:276,13,0,3
BRDA:276,13,1,1
BRDA:277,14,0,1
BRDA:277,14,1,1
BRDA:280,15,0,2
BRDA:280,15,1,0
BRDA:280,16,0,2
BRDA:280,16,1,2
BRDA:328,17,0,2
BRDA:328,17,1,9
BRDA:333,18,0,2
BRDA:333,18,1,9
BRDA:392,19,0,2
BRDA:392,19,1,9
BRDA:405,20,0,2
BRDA:405,20,1,9
BRDA:423,21,0,2
BRDA:423,21,1,9
BRDA:426,22,0,2
BRDA:426,22,1,9
BRDA:437,23,0,2
BRDA:437,23,1,9
BRDA:477,24,0,155
BRDA:477,24,1,0
BRF:50
BRH:47
end_of_record
TN:
SF:src/utils/export/vueConverter.ts
FN:45,assembleVueProject
FN:128,toComponentName
FN:131,(anonymous_2)
FN:143,toRoutePath
FN:156,generatePackageJson
FN:193,generatePageComponent
FN:220,(anonymous_6)
FN:236,(anonymous_7)
FN:266,generateAppComponent
FN:346,generateRouter
FN:390,generateMainEntry
FN:412,generatePublicIndexHtml
FN:461,generateReadme
FN:641,generateGitignore
FN:684,generateViteConfig
FN:713,escapeHtml
FN:721,(anonymous_16)
FNF:17
FNH:16
FNDA:25,assembleVueProject
FNDA:180,toComponentName
FNDA:188,(anonymous_2)
FNDA:88,toRoutePath
FNDA:25,generatePackageJson
FNDA:46,generatePageComponent
FNDA:46,(anonymous_6)
FNDA:41,(anonymous_7)
FNDA:25,generateAppComponent
FNDA:25,generateRouter
FNDA:25,generateMainEntry
FNDA:25,generatePublicIndexHtml
FNDA:25,generateReadme
FNDA:25,generateGitignore
FNDA:25,generateViteConfig
FNDA:67,escapeHtml
FNDA:0,(anonymous_16)
DA:45,4
DA:53,25
DA:56,25
DA:57,25
DA:60,25
DA:61,46
DA:62,46
DA:67,46
DA:71,25
DA:72,25
DA:75,25
DA:76,25
DA:79,25
DA:80,25
DA:83,25
DA:84,20
DA:88,25
DA:89,25
DA:92,25
DA:94,2
DA:97,2
DA:99,2
DA:102,2
DA:107,25
DA:108,25
DA:111,25
DA:112,25
DA:115,25
DA:116,25
DA:118,25
DA:129,180
DA:131,188
DA:144,88
DA:145,46
DA:147,42
DA:157,25
DA:159,25
DA:179,25
DA:198,46
DA:201,46
DA:202,46
DA:203,46
DA:204,46
DA:205,46
DA:206,46
DA:209,46
DA:210,46
DA:211,46
DA:212,46
DA:213,46
DA:214,46
DA:216,46
DA:218,46
DA:220,46
DA:222,46
DA:223,46
DA:224,46
DA:225,46
DA:228,46
DA:229,46
DA:230,41
DA:231,41
DA:232,41
DA:234,41
DA:236,41
DA:238,41
DA:239,41
DA:240,41
DA:241,41
DA:242,41
DA:245,46
DA:246,46
DA:247,46
DA:250,46
DA:251,46
DA:252,42
DA:253,42
DA:254,42
DA:257,46
DA:267,25
DA:270,25
DA:271,25
DA:274,25
DA:275,21
DA:276,21
DA:277,21
DA:278,42
DA:279,42
DA:280,42
DA:281,42
DA:283,21
DA:284,21
DA:288,25
DA:289,25
DA:290,25
DA:291,25
DA:294,25
DA:295,25
DA:296,25
DA:297,25
DA:298,25
DA:299,25
DA:302,25
DA:303,21
DA:304,21
DA:305,21
DA:306,21
DA:307,21
DA:308,21
DA:309,21
DA:310,21
DA:311,21
DA:312,21
DA:313,21
DA:314,21
DA:315,21
DA:316,21
DA:317,21
DA:318,21
DA:319,21
DA:320,21
DA:321,21
DA:322,21
DA:323,21
DA:324,21
DA:325,21
DA:326,21
DA:327,21
DA:328,21
DA:329,21
DA:330,21
DA:331,21
DA:332,21
DA:333,21
DA:334,21
DA:337,25
DA:347,25
DA:349,25
DA:350,25
DA:353,25
DA:354,46
DA:355,46
DA:357,25
DA:360,25
DA:361,25
DA:362,46
DA:363,46
DA:364,46
DA:365,46
DA:366,46
DA:367,46
DA:368,46
DA:369,46
DA:371,25
DA:372,25
DA:375,25
DA:376,25
DA:377,25
DA:378,25
DA:379,25
DA:380,25
DA:382,25
DA:391,25
DA:393,25
DA:394,25
DA:395,25
DA:396,25
DA:397,25
DA:398,25
DA:399,25
DA:400,25
DA:402,25
DA:416,25
DA:418,25
DA:419,25
DA:420,25
DA:421,25
DA:422,25
DA:423,25
DA:424,25
DA:427,25
DA:428,21
DA:429,21
DA:430,21
DA:432,21
DA:436,25
DA:437,21
DA:438,21
DA:439,21
DA:441,21
DA:444,25
DA:445,25
DA:446,25
DA:447,25
DA:448,25
DA:449,25
DA:451,25
DA:462,25
DA:464,25
DA:465,25
DA:466,25
DA:467,25
DA:470,25
DA:471,25
DA:472,25
DA:473,25
DA:474,25
DA:475,25
DA:476,25
DA:477,25
DA:478,25
DA:479,2
DA:480,2
DA:481,2
DA:483,25
DA:484,25
DA:485,25
DA:486,25
DA:487,25
DA:488,25
DA:489,25
DA:490,25
DA:491,25
DA:492,25
DA:495,25
DA:496,25
DA:497,25
DA:498,25
DA:499,25
DA:500,25
DA:501,25
DA:502,25
DA:503,25
DA:504,25
DA:505,25
DA:506,25
DA:509,25
DA:510,25
DA:511,25
DA:512,25
DA:513,25
DA:514,25
DA:515,25
DA:516,25
DA:517,25
DA:518,25
DA:519,25
DA:520,25
DA:521,25
DA:522,25
DA:523,25
DA:524,25
DA:527,25
DA:528,25
DA:529,25
DA:530,25
DA:531,25
DA:532,25
DA:533,25
DA:534,25
DA:535,25
DA:536,25
DA:537,25
DA:538,25
DA:539,25
DA:540,25
DA:543,25
DA:544,25
DA:545,25
DA:546,25
DA:547,25
DA:548,25
DA:549,25
DA:550,25
DA:551,25
DA:552,25
DA:553,25
DA:554,25
DA:557,25
DA:558,25
DA:559,25
DA:560,25
DA:561,25
DA:562,25
DA:563,25
DA:564,25
DA:566,25
DA:567,25
DA:568,25
DA:569,25
DA:570,25
DA:571,25
DA:572,25
DA:573,25
DA:574,25
DA:575,25
DA:577,25
DA:578,25
DA:579,25
DA:580,25
DA:581,25
DA:582,25
DA:583,25
DA:584,25
DA:585,25
DA:586,25
DA:587,25
DA:588,25
DA:589,25
DA:590,25
DA:591,25
DA:592,25
DA:593,25
DA:594,25
DA:597,25
DA:598,2
DA:599,2
DA:600,2
DA:601,2
DA:602,2
DA:603,2
DA:604,2
DA:605,2
DA:609,25
DA:610,25
DA:611,25
DA:612,25
DA:613,25
DA:614,25
DA:615,25
DA:616,25
DA:617,2
DA:619,25
DA:622,25
DA:623,25
DA:624,25
DA:625,25
DA:626,25
DA:627,25
DA:629,25
DA:630,25
DA:631,25
DA:633,25
DA:642,25
DA:644,25
DA:645,25
DA:646,25
DA:647,25
DA:648,25
DA:649,25
DA:650,25
DA:651,25
DA:652,25
DA:653,25
DA:654,25
DA:655,25
DA:656,25
DA:657,25
DA:658,25
DA:659,25
DA:660,25
DA:661,25
DA:662,25
DA:663,25
DA:664,25
DA:665,25
DA:666,25
DA:667,25
DA:668,25
DA:669,25
DA:670,25
DA:671,25
DA:672,25
DA:673,25
DA:674,25
DA:676,25
DA:685,25
DA:687,25
DA:688,25
DA:689,25
DA:690,25
DA:691,25
DA:692,25
DA:693,25
DA:694,25
DA:695,25
DA:696,25
DA:697,25
DA:698,25
DA:699,25
DA:700,25
DA:701,25
DA:702,25
DA:704,25
DA:714,67
DA:721,67
LF:396
LH:396
BRDA:65,0,0,46
BRDA:65,0,1,4
BRDA:83,1,0,20
BRDA:83,1,1,5
BRDA:92,2,0,2
BRDA:92,2,1,23
BRDA:99,3,0,0
BRDA:99,3,1,2
BRDA:144,4,0,46
BRDA:144,4,1,42
BRDA:228,5,0,46
BRDA:228,5,1,41
BRDA:229,6,0,41
BRDA:229,6,1,5
BRDA:250,7,0,46
BRDA:250,7,1,42
BRDA:251,8,0,42
BRDA:251,8,1,4
BRDA:274,9,0,21
BRDA:274,9,1,4
BRDA:302,10,0,21
BRDA:302,10,1,4
BRDA:369,11,0,21
BRDA:369,11,1,25
BRDA:427,12,0,21
BRDA:427,12,1,4
BRDA:436,13,0,21
BRDA:436,13,1,4
BRDA:478,14,0,2
BRDA:478,14,1,23
BRDA:597,15,0,2
BRDA:597,15,1,23
BRDA:616,16,0,2
BRDA:616,16,1,23
BRF:34
BRH:33
end_of_record
TN:
SF:src/utils/export/zipBundler.ts
FN:11,bundleAndDownload
FN:50,downloadBlob
FN:65,downloadFilesIndividually
FN:77,(anonymous_4)
FN:87,getMimeType
FNF:5
FNH:5
FNDA:6,bundleAndDownload
FNDA:14,downloadBlob
FNDA:4,downloadFilesIndividually
FNDA:11,(anonymous_4)
FNDA:12,getMimeType
DA:1,4
DA:11,4
DA:15,6
DA:17,6
DA:20,6
DA:21,15
DA:25,6
DA:28,2
DA:30,4
DA:33,4
DA:34,4
DA:36,1
DA:37,1
DA:51,14
DA:52,13
DA:53,13
DA:54,13
DA:55,13
DA:56,13
DA:66,4
DA:68,12
DA:71,12
DA:72,12
DA:74,12
DA:77,11
DA:88,12
DA:90,12
DA:101,12
LF:28
LH:28
BRDA:72,0,0,12
BRDA:72,0,1,0
BRDA:101,1,0,12
BRDA:101,1,1,0
BRDA:101,2,0,12
BRDA:101,2,1,0
BRF:6
BRH:3
end_of_record
